<?xml version="1.0" encoding="utf-8"?><testsuites name="pytest tests"><testsuite name="pytest" errors="0" failures="0" skipped="0" tests="18" time="3.280" timestamp="2026-03-01T11:39:12.188007+00:00" hostname="agent-env-c4699bee-7edb-4545-9ba8-61504fdda266"><testcase classname="backend.tests.test_loans_features_iteration82.TestTokenRefresh" name="test_refresh_token_returns_new_token" time="0.617" /><testcase classname="backend.tests.test_loans_features_iteration82.TestTokenRefresh" name="test_refresh_token_requires_auth" time="0.102" /><testcase classname="backend.tests.test_loans_features_iteration82.TestLoanExecRole" name="test_loan_exec_login_success" time="0.335" /><testcase classname="backend.tests.test_loans_features_iteration82.TestLoanExecRole" name="test_loan_exec_visible_tabs_only_loans" time="0.331" /><testcase classname="backend.tests.test_loans_features_iteration82.TestLoanExecRole" name="test_loan_exec_role_code" time="0.000" /><testcase classname="backend.tests.test_loans_features_iteration82.TestLoanExecRole" name="test_loan_exec_can_access_auth_me" time="0.442" /><testcase classname="backend.tests.test_loans_features_iteration82.TestBankSeeding" name="test_seed_indian_banks_success" time="0.152" /><testcase classname="backend.tests.test_loans_features_iteration82.TestBankSeeding" name="test_seed_indian_banks_requires_admin" time="0.104" /><testcase classname="backend.tests.test_loans_features_iteration82.TestBanksEndpoint" name="test_get_banks_returns_list" time="0.109" /><testcase classname="backend.tests.test_loans_features_iteration82.TestBanksEndpoint" name="test_get_banks_has_required_fields" time="0.099" /><testcase classname="backend.tests.test_loans_features_iteration82.TestBanksEndpoint" name="test_get_banks_includes_major_banks" time="0.100" /><testcase classname="backend.tests.test_loans_features_iteration82.TestBanksEndpoint" name="test_get_banks_includes_nbfcs" time="0.133" /><testcase classname="backend.tests.test_loans_features_iteration82.TestLoanLeadStats" name="test_get_loan_lead_stats" time="0.135" /><testcase classname="backend.tests.test_loans_features_iteration82.TestLoanLeadStats" name="test_stats_total_matches_sum" time="0.105" /><testcase classname="backend.tests.test_loans_features_iteration82.TestLoanLeadStats" name="test_stats_has_expected_status_keys" time="0.113" /><testcase classname="backend.tests.test_loans_features_iteration82.TestLoanExecCanAccessLoans" name="test_loan_exec_can_get_loan_leads" time="0.110" /><testcase classname="backend.tests.test_loans_features_iteration82.TestLoanExecCanAccessLoans" name="test_loan_exec_can_get_loan_stats" time="0.104" /><testcase classname="backend.tests.test_loans_features_iteration82.TestLoanExecCanAccessLoans" name="test_loan_exec_can_get_banks" time="0.101" /></testsuite></testsuites>