<?xml version="1.0" encoding="utf-8"?><testsuites name="pytest tests"><testsuite name="pytest" errors="0" failures="0" skipped="0" tests="15" time="10.350" timestamp="2026-02-18T05:34:54.580145+00:00" hostname="agent-env-55fc18f1-6799-442a-b745-fc3b0ea3759a"><testcase classname="tests.test_offers_packages.TestOffersCRUD" name="test_get_offers_list" time="1.825" /><testcase classname="tests.test_offers_packages.TestOffersCRUD" name="test_create_offer" time="0.534" /><testcase classname="tests.test_offers_packages.TestOffersCRUD" name="test_create_offer_with_fixed_discount" time="0.463" /><testcase classname="tests.test_offers_packages.TestOffersCRUD" name="test_update_offer" time="0.533" /><testcase classname="tests.test_offers_packages.TestOffersCRUD" name="test_toggle_offer_status" time="0.645" /><testcase classname="tests.test_offers_packages.TestOffersCRUD" name="test_delete_offer" time="0.532" /><testcase classname="tests.test_offers_packages.TestOffersCRUD" name="test_get_active_offers" time="0.409" /><testcase classname="tests.test_offers_packages.TestPackageEnhancements" name="test_create_package_with_partial_payment" time="0.552" /><testcase classname="tests.test_offers_packages.TestPackageEnhancements" name="test_create_package_with_fixed_partial_payment" time="0.649" /><testcase classname="tests.test_offers_packages.TestPackageEnhancements" name="test_create_package_with_discount" time="0.470" /><testcase classname="tests.test_offers_packages.TestPackageEnhancements" name="test_create_package_with_offers" time="0.721" /><testcase classname="tests.test_offers_packages.TestPackageEnhancements" name="test_create_package_with_all_features" time="0.650" /><testcase classname="tests.test_offers_packages.TestPackageEnhancements" name="test_update_package_partial_payment" time="0.564" /><testcase classname="tests.test_offers_packages.TestExistingOfferValidation" name="test_christmas_offer_exists" time="0.456" /><testcase classname="tests.test_offers_packages" name="test_cleanup_test_data" time="1.225" /></testsuite></testsuites>