<?xml version="1.0" encoding="utf-8"?><testsuites name="pytest tests"><testsuite name="pytest" errors="0" failures="0" skipped="0" tests="14" time="9.252" timestamp="2026-03-07T16:06:20.154086+00:00" hostname="agent-env-12edf104-5d54-4a1f-99f8-0dc1a6cd7adb"><testcase classname="backend.tests.test_report_publish.TestReportPublishFeature" name="test_01_get_publish_history_endpoint_exists" time="0.864" /><testcase classname="backend.tests.test_report_publish.TestReportPublishFeature" name="test_02_publish_report_endpoint_exists" time="0.678" /><testcase classname="backend.tests.test_report_publish.TestReportPublishFeature" name="test_03_publish_history_increments_after_publish" time="0.883" /><testcase classname="backend.tests.test_report_publish.TestReportPublishFeature" name="test_04_publish_history_contains_entry_details" time="0.597" /><testcase classname="backend.tests.test_report_publish.TestReportPublishFeature" name="test_05_first_publish_shows_initial_report_change" time="0.632" /><testcase classname="backend.tests.test_report_publish.TestReportPublishFeature" name="test_06_publish_with_notes" time="0.786" /><testcase classname="backend.tests.test_report_publish.TestReportPublishFeature" name="test_07_inspection_updates_after_publish" time="0.569" /><testcase classname="backend.tests.test_report_publish.TestReportPublishFeature" name="test_08_publish_history_sorted_newest_first" time="0.644" /><testcase classname="backend.tests.test_report_publish.TestReportPublishFeature" name="test_09_publish_without_auth_fails" time="0.554" /><testcase classname="backend.tests.test_report_publish.TestReportPublishFeature" name="test_10_publish_history_without_auth_fails" time="0.589" /><testcase classname="backend.tests.test_report_publish.TestReportPublishFeature" name="test_11_publish_invalid_inspection_returns_404" time="0.590" /><testcase classname="backend.tests.test_report_publish.TestReportPublishFeature" name="test_12_publish_history_invalid_inspection_returns_404" time="0.585" /><testcase classname="backend.tests.test_report_publish.TestReportPublishChangesDetection" name="test_13_changes_array_structure" time="0.584" /><testcase classname="backend.tests.test_report_publish.TestReportPublishChangesDetection" name="test_14_whatsapp_flag_stored" time="0.602" /></testsuite></testsuites>