<?xml version="1.0" encoding="utf-8"?><testsuites name="pytest tests"><testsuite name="pytest" errors="0" failures="0" skipped="1" tests="11" time="7.199" timestamp="2026-02-16T11:03:03.264470+00:00" hostname="agent-env-633940b7-9691-4e0b-9527-f35498d90de6"><testcase classname="backend.tests.test_iteration35_features.TestRoleCreation" name="test_create_role_success" time="0.857" /><testcase classname="backend.tests.test_iteration35_features.TestRoleCreation" name="test_create_role_duplicate_code_fails" time="0.873" /><testcase classname="backend.tests.test_iteration35_features.TestRoleCreation" name="test_update_role" time="0.266" /><testcase classname="backend.tests.test_iteration35_features.TestSalaryFieldNames" name="test_salary_structure_field_names" time="1.869" /><testcase classname="backend.tests.test_iteration35_features.TestSalaryFieldNames" name="test_ess_salary_sync_with_income_tax" time="0.108"><skipped type="pytest.skip" message="ESS login not available">/app/backend/tests/test_iteration35_features.py:211: ESS login not available</skipped></testcase><testcase classname="backend.tests.test_iteration35_features.TestInspectionPackagesInactive" name="test_get_categories_includes_inactive" time="0.942" /><testcase classname="backend.tests.test_iteration35_features.TestInspectionPackagesInactive" name="test_get_packages_includes_inactive" time="0.465" /><testcase classname="backend.tests.test_iteration35_features.TestInspectionPackagesInactive" name="test_toggle_category_status" time="0.476" /><testcase classname="backend.tests.test_iteration35_features.TestDocumentDownload" name="test_document_download_endpoint_exists" time="0.668" /><testcase classname="backend.tests.test_iteration35_features.TestDocumentDownload" name="test_document_download_without_auth_fails" time="0.106" /><testcase classname="backend.tests.test_iteration35_features.TestReportingManagerDropdown" name="test_employees_list_for_reporting_manager" time="0.485" /></testsuite></testsuites>