<?xml version="1.0" encoding="utf-8"?><testsuites name="pytest tests"><testsuite name="pytest" errors="0" failures="2" skipped="0" tests="11" time="3.596" timestamp="2026-02-14T05:39:56.322444+00:00" hostname="agent-env-c4e06520-25c4-4df9-abc8-3351cc9b62ad"><testcase classname="backend.tests.test_login_countries.TestCountriesAPI" name="test_get_countries_public_endpoint" time="0.251" /><testcase classname="backend.tests.test_login_countries.TestCountriesAPI" name="test_countries_include_required_countries" time="0.111" /><testcase classname="backend.tests.test_login_countries.TestCountriesAPI" name="test_countries_have_correct_codes" time="0.127" /><testcase classname="backend.tests.test_login_countries.TestLoginWithCountry" name="test_login_with_india_country" time="0.475" /><testcase classname="backend.tests.test_login_countries.TestLoginWithCountry" name="test_login_without_country_id" time="0.332" /><testcase classname="backend.tests.test_login_countries.TestLoginWithCountry" name="test_login_invalid_credentials" time="0.097" /><testcase classname="backend.tests.test_login_countries.TestLeadsAPI" name="test_get_leads" time="0.485" /><testcase classname="backend.tests.test_login_countries.TestLeadsAPI" name="test_leads_have_required_fields" time="0.529" /><testcase classname="backend.tests.test_login_countries.TestLeadsAPI" name="test_create_lead_with_ad_id" time="0.444"><failure message="AssertionError: Expected 200/201, got 422: {&quot;detail&quot;:[{&quot;type&quot;:&quot;missing&quot;,&quot;loc&quot;:[&quot;body&quot;,&quot;country_id&quot;],&quot;msg&quot;:&quot;Field required&quot;,&quot;input&quot;:{&quot;name&quot;:&quot;TEST_Lead_AdID&quot;,&quot;mobile&quot;:&quot;9999999999&quot;,&quot;city&quot;:&quot;Bangalore&quot;,&quot;source&quot;:&quot;FACEBOOK&quot;,&quot;status&quot;:&quot;NEW&quot;,&quot;ad_id&quot;:&quot;TEST_AD_123456&quot;},&quot;url&quot;:&quot;https://errors.pydantic.dev/2.12/v/missing&quot;}]}&#10;assert 422 in [200, 201]&#10; +  where 422 = &lt;Response [422]&gt;.status_code">backend/tests/test_login_countries.py:174: in test_create_lead_with_ad_id
    assert response.status_code in [200, 201], f"Expected 200/201, got {response.status_code}: {response.text}"
E   AssertionError: Expected 200/201, got 422: {"detail":[{"type":"missing","loc":["body","country_id"],"msg":"Field required","input":{"name":"TEST_Lead_AdID","mobile":"9999999999","city":"Bangalore","source":"FACEBOOK","status":"NEW","ad_id":"TEST_AD_123456"},"url":"https://errors.pydantic.dev/2.12/v/missing"}]}
E   assert 422 in [200, 201]
E    +  where 422 = &lt;Response [422]&gt;.status_code</failure></testcase><testcase classname="backend.tests.test_login_countries.TestLeadsAPI" name="test_update_lead_with_payment_link" time="0.426"><failure message="assert 422 in [200, 201]&#10; +  where 422 = &lt;Response [422]&gt;.status_code">backend/tests/test_login_countries.py:200: in test_update_lead_with_payment_link
    assert create_response.status_code in [200, 201]
E   assert 422 in [200, 201]
E    +  where 422 = &lt;Response [422]&gt;.status_code</failure></testcase><testcase classname="backend.tests.test_login_countries.TestLeadStatuses" name="test_get_lead_statuses" time="0.107" /></testsuite></testsuites>