<?xml version="1.0" encoding="utf-8"?><testsuites name="pytest tests"><testsuite name="pytest" errors="0" failures="2" skipped="0" tests="19" time="3.247" timestamp="2026-02-19T10:09:34.425454+00:00" hostname="agent-env-422eaf90-8697-4881-a972-c9fef5671b92"><testcase classname="backend.tests.test_partners_templates.TestPartnersAPI" name="test_get_partners_list" time="1.447" /><testcase classname="backend.tests.test_partners_templates.TestPartnersAPI" name="test_create_partner_bank" time="0.053" /><testcase classname="backend.tests.test_partners_templates.TestPartnersAPI" name="test_get_partner_by_id" time="0.056" /><testcase classname="backend.tests.test_partners_templates.TestPartnersAPI" name="test_update_partner" time="0.053" /><testcase classname="backend.tests.test_partners_templates.TestPartnersAPI" name="test_toggle_partner_status" time="0.156" /><testcase classname="backend.tests.test_partners_templates.TestPartnersAPI" name="test_filter_partners_by_type" time="0.048" /><testcase classname="backend.tests.test_partners_templates.TestPartnersAPI" name="test_create_partner_b2c" time="0.053" /><testcase classname="backend.tests.test_partners_templates.TestPartnersAPI" name="test_create_partner_insurance" time="0.053" /><testcase classname="backend.tests.test_partners_templates.TestPartnersAPI" name="test_create_partner_b2b" time="0.051" /><testcase classname="backend.tests.test_partners_templates.TestInspectionTemplatesAPI" name="test_get_templates_list" time="0.052" /><testcase classname="backend.tests.test_partners_templates.TestInspectionTemplatesAPI" name="test_get_questions_for_template" time="0.053" /><testcase classname="backend.tests.test_partners_templates.TestInspectionTemplatesAPI" name="test_get_partners_for_template" time="0.049" /><testcase classname="backend.tests.test_partners_templates.TestInspectionTemplatesAPI" name="test_create_inspection_template" time="0.058" /><testcase classname="backend.tests.test_partners_templates.TestInspectionTemplatesAPI" name="test_get_template_by_id" time="0.052" /><testcase classname="backend.tests.test_partners_templates.TestInspectionTemplatesAPI" name="test_update_template" time="0.056" /><testcase classname="backend.tests.test_partners_templates.TestInspectionTemplatesAPI" name="test_toggle_template_status" time="0.153" /><testcase classname="backend.tests.test_partners_templates.TestInspectionTemplatesAPI" name="test_set_template_as_default" time="0.054"><failure message="AssertionError: Template should be set as default&#10;assert None == True&#10; +  where None = &lt;built-in method get of dict object at 0xfae73a0c28c0&gt;('is_default')&#10; +    where &lt;built-in method get of dict object at 0xfae73a0c28c0&gt; = {'message': 'Template set as default', 'success': True}.get">backend/tests/test_partners_templates.py:338: in test_set_template_as_default
    assert data.get("is_default") == True, "Template should be set as default"
E   AssertionError: Template should be set as default
E   assert None == True
E    +  where None = &lt;built-in method get of dict object at 0xfae73a0c28c0&gt;('is_default')
E    +    where &lt;built-in method get of dict object at 0xfae73a0c28c0&gt; = {'message': 'Template set as default', 'success': True}.get</failure></testcase><testcase classname="backend.tests.test_partners_templates.TestInspectionTemplatesAPI" name="test_delete_template" time="0.071"><failure message="AssertionError: Expected 200, got 400: {&quot;detail&quot;:&quot;Cannot delete the default template&quot;}&#10;assert 400 == 200&#10; +  where 400 = &lt;Response [400]&gt;.status_code">backend/tests/test_partners_templates.py:347: in test_delete_template
    assert response.status_code == 200, f"Expected 200, got {response.status_code}: {response.text}"
E   AssertionError: Expected 200, got 400: {"detail":"Cannot delete the default template"}
E   assert 400 == 200
E    +  where 400 = &lt;Response [400]&gt;.status_code</failure></testcase><testcase classname="backend.tests.test_partners_templates.TestCleanup" name="test_cleanup_test_partners" time="0.571" /></testsuite></testsuites>