<?xml version="1.0" encoding="utf-8"?><testsuites name="pytest tests"><testsuite name="pytest" errors="6" failures="1" skipped="0" tests="11" time="1.656" timestamp="2026-02-28T17:43:39.931559+00:00" hostname="agent-env-799b9c9c-1b1a-4ef7-9cb6-5af84e16531c"><testcase classname="backend.tests.test_credit_score.TestCreditScoreEndpoints" name="test_get_credit_score_endpoint_exists" time="1.323"><error message="failed on setup with &quot;KeyError: 0&quot;">backend/tests/test_credit_score.py:51: in test_lead_id
    return leads[0]["id"]
           ^^^^^^^^
E   KeyError: 0</error></testcase><testcase classname="backend.tests.test_credit_score.TestCreditScoreEndpoints" name="test_get_credit_score_invalid_lead_id" time="0.058" /><testcase classname="backend.tests.test_credit_score.TestCreditScoreEndpoints" name="test_request_otp_endpoint_exists" time="0.000"><error message="failed on setup with &quot;KeyError: 0&quot;">backend/tests/test_credit_score.py:51: in test_lead_id
    return leads[0]["id"]
           ^^^^^^^^
E   KeyError: 0</error></testcase><testcase classname="backend.tests.test_credit_score.TestCreditScoreEndpoints" name="test_request_otp_invalid_lead_id" time="0.057" /><testcase classname="backend.tests.test_credit_score.TestCreditScoreEndpoints" name="test_request_otp_validation_pan_format" time="0.000"><error message="failed on setup with &quot;KeyError: 0&quot;">backend/tests/test_credit_score.py:51: in test_lead_id
    return leads[0]["id"]
           ^^^^^^^^
E   KeyError: 0</error></testcase><testcase classname="backend.tests.test_credit_score.TestCreditScoreEndpoints" name="test_verify_otp_endpoint_exists" time="0.000"><error message="failed on setup with &quot;KeyError: 0&quot;">backend/tests/test_credit_score.py:51: in test_lead_id
    return leads[0]["id"]
           ^^^^^^^^
E   KeyError: 0</error></testcase><testcase classname="backend.tests.test_credit_score.TestCreditScoreEndpoints" name="test_verify_otp_invalid_lead_id" time="0.059" /><testcase classname="backend.tests.test_credit_score.TestCreditScoreDataStructure" name="test_loan_lead_has_credit_score_field" time="0.000"><error message="failed on setup with &quot;KeyError: 0&quot;">backend/tests/test_credit_score.py:51: in test_lead_id
    return leads[0]["id"]
           ^^^^^^^^
E   KeyError: 0</error></testcase><testcase classname="backend.tests.test_credit_score.TestCreditScoreDataStructure" name="test_loan_leads_list_includes_credit_score" time="0.059"><failure message="KeyError: 0">backend/tests/test_credit_score.py:220: in test_loan_leads_list_includes_credit_score
    first_lead = leads[0]
                 ^^^^^^^^
E   KeyError: 0</failure></testcase><testcase classname="backend.tests.test_credit_score.TestCreditScoreColorCoding" name="test_score_color_logic" time="0.000" /><testcase classname="backend.tests.test_credit_score.TestCreditScoreAPIConfiguration" name="test_experian_credentials_configured" time="0.000"><error message="failed on setup with &quot;KeyError: 0&quot;">backend/tests/test_credit_score.py:51: in test_lead_id
    return leads[0]["id"]
           ^^^^^^^^
E   KeyError: 0</error></testcase></testsuite></testsuites>