<?xml version="1.0" encoding="utf-8"?><testsuites name="pytest tests"><testsuite name="pytest" errors="0" failures="0" skipped="0" tests="17" time="3.470" timestamp="2026-02-19T06:58:46.518006+00:00" hostname="agent-env-e5a55ebb-50c6-4ce6-9bca-5deaf4c0dfde"><testcase classname="backend.tests.test_inspection_qa.TestInspectionQAGetQuestions" name="test_get_all_questions" time="1.814" /><testcase classname="backend.tests.test_inspection_qa.TestInspectionQAGetQuestions" name="test_get_questions_by_category" time="0.052" /><testcase classname="backend.tests.test_inspection_qa.TestInspectionQAGetQuestions" name="test_get_active_questions_only" time="0.052" /><testcase classname="backend.tests.test_inspection_qa.TestInspectionQACreateQuestion" name="test_create_multiple_choice_question" time="0.101" /><testcase classname="backend.tests.test_inspection_qa.TestInspectionQACreateQuestion" name="test_create_photo_upload_question" time="0.101" /><testcase classname="backend.tests.test_inspection_qa.TestInspectionQACreateQuestion" name="test_create_video_upload_question" time="0.100" /><testcase classname="backend.tests.test_inspection_qa.TestInspectionQACreateQuestion" name="test_create_question_with_sub_questions" time="0.098" /><testcase classname="backend.tests.test_inspection_qa.TestInspectionQAUpdateQuestion" name="test_update_question" time="0.156" /><testcase classname="backend.tests.test_inspection_qa.TestInspectionQAUpdateQuestion" name="test_update_nonexistent_question" time="0.050" /><testcase classname="backend.tests.test_inspection_qa.TestInspectionQADeleteQuestion" name="test_delete_question" time="0.147" /><testcase classname="backend.tests.test_inspection_qa.TestInspectionQADeleteQuestion" name="test_delete_nonexistent_question" time="0.051" /><testcase classname="backend.tests.test_inspection_qa.TestInspectionQAToggleQuestion" name="test_toggle_question_active_status" time="0.206" /><testcase classname="backend.tests.test_inspection_qa.TestInspectionQACategories" name="test_get_categories" time="0.160" /><testcase classname="backend.tests.test_inspection_qa.TestInspectionQAExistingData" name="test_verify_sample_questions_exist" time="0.051" /><testcase classname="backend.tests.test_inspection_qa.TestInspectionQAExistingData" name="test_verify_answer_types" time="0.055" /><testcase classname="backend.tests.test_inspection_qa.TestInspectionQAGetSingleQuestion" name="test_get_single_question" time="0.143" /><testcase classname="backend.tests.test_inspection_qa.TestInspectionQAGetSingleQuestion" name="test_get_nonexistent_question" time="0.052" /></testsuite></testsuites>