<?xml version="1.0" encoding="utf-8"?><testsuites name="pytest tests"><testsuite name="pytest" errors="0" failures="0" skipped="0" tests="13" time="1.851" timestamp="2026-03-01T07:24:39.480374+00:00" hostname="agent-env-0612bf15-9171-46e2-9a70-db889f5a79be"><testcase classname="backend.tests.test_loan_offers.TestLoanOffersAPI" name="test_get_loan_lead" time="0.710" /><testcase classname="backend.tests.test_loan_offers.TestLoanOffersAPI" name="test_get_offers_for_lead" time="0.059" /><testcase classname="backend.tests.test_loan_offers.TestLoanOffersAPI" name="test_get_offers_nonexistent_lead" time="0.063" /><testcase classname="backend.tests.test_loan_offers.TestLoanOffersAPI" name="test_create_offer_from_application" time="0.120" /><testcase classname="backend.tests.test_loan_offers.TestLoanOffersAPI" name="test_create_manual_offer" time="0.117" /><testcase classname="backend.tests.test_loan_offers.TestLoanOffersAPI" name="test_update_offer_negotiation" time="0.142" /><testcase classname="backend.tests.test_loan_offers.TestLoanOffersAPI" name="test_accept_offer" time="0.173" /><testcase classname="backend.tests.test_loan_offers.TestLoanOffersAPI" name="test_offer_charges_calculation" time="0.060" /><testcase classname="backend.tests.test_loan_offers.TestLoanOffersEdgeCases" name="test_create_offer_invalid_application" time="0.057" /><testcase classname="backend.tests.test_loan_offers.TestLoanOffersEdgeCases" name="test_update_nonexistent_offer" time="0.053" /><testcase classname="backend.tests.test_loan_offers.TestLoanOffersEdgeCases" name="test_accept_nonexistent_offer" time="0.056" /><testcase classname="backend.tests.test_loan_offers.TestLoanOffersEdgeCases" name="test_manual_offer_invalid_bank" time="0.062" /><testcase classname="backend.tests.test_loan_offers.TestLoanOffersEdgeCases" name="test_manual_offer_invalid_vehicle" time="0.058" /></testsuite></testsuites>