<?xml version="1.0" encoding="utf-8"?><testsuites name="pytest tests"><testsuite name="pytest" errors="0" failures="0" skipped="0" tests="16" time="6.268" timestamp="2026-02-16T14:42:48.796020+00:00" hostname="agent-env-9a0b3529-38e1-464b-94a8-13324e492695"><testcase classname="backend.tests.test_bug_fixes_iteration38.TestAuthentication" name="test_crm_hr_login" time="0.508" /><testcase classname="backend.tests.test_bug_fixes_iteration38.TestAuthentication" name="test_crm_admin_login" time="0.381" /><testcase classname="backend.tests.test_bug_fixes_iteration38.TestAuthentication" name="test_ess_login" time="0.412" /><testcase classname="backend.tests.test_bug_fixes_iteration38.TestBugFix1_PasswordNotReset" name="test_password_hash_validation_logic" time="0.443" /><testcase classname="backend.tests.test_bug_fixes_iteration38.TestBugFix1_PasswordNotReset" name="test_corrupted_hash_detection" time="0.000" /><testcase classname="backend.tests.test_bug_fixes_iteration38.TestBugFix1_PasswordNotReset" name="test_login_with_default_password" time="0.440" /><testcase classname="backend.tests.test_bug_fixes_iteration38.TestBugFix1_PasswordNotReset" name="test_password_reset_endpoint_exists" time="0.937" /><testcase classname="backend.tests.test_bug_fixes_iteration38.TestBugFix2_DocumentsInESS" name="test_ess_documents_endpoint_exists" time="0.487" /><testcase classname="backend.tests.test_bug_fixes_iteration38.TestBugFix2_DocumentsInESS" name="test_upload_document_via_crm" time="0.157" /><testcase classname="backend.tests.test_bug_fixes_iteration38.TestBugFix2_DocumentsInESS" name="test_ess_documents_have_file_url" time="0.165" /><testcase classname="backend.tests.test_bug_fixes_iteration38.TestBugFix2_DocumentsInESS" name="test_document_requirements_endpoint" time="0.137" /><testcase classname="backend.tests.test_bug_fixes_iteration38.TestBugFix3_SalaryDataPersistence" name="test_get_salary_endpoint" time="0.292" /><testcase classname="backend.tests.test_bug_fixes_iteration38.TestBugFix3_SalaryDataPersistence" name="test_save_and_retrieve_salary" time="0.568" /><testcase classname="backend.tests.test_bug_fixes_iteration38.TestBugFix3_SalaryDataPersistence" name="test_ess_salary_endpoint" time="0.122" /><testcase classname="backend.tests.test_bug_fixes_iteration38.TestEndToEndFlow" name="test_full_login_flow" time="0.865" /><testcase classname="backend.tests.test_bug_fixes_iteration38.TestEndToEndFlow" name="test_crm_to_ess_data_sync" time="0.280" /></testsuite></testsuites>