<?xml version="1.0" encoding="utf-8"?><testsuites name="pytest tests"><testsuite name="pytest" errors="0" failures="0" skipped="0" tests="15" time="2.766" timestamp="2026-02-19T11:18:41.479583+00:00" hostname="agent-env-422eaf90-8697-4881-a972-c9fef5671b92"><testcase classname="backend.tests.test_report_templates.TestReportStyles" name="test_get_report_styles" time="0.591" /><testcase classname="backend.tests.test_report_templates.TestInspectionTemplates" name="test_get_inspection_templates" time="0.052" /><testcase classname="backend.tests.test_report_templates.TestInspectionTemplates" name="test_create_inspection_template" time="0.109" /><testcase classname="backend.tests.test_report_templates.TestInspectionTemplates" name="test_inspection_template_no_partner_field_in_modal" time="0.192" /><testcase classname="backend.tests.test_report_templates.TestReportTemplates" name="test_get_report_templates" time="0.059" /><testcase classname="backend.tests.test_report_templates.TestReportTemplates" name="test_seed_sample_report_templates" time="0.050" /><testcase classname="backend.tests.test_report_templates.TestReportTemplates" name="test_report_templates_have_3_styles" time="0.195" /><testcase classname="backend.tests.test_report_templates.TestReportTemplates" name="test_create_report_template" time="0.205" /><testcase classname="backend.tests.test_report_templates.TestReportTemplates" name="test_report_template_styles_colors" time="0.050" /><testcase classname="backend.tests.test_report_templates.TestReportTemplates" name="test_get_single_report_template" time="0.104" /><testcase classname="backend.tests.test_report_templates.TestReportTemplates" name="test_toggle_report_template" time="0.232" /><testcase classname="backend.tests.test_report_templates.TestReportTemplates" name="test_set_default_report_template" time="0.159" /><testcase classname="backend.tests.test_report_templates.TestPartnersAPI" name="test_get_partners" time="0.054" /><testcase classname="backend.tests.test_report_templates.TestServicesTabNavigation" name="test_all_apis_accessible" time="0.474" /><testcase classname="backend.tests.test_report_templates.TestCleanup" name="test_cleanup_test_data" time="0.158" /></testsuite></testsuites>