<?xml version="1.0" encoding="utf-8"?><testsuites name="pytest tests"><testsuite name="pytest" errors="0" failures="0" skipped="1" tests="18" time="12.924" timestamp="2026-02-18T07:12:14.239417+00:00" hostname="agent-env-06b4646b-d170-49a6-9fb4-7b8c9195874c"><testcase classname="backend.tests.test_inspections_enhancements.TestInspectionsEnhancements" name="test_01_login_inspection_head" time="2.010" /><testcase classname="backend.tests.test_inspections_enhancements.TestInspectionsEnhancements" name="test_02_get_scheduled_inspections" time="0.445" /><testcase classname="backend.tests.test_inspections_enhancements.TestInspectionsEnhancements" name="test_03_get_unscheduled_inspections" time="0.389" /><testcase classname="backend.tests.test_inspections_enhancements.TestInspectionsEnhancements" name="test_04_update_inspection_status_valid" time="0.539" /><testcase classname="backend.tests.test_inspections_enhancements.TestInspectionsEnhancements" name="test_05_update_inspection_status_all_valid_statuses" time="0.983" /><testcase classname="backend.tests.test_inspections_enhancements.TestInspectionsEnhancements" name="test_06_update_inspection_status_invalid" time="0.457" /><testcase classname="backend.tests.test_inspections_enhancements.TestInspectionsEnhancements" name="test_07_update_inspection_vehicle" time="0.508" /><testcase classname="backend.tests.test_inspections_enhancements.TestInspectionsEnhancements" name="test_08_update_inspection_vehicle_not_found" time="0.393" /><testcase classname="backend.tests.test_inspections_enhancements.TestInspectionsEnhancements" name="test_09_get_mechanics_list" time="0.381" /><testcase classname="backend.tests.test_inspections_enhancements.TestInspectionsEnhancements" name="test_10_assign_mechanic_to_inspection" time="0.557" /><testcase classname="backend.tests.test_inspections_enhancements.TestInspectionsEnhancements" name="test_11_unassign_mechanic_from_inspection" time="0.665" /><testcase classname="backend.tests.test_inspections_enhancements.TestInspectionsEnhancements" name="test_12_assign_nonexistent_mechanic" time="0.458" /><testcase classname="backend.tests.test_inspections_enhancements.TestInspectionsEnhancements" name="test_13_update_inspection_schedule" time="0.495" /><testcase classname="backend.tests.test_inspections_enhancements.TestInspectionsEnhancements" name="test_14_update_schedule_not_found" time="0.389" /><testcase classname="backend.tests.test_inspections_enhancements.TestInspectionsEnhancements" name="test_15_collect_balance_partial_payment" time="1.740" /><testcase classname="backend.tests.test_inspections_enhancements.TestInspectionsEnhancements" name="test_16_collect_balance_fully_paid" time="0.409"><skipped type="pytest.skip" message="No fully paid inspections available">/app/backend/tests/test_inspections_enhancements.py:455: No fully paid inspections available</skipped></testcase><testcase classname="backend.tests.test_inspections_enhancements.TestInspectionsEnhancements" name="test_17_vaahan_api_vehicle_details" time="1.236" /><testcase classname="backend.tests.test_inspections_enhancements.TestInspectionsEnhancements" name="test_18_full_inspection_workflow" time="0.787" /></testsuite></testsuites>