<?xml version="1.0" encoding="utf-8"?><testsuites name="pytest tests"><testsuite name="pytest" errors="0" failures="0" skipped="0" tests="6" time="6.748" timestamp="2026-02-22T14:11:55.397444+00:00" hostname="agent-env-60497b11-385c-4dff-9a9c-7fc5cab7a838"><testcase classname="backend.tests.test_ad_id_auto_generation.TestAdIdAutoGeneration" name="test_01_strategy4_auto_generate_ad_id_from_city_keyword" time="1.391" /><testcase classname="backend.tests.test_ad_id_auto_generation.TestAdIdAutoGeneration" name="test_02_strategy5_auto_generate_ad_id_fallback_city" time="1.014" /><testcase classname="backend.tests.test_ad_id_auto_generation.TestAdIdAutoGeneration" name="test_03_ctwa_clid_present_uses_original" time="1.037" /><testcase classname="backend.tests.test_ad_id_auto_generation.TestAdIdAutoGeneration" name="test_04_ad_city_mapping_created_for_auto_generated" time="1.038" /><testcase classname="backend.tests.test_ad_id_auto_generation.TestAdIdAutoGeneration" name="test_05_unmapped_ads_entry_created_for_fallback" time="1.003" /><testcase classname="backend.tests.test_ad_id_auto_generation.TestAdIdAutoGeneration" name="test_06_verify_test_phones_from_requirements" time="1.196" /></testsuite></testsuites>