<?xml version="1.0" encoding="utf-8"?><testsuites name="pytest tests"><testsuite name="pytest" errors="0" failures="14" skipped="2" tests="19" time="10.023" timestamp="2026-02-14T04:19:36.018402+00:00" hostname="agent-env-0221be67-da1a-4588-bb7e-cf30d21ca35b"><testcase classname="backend.tests.test_finance_module.TestFinanceAuth" name="test_finance_manager_login" time="0.531"><failure message="AssertionError: assert 'token' in {'access_token': 'eyJhbGciOiJIUzI1NiIsInR5cCI6IkpXVCJ9.eyJzdWIiOiI1MDRiY2RlOC0zYzUwLTRhZDUtYmY2Ni01YTU1ZTc3YWYyNmIiLCJlbWFpbCI6ImZpbmFuY2UuaW5Ad2lzZWRyaXZlLmNvbSIsImV4cCI6MTc3MTEyOTE3Nn0.bELPUBBEAWZy3bAGtvk2V07DAb8bby2HLELuTE5LO_M', 'token_type': 'bearer', 'user': {'country_id': 'c49e1dc6-1450-40c2-9846-56b73369b2b1', 'country_name': 'India', 'department_id': 'e2b73213-c651-4c8d-94e1-9e5f5f5d7a37', 'email': 'finance.in@wisedrive.com', ...}}">backend/tests/test_finance_module.py:28: in test_finance_manager_login
    assert "token" in data
E   AssertionError: assert 'token' in {'access_token': 'eyJhbGciOiJIUzI1NiIsInR5cCI6IkpXVCJ9.eyJzdWIiOiI1MDRiY2RlOC0zYzUwLTRhZDUtYmY2Ni01YTU1ZTc3YWYyNmIiLCJlbWFpbCI6ImZpbmFuY2UuaW5Ad2lzZWRyaXZlLmNvbSIsImV4cCI6MTc3MTEyOTE3Nn0.bELPUBBEAWZy3bAGtvk2V07DAb8bby2HLELuTE5LO_M', 'token_type': 'bearer', 'user': {'country_id': 'c49e1dc6-1450-40c2-9846-56b73369b2b1', 'country_name': 'India', 'department_id': 'e2b73213-c651-4c8d-94e1-9e5f5f5d7a37', 'email': 'finance.in@wisedrive.com', ...}}</failure></testcase><testcase classname="backend.tests.test_finance_module.TestFinanceAuth" name="test_finance_manager_visible_tabs" time="0.462"><failure message="assert 404 == 200&#10; +  where 404 = &lt;Response [404]&gt;.status_code">backend/tests/test_finance_module.py:43: in test_finance_manager_visible_tabs
    assert response.status_code == 200
E   assert 404 == 200
E    +  where 404 = &lt;Response [404]&gt;.status_code</failure></testcase><testcase classname="backend.tests.test_finance_module.TestFinanceAuth" name="test_country_head_login" time="0.332"><failure message="AssertionError: assert 'token' in {'access_token': 'eyJhbGciOiJIUzI1NiIsInR5cCI6IkpXVCJ9.eyJzdWIiOiIwZGRhNWMzYS1lMzQ1LTRiYTUtYmEzMi0yMjIwNGEwMWQ1NDUiLCJlbWFpbCI6ImNvdW50cnloZWFkLmluQHdpc2Vkcml2ZS5jb20iLCJleHAiOjE3NzExMjkxNzd9.3f5JrY0Sn0WJMbosEDSC6NT4tG_6uY1-7ivFsFCfsSk', 'token_type': 'bearer', 'user': {'country_id': 'c49e1dc6-1450-40c2-9846-56b73369b2b1', 'country_name': 'India', 'department_id': 'e1be4359-2dc3-4719-b9a5-a2877634dd20', 'email': 'countryhead.in@wisedrive.com', ...}}">backend/tests/test_finance_module.py:57: in test_country_head_login
    assert "token" in data
E   AssertionError: assert 'token' in {'access_token': 'eyJhbGciOiJIUzI1NiIsInR5cCI6IkpXVCJ9.eyJzdWIiOiIwZGRhNWMzYS1lMzQ1LTRiYTUtYmEzMi0yMjIwNGEwMWQ1NDUiLCJlbWFpbCI6ImNvdW50cnloZWFkLmluQHdpc2Vkcml2ZS5jb20iLCJleHAiOjE3NzExMjkxNzd9.3f5JrY0Sn0WJMbosEDSC6NT4tG_6uY1-7ivFsFCfsSk', 'token_type': 'bearer', 'user': {'country_id': 'c49e1dc6-1450-40c2-9846-56b73369b2b1', 'country_name': 'India', 'department_id': 'e1be4359-2dc3-4719-b9a5-a2877634dd20', 'email': 'countryhead.in@wisedrive.com', ...}}</failure></testcase><testcase classname="backend.tests.test_finance_module.TestFinanceAuth" name="test_country_head_visible_tabs" time="0.460"><failure message="assert 404 == 200&#10; +  where 404 = &lt;Response [404]&gt;.status_code">backend/tests/test_finance_module.py:68: in test_country_head_visible_tabs
    assert response.status_code == 200
E   assert 404 == 200
E    +  where 404 = &lt;Response [404]&gt;.status_code</failure></testcase><testcase classname="backend.tests.test_finance_module.TestFinanceAuth" name="test_ceo_visible_tabs" time="0.604"><failure message="assert 404 == 200&#10; +  where 404 = &lt;Response [404]&gt;.status_code">backend/tests/test_finance_module.py:82: in test_ceo_visible_tabs
    assert response.status_code == 200
E   assert 404 == 200
E    +  where 404 = &lt;Response [404]&gt;.status_code</failure></testcase><testcase classname="backend.tests.test_finance_module.TestFinancePayments" name="test_get_payment_modes" time="0.477" /><testcase classname="backend.tests.test_finance_module.TestFinancePayments" name="test_get_finance_employees" time="0.461"><failure message="assert 401 == 200&#10; +  where 401 = &lt;Response [401]&gt;.status_code">backend/tests/test_finance_module.py:138: in test_get_finance_employees
    assert response.status_code == 200
E   assert 401 == 200
E    +  where 401 = &lt;Response [401]&gt;.status_code</failure></testcase><testcase classname="backend.tests.test_finance_module.TestFinancePayments" name="test_get_payments_list" time="0.547"><failure message="assert 401 == 200&#10; +  where 401 = &lt;Response [401]&gt;.status_code">backend/tests/test_finance_module.py:150: in test_get_payments_list
    assert response.status_code == 200
E   assert 401 == 200
E    +  where 401 = &lt;Response [401]&gt;.status_code</failure></testcase><testcase classname="backend.tests.test_finance_module.TestFinancePayments" name="test_get_finance_summary" time="0.487"><failure message="assert 401 == 200&#10; +  where 401 = &lt;Response [401]&gt;.status_code">backend/tests/test_finance_module.py:162: in test_get_finance_summary
    assert response.status_code == 200
E   assert 401 == 200
E    +  where 401 = &lt;Response [401]&gt;.status_code</failure></testcase><testcase classname="backend.tests.test_finance_module.TestFinancePayments" name="test_create_payment_as_finance_manager" time="0.440"><failure message="assert 401 == 200&#10; +  where 401 = &lt;Response [401]&gt;.status_code">backend/tests/test_finance_module.py:177: in test_create_payment_as_finance_manager
    assert emp_response.status_code == 200
E   assert 401 == 200
E    +  where 401 = &lt;Response [401]&gt;.status_code</failure></testcase><testcase classname="backend.tests.test_finance_module.TestFinancePayments" name="test_unauthorized_access_denied" time="0.464"><failure message="AssertionError: Should deny access to non-finance users&#10;assert 401 == 403&#10; +  where 401 = &lt;Response [401]&gt;.status_code">backend/tests/test_finance_module.py:230: in test_unauthorized_access_denied
    assert response.status_code == 403, "Should deny access to non-finance users"
E   AssertionError: Should deny access to non-finance users
E   assert 401 == 403
E    +  where 401 = &lt;Response [401]&gt;.status_code</failure></testcase><testcase classname="backend.tests.test_finance_module.TestPaymentWorkflow" name="test_full_payment_workflow" time="0.797"><failure message="assert 401 == 200&#10; +  where 401 = &lt;Response [401]&gt;.status_code">backend/tests/test_finance_module.py:264: in test_full_payment_workflow
    assert emp_response.status_code == 200
E   assert 401 == 200
E    +  where 401 = &lt;Response [401]&gt;.status_code</failure></testcase><testcase classname="backend.tests.test_finance_module.TestPaymentWorkflow" name="test_finance_manager_cannot_approve" time="0.577"><failure message="AssertionError: Finance Manager should not be able to approve&#10;assert 401 == 403&#10; +  where 401 = &lt;Response [401]&gt;.status_code">backend/tests/test_finance_module.py:379: in test_finance_manager_cannot_approve
    assert response.status_code == 403, "Finance Manager should not be able to approve"
E   AssertionError: Finance Manager should not be able to approve
E   assert 401 == 403
E    +  where 401 = &lt;Response [401]&gt;.status_code</failure></testcase><testcase classname="backend.tests.test_finance_module.TestPaymentWorkflow" name="test_country_head_can_reject" time="0.851"><skipped type="pytest.skip" message="Cannot get payments">/app/backend/tests/test_finance_module.py:390: Cannot get payments</skipped></testcase><testcase classname="backend.tests.test_finance_module.TestPayslipGeneration" name="test_get_payslip_for_approved_payment" time="0.532"><skipped type="pytest.skip" message="No approved/paid payments found for payslip test">/app/backend/tests/test_finance_module.py:461: No approved/paid payments found for payslip test</skipped></testcase><testcase classname="backend.tests.test_finance_module.TestCEOAccess" name="test_ceo_can_see_all_countries" time="0.445"><failure message="assert 401 == 200&#10; +  where 401 = &lt;Response [401]&gt;.status_code">backend/tests/test_finance_module.py:481: in test_ceo_can_see_all_countries
    assert response.status_code == 200
E   assert 401 == 200
E    +  where 401 = &lt;Response [401]&gt;.status_code</failure></testcase><testcase classname="backend.tests.test_finance_module.TestCEOAccess" name="test_ceo_can_filter_by_country" time="0.501" /><testcase classname="backend.tests.test_finance_module.TestCEOAccess" name="test_ceo_can_approve_payments" time="0.437" /><testcase classname="backend.tests.test_finance_module.TestFinanceManagerCountryRestriction" name="test_finance_manager_india_cannot_see_malaysia" time="0.422"><failure message="assert 401 == 200&#10; +  where 401 = &lt;Response [401]&gt;.status_code">backend/tests/test_finance_module.py:549: in test_finance_manager_india_cannot_see_malaysia
    assert response.status_code == 200
E   assert 401 == 200
E    +  where 401 = &lt;Response [401]&gt;.status_code</failure></testcase></testsuite></testsuites>