<?xml version="1.0" encoding="utf-8"?><testsuites name="pytest tests"><testsuite name="pytest" errors="0" failures="1" skipped="1" tests="14" time="6.876" timestamp="2026-02-19T11:39:30.308336+00:00" hostname="agent-env-422eaf90-8697-4881-a972-c9fef5671b92"><testcase classname="backend.tests.test_p0_partner_flow.TestP0PartnerFlow" name="test_01_get_partners_list" time="0.553" /><testcase classname="backend.tests.test_p0_partner_flow.TestP0PartnerFlow" name="test_02_get_active_partners" time="0.464" /><testcase classname="backend.tests.test_p0_partner_flow.TestP0PartnerFlow" name="test_03_create_lead_without_partner_gets_default_b2c" time="0.464" /><testcase classname="backend.tests.test_p0_partner_flow.TestP0PartnerFlow" name="test_04_create_lead_with_specific_partner" time="0.580" /><testcase classname="backend.tests.test_p0_partner_flow.TestP0PartnerFlow" name="test_05_update_lead_partner" time="0.467"><skipped type="pytest.skip" message="ICICI partner not found or no test lead">/app/backend/tests/test_p0_partner_flow.py:129: ICICI partner not found or no test lead</skipped></testcase><testcase classname="backend.tests.test_p0_partner_flow.TestP0PartnerFlow" name="test_06_get_inspection_questionnaire" time="0.559" /><testcase classname="backend.tests.test_p0_partner_flow.TestP0PartnerFlow" name="test_07_get_inspection_report_config" time="0.540" /><testcase classname="backend.tests.test_p0_partner_flow.TestP0PartnerFlow" name="test_08_customer_shows_partner_info" time="0.439" /><testcase classname="backend.tests.test_p0_partner_flow.TestP0PartnerFlow" name="test_09_get_inspection_templates" time="0.427" /><testcase classname="backend.tests.test_p0_partner_flow.TestP0PartnerFlow" name="test_10_get_report_templates" time="0.443" /><testcase classname="backend.tests.test_p0_partner_flow.TestP0PartnerFlow" name="test_11_get_report_styles" time="0.451"><failure message="AssertionError: Styles should be a list&#10;assert False&#10; +  where False = isinstance({'detailed': {'description': 'Technical report with all inspection data and metrics', 'features': ['Technical specifications', 'Component-wise breakdown', 'Scoring metrics', 'Historical comparison'], 'name': 'Detailed Technical Report', 'preview_color': '#059669'}, 'premium': {'description': 'Detailed layout with photos and comprehensive analysis', 'features': ['Full vehicle details', 'Photo gallery', 'Detailed analysis', 'Recommendations'], 'name': 'Premium Report', 'preview_color': '#8B5CF6'}, 'standard': {'description': 'Clean, simple layout with essential information', 'features': ['Basic vehicle info', 'Pass/Fail summary', 'Key findings'], 'name': 'Standard Report', 'preview_color': '#3B82F6'}}, list)">backend/tests/test_p0_partner_flow.py:268: in test_11_get_report_styles
    assert isinstance(styles, list), "Styles should be a list"
E   AssertionError: Styles should be a list
E   assert False
E    +  where False = isinstance({'detailed': {'description': 'Technical report with all inspection data and metrics', 'features': ['Technical specifications', 'Component-wise breakdown', 'Scoring metrics', 'Historical comparison'], 'name': 'Detailed Technical Report', 'preview_color': '#059669'}, 'premium': {'description': 'Detailed layout with photos and comprehensive analysis', 'features': ['Full vehicle details', 'Photo gallery', 'Detailed analysis', 'Recommendations'], 'name': 'Premium Report', 'preview_color': '#8B5CF6'}, 'standard': {'description': 'Clean, simple layout with essential information', 'features': ['Basic vehicle info', 'Pass/Fail summary', 'Key findings'], 'name': 'Standard Report', 'preview_color': '#3B82F6'}}, list)</failure></testcase><testcase classname="backend.tests.test_p0_partner_flow.TestP0PartnerFlow" name="test_99_cleanup_test_data" time="0.526" /><testcase classname="backend.tests.test_p0_partner_flow.TestLeadsPartnerDropdown" name="test_partners_available_for_dropdown" time="0.417" /><testcase classname="backend.tests.test_p0_partner_flow.TestInspectionNewFields" name="test_inspection_has_template_fields" time="0.448" /></testsuite></testsuites>