<?xml version="1.0" encoding="utf-8"?><testsuites name="pytest tests"><testsuite name="pytest" errors="0" failures="0" skipped="0" tests="13" time="6.184" timestamp="2026-02-27T07:53:42.834579+00:00" hostname="agent-env-6177a01e-457e-4c02-bba5-ffac6d5e443a"><testcase classname="backend.tests.test_inspection_answer_edit.TestInspectionAnswerEdit" name="test_01_login_and_verify_ceo_role" time="0.665" /><testcase classname="backend.tests.test_inspection_answer_edit.TestInspectionAnswerEdit" name="test_02_get_inspections_list" time="0.397" /><testcase classname="backend.tests.test_inspection_answer_edit.TestInspectionAnswerEdit" name="test_03_get_live_progress" time="0.441" /><testcase classname="backend.tests.test_inspection_answer_edit.TestInspectionAnswerEdit" name="test_04_edit_answer_endpoint_exists" time="0.396" /><testcase classname="backend.tests.test_inspection_answer_edit.TestInspectionAnswerEdit" name="test_05_edit_answer_with_valid_inspection" time="0.472" /><testcase classname="backend.tests.test_inspection_answer_edit.TestInspectionAnswerEdit" name="test_06_get_answer_edit_history" time="0.510" /><testcase classname="backend.tests.test_inspection_answer_edit.TestInspectionAnswerEdit" name="test_07_get_inspection_edit_history" time="0.446" /><testcase classname="backend.tests.test_inspection_answer_edit.TestInspectionAnswerEdit" name="test_08_unauthorized_role_cannot_edit" time="0.373" /><testcase classname="backend.tests.test_inspection_answer_edit.TestInspectionAnswerEdit" name="test_09_edit_with_sub_answers" time="0.448" /><testcase classname="backend.tests.test_inspection_answer_edit.TestInspectionAnswerEdit" name="test_10_verify_audit_trail_created" time="0.585" /><testcase classname="backend.tests.test_inspection_answer_edit.TestFrontendAPIIntegration" name="test_frontend_api_edit_answer" time="0.442" /><testcase classname="backend.tests.test_inspection_answer_edit.TestFrontendAPIIntegration" name="test_frontend_api_get_answer_history" time="0.471" /><testcase classname="backend.tests.test_inspection_answer_edit.TestFrontendAPIIntegration" name="test_frontend_api_get_edit_history" time="0.457" /></testsuite></testsuites>