<?xml version="1.0" encoding="utf-8"?><testsuites name="pytest tests"><testsuite name="pytest" errors="0" failures="0" skipped="0" tests="21" time="28.198" timestamp="2026-02-15T20:03:23.585648+00:00" hostname="agent-env-3e6caf1b-812b-4076-8777-a4ef5ee1964a"><testcase classname="backend.tests.test_ess_mobile_redesign.TestESSMobileAuth" name="test_login_ceo_success" time="1.462" /><testcase classname="backend.tests.test_ess_mobile_redesign.TestESSMobileAuth" name="test_login_hr_success" time="1.293" /><testcase classname="backend.tests.test_ess_mobile_redesign.TestESSMobileAuth" name="test_login_invalid_credentials" time="0.193" /><testcase classname="backend.tests.test_ess_mobile_redesign.TestESSMobileAuth" name="test_login_wrong_password" time="1.310" /><testcase classname="backend.tests.test_ess_mobile_redesign.TestESSMobileProfile" name="test_get_profile" time="1.478" /><testcase classname="backend.tests.test_ess_mobile_redesign.TestESSMobileProfile" name="test_get_profile_unauthorized" time="1.496" /><testcase classname="backend.tests.test_ess_mobile_redesign.TestESSMobileProfile" name="test_get_bank_details" time="1.498" /><testcase classname="backend.tests.test_ess_mobile_redesign.TestESSMobileProfile" name="test_get_salary_summary" time="1.474" /><testcase classname="backend.tests.test_ess_mobile_redesign.TestESSMobileProfile" name="test_get_attendance_summary" time="1.539" /><testcase classname="backend.tests.test_ess_mobile_redesign.TestESSMobileLeave" name="test_get_leave_balance" time="1.563" /><testcase classname="backend.tests.test_ess_mobile_redesign.TestESSMobileLeave" name="test_get_leave_history" time="1.434" /><testcase classname="backend.tests.test_ess_mobile_redesign.TestESSMobileLeave" name="test_apply_leave_future_date" time="1.422" /><testcase classname="backend.tests.test_ess_mobile_redesign.TestESSMobilePayslips" name="test_get_payslips" time="1.519" /><testcase classname="backend.tests.test_ess_mobile_redesign.TestESSMobilePayslips" name="test_get_payslip_years" time="1.466" /><testcase classname="backend.tests.test_ess_mobile_redesign.TestESSMobileNotifications" name="test_get_notifications" time="1.432" /><testcase classname="backend.tests.test_ess_mobile_redesign.TestESSMobileNotifications" name="test_get_notification_settings" time="1.496" /><testcase classname="backend.tests.test_ess_mobile_redesign.TestESSMobileDocuments" name="test_get_documents" time="1.455" /><testcase classname="backend.tests.test_ess_mobile_redesign.TestESSMobileDocuments" name="test_get_document_requirements" time="1.498" /><testcase classname="backend.tests.test_ess_mobile_redesign.TestESSMobileHolidays" name="test_get_holidays" time="1.425" /><testcase classname="backend.tests.test_ess_mobile_redesign.TestESSMobileHolidays" name="test_get_holidays_by_year" time="1.515" /><testcase classname="backend.tests.test_ess_mobile_redesign.TestESSMobileHealthCheck" name="test_health_check" time="0.140" /></testsuite></testsuites>