<?xml version="1.0" encoding="utf-8"?><testsuites name="pytest tests"><testsuite name="pytest" errors="0" failures="1" skipped="0" tests="44" time="23.414" timestamp="2026-02-16T12:31:00.141765+00:00" hostname="agent-env-9a0b3529-38e1-464b-94a8-13324e492695"><testcase classname="backend.tests.test_ess_comprehensive_sync.TestCRMAuthentication" name="test_crm_login_admin" time="0.537" /><testcase classname="backend.tests.test_ess_comprehensive_sync.TestCRMAuthentication" name="test_crm_login_hr" time="0.337" /><testcase classname="backend.tests.test_ess_comprehensive_sync.TestCreateTestEmployeeWithAllFields" name="test_create_employee_with_all_fields" time="1.445" /><testcase classname="backend.tests.test_ess_comprehensive_sync.TestESSMobileAppLogin" name="test_ess_login_hr_user" time="0.371" /><testcase classname="backend.tests.test_ess_comprehensive_sync.TestVerifyPersonalProfileFields" name="test_profile_id_field" time="0.450" /><testcase classname="backend.tests.test_ess_comprehensive_sync.TestVerifyPersonalProfileFields" name="test_profile_name_field" time="0.484" /><testcase classname="backend.tests.test_ess_comprehensive_sync.TestVerifyPersonalProfileFields" name="test_profile_email_field" time="0.428" /><testcase classname="backend.tests.test_ess_comprehensive_sync.TestVerifyPersonalProfileFields" name="test_profile_phone_field" time="0.439" /><testcase classname="backend.tests.test_ess_comprehensive_sync.TestVerifyPersonalProfileFields" name="test_profile_employee_code_field" time="0.434" /><testcase classname="backend.tests.test_ess_comprehensive_sync.TestVerifyPersonalProfileFields" name="test_profile_department_name_field" time="0.492" /><testcase classname="backend.tests.test_ess_comprehensive_sync.TestVerifyPersonalProfileFields" name="test_profile_role_name_field" time="0.442" /><testcase classname="backend.tests.test_ess_comprehensive_sync.TestVerifyPersonalProfileFields" name="test_profile_country_name_field" time="0.499" /><testcase classname="backend.tests.test_ess_comprehensive_sync.TestVerifyPersonalProfileFields" name="test_profile_team_name_field" time="0.446" /><testcase classname="backend.tests.test_ess_comprehensive_sync.TestVerifyPersonalProfileFields" name="test_profile_date_of_joining_field" time="0.442" /><testcase classname="backend.tests.test_ess_comprehensive_sync.TestVerifyPersonalProfileFields" name="test_profile_reporting_manager_id_field" time="0.446" /><testcase classname="backend.tests.test_ess_comprehensive_sync.TestVerifyPersonalProfileFields" name="test_profile_reporting_manager_name_field" time="0.461" /><testcase classname="backend.tests.test_ess_comprehensive_sync.TestVerifyPersonalProfileFields" name="test_profile_photo_url_field" time="0.476" /><testcase classname="backend.tests.test_ess_comprehensive_sync.TestVerifyPersonalProfileFields" name="test_profile_all_fields_summary" time="0.449" /><testcase classname="backend.tests.test_ess_comprehensive_sync.TestVerifyBankDetailsFields" name="test_bank_details_endpoint_accessible" time="0.456" /><testcase classname="backend.tests.test_ess_comprehensive_sync.TestVerifyBankDetailsFields" name="test_bank_name_field" time="0.440" /><testcase classname="backend.tests.test_ess_comprehensive_sync.TestVerifyBankDetailsFields" name="test_account_number_masked_field" time="0.463" /><testcase classname="backend.tests.test_ess_comprehensive_sync.TestVerifyBankDetailsFields" name="test_ifsc_code_field" time="0.425" /><testcase classname="backend.tests.test_ess_comprehensive_sync.TestVerifyBankDetailsFields" name="test_account_holder_name_field" time="0.443" /><testcase classname="backend.tests.test_ess_comprehensive_sync.TestVerifyBankDetailsFields" name="test_bank_details_all_fields_summary" time="0.433" /><testcase classname="backend.tests.test_ess_comprehensive_sync.TestVerifySalaryFields" name="test_salary_endpoint_accessible" time="0.445" /><testcase classname="backend.tests.test_ess_comprehensive_sync.TestVerifySalaryFields" name="test_basic_salary_field" time="0.431" /><testcase classname="backend.tests.test_ess_comprehensive_sync.TestVerifySalaryFields" name="test_hra_field" time="0.434" /><testcase classname="backend.tests.test_ess_comprehensive_sync.TestVerifySalaryFields" name="test_variable_pay_field" time="0.476" /><testcase classname="backend.tests.test_ess_comprehensive_sync.TestVerifySalaryFields" name="test_conveyance_field" time="0.445" /><testcase classname="backend.tests.test_ess_comprehensive_sync.TestVerifySalaryFields" name="test_medical_field" time="0.453" /><testcase classname="backend.tests.test_ess_comprehensive_sync.TestVerifySalaryFields" name="test_special_allowance_field" time="0.449" /><testcase classname="backend.tests.test_ess_comprehensive_sync.TestVerifySalaryFields" name="test_pf_employee_field" time="0.424" /><testcase classname="backend.tests.test_ess_comprehensive_sync.TestVerifySalaryFields" name="test_professional_tax_field" time="0.443" /><testcase classname="backend.tests.test_ess_comprehensive_sync.TestVerifySalaryFields" name="test_income_tax_field" time="0.473" /><testcase classname="backend.tests.test_ess_comprehensive_sync.TestVerifySalaryFields" name="test_other_deductions_field" time="0.447" /><testcase classname="backend.tests.test_ess_comprehensive_sync.TestVerifySalaryFields" name="test_gross_salary_field" time="0.435" /><testcase classname="backend.tests.test_ess_comprehensive_sync.TestVerifySalaryFields" name="test_net_salary_field" time="0.453" /><testcase classname="backend.tests.test_ess_comprehensive_sync.TestVerifySalaryFields" name="test_currency_fields" time="0.443" /><testcase classname="backend.tests.test_ess_comprehensive_sync.TestVerifySalaryFields" name="test_salary_all_fields_summary" time="0.453" /><testcase classname="backend.tests.test_ess_comprehensive_sync.TestEditEmployeeAndVerifySync" name="test_edit_photo_url_and_verify_sync" time="1.023" /><testcase classname="backend.tests.test_ess_comprehensive_sync.TestEditEmployeeAndVerifySync" name="test_edit_joining_date_and_verify_sync" time="1.017" /><testcase classname="backend.tests.test_ess_comprehensive_sync.TestEditEmployeeAndVerifySync" name="test_edit_reporting_manager_and_verify_sync" time="1.195" /><testcase classname="backend.tests.test_ess_comprehensive_sync.TestEditEmployeeAndVerifySync" name="test_edit_bank_details_and_verify_sync" time="1.035" /><testcase classname="backend.tests.test_ess_comprehensive_sync.TestSalaryComponentSync" name="test_update_salary_with_conveyance_and_medical" time="0.552"><failure message="AssertionError: Salary update failed: {&quot;detail&quot;:&quot;Not Found&quot;}&#10;assert 404 in [200, 201]&#10; +  where 404 = &lt;Response [404]&gt;.status_code">backend/tests/test_ess_comprehensive_sync.py:876: in test_update_salary_with_conveyance_and_medical
    assert response.status_code in [200, 201], f"Salary update failed: {response.text}"
E   AssertionError: Salary update failed: {"detail":"Not Found"}
E   assert 404 in [200, 201]
E    +  where 404 = &lt;Response [404]&gt;.status_code</failure></testcase></testsuite></testsuites>