<?xml version="1.0" encoding="utf-8"?><testsuites name="pytest tests"><testsuite name="pytest" errors="0" failures="0" skipped="0" tests="24" time="7.266" timestamp="2026-02-14T06:29:39.051924+00:00" hostname="agent-env-30ebc522-b16f-4fb4-b19e-73f2898d20ef"><testcase classname="backend.tests.test_hr_module_v4.TestHRModuleAuth" name="test_ceo_login" time="0.492" /><testcase classname="backend.tests.test_hr_module_v4.TestHRModuleAuth" name="test_hr_login" time="0.354" /><testcase classname="backend.tests.test_hr_module_v4.TestEmployeeList" name="test_get_employees_list" time="0.506" /><testcase classname="backend.tests.test_hr_module_v4.TestSalaryStructure" name="test_save_salary_with_earnings" time="0.650" /><testcase classname="backend.tests.test_hr_module_v4.TestSalaryStructure" name="test_save_salary_with_deductions" time="0.102" /><testcase classname="backend.tests.test_hr_module_v4.TestSalaryStructure" name="test_gross_net_salary_calculation" time="0.127" /><testcase classname="backend.tests.test_hr_module_v4.TestSalaryStructure" name="test_get_employee_salary" time="0.111" /><testcase classname="backend.tests.test_hr_module_v4.TestAttendanceLeave" name="test_mark_today_as_leave" time="0.610" /><testcase classname="backend.tests.test_hr_module_v4.TestAttendanceLeave" name="test_mark_tomorrow_as_leave" time="0.107" /><testcase classname="backend.tests.test_hr_module_v4.TestAttendanceLeave" name="test_mark_as_present" time="0.104" /><testcase classname="backend.tests.test_hr_module_v4.TestAttendanceLeave" name="test_mark_as_half_day" time="0.140" /><testcase classname="backend.tests.test_hr_module_v4.TestAttendanceLeave" name="test_get_attendance_records" time="0.111" /><testcase classname="backend.tests.test_hr_module_v4.TestLeaveSummary" name="test_get_leave_summary_current_year" time="0.602" /><testcase classname="backend.tests.test_hr_module_v4.TestLeaveSummary" name="test_leave_summary_monthly_breakdown" time="0.117" /><testcase classname="backend.tests.test_hr_module_v4.TestLeaveSummary" name="test_leave_summary_different_year" time="0.106" /><testcase classname="backend.tests.test_hr_module_v4.TestDocumentManagement" name="test_add_aadhar_document" time="0.617" /><testcase classname="backend.tests.test_hr_module_v4.TestDocumentManagement" name="test_add_pan_document" time="0.106" /><testcase classname="backend.tests.test_hr_module_v4.TestDocumentManagement" name="test_add_offer_letter_document" time="0.147" /><testcase classname="backend.tests.test_hr_module_v4.TestDocumentManagement" name="test_get_employee_documents" time="0.152" /><testcase classname="backend.tests.test_hr_module_v4.TestDocumentManagement" name="test_delete_document" time="0.345" /><testcase classname="backend.tests.test_hr_module_v4.TestHRAuthorization" name="test_hr_can_access_employees" time="0.736" /><testcase classname="backend.tests.test_hr_module_v4.TestHRAuthorization" name="test_hr_can_save_salary" time="0.604" /><testcase classname="backend.tests.test_hr_module_v4.TestHRAuthorization" name="test_hr_can_mark_attendance" time="0.124" /><testcase classname="backend.tests.test_hr_module_v4.TestHRAuthorization" name="test_hr_can_add_document" time="0.109" /></testsuite></testsuites>