<?xml version="1.0" encoding="utf-8"?><testsuites name="pytest tests"><testsuite name="pytest" errors="0" failures="0" skipped="0" tests="19" time="13.825" timestamp="2026-02-16T12:05:56.297154+00:00" hostname="agent-env-633940b7-9691-4e0b-9527-f35498d90de6"><testcase classname="backend.tests.test_ess_data_sync.TestCRMLogin" name="test_crm_login_admin" time="0.483" /><testcase classname="backend.tests.test_ess_data_sync.TestCRMLogin" name="test_crm_login_hr" time="1.804" /><testcase classname="backend.tests.test_ess_data_sync.TestESSLogin" name="test_ess_login_hr" time="0.342" /><testcase classname="backend.tests.test_ess_data_sync.TestESSLogin" name="test_ess_login_admin" time="0.339" /><testcase classname="backend.tests.test_ess_data_sync.TestESSProfileEndpoint" name="test_profile_returns_all_fields" time="0.508" /><testcase classname="backend.tests.test_ess_data_sync.TestESSProfileEndpoint" name="test_profile_photo_url_field" time="0.448" /><testcase classname="backend.tests.test_ess_data_sync.TestESSProfileEndpoint" name="test_profile_date_of_joining_field" time="0.446" /><testcase classname="backend.tests.test_ess_data_sync.TestESSProfileEndpoint" name="test_profile_reporting_manager_fields" time="0.462" /><testcase classname="backend.tests.test_ess_data_sync.TestESSBankDetailsEndpoint" name="test_bank_details_endpoint_exists" time="0.498" /><testcase classname="backend.tests.test_ess_data_sync.TestESSBankDetailsEndpoint" name="test_bank_details_returns_required_fields" time="0.481" /><testcase classname="backend.tests.test_ess_data_sync.TestESSSalaryEndpoint" name="test_salary_endpoint_exists" time="0.461" /><testcase classname="backend.tests.test_ess_data_sync.TestESSSalaryEndpoint" name="test_salary_returns_conveyance_and_medical" time="0.442" /><testcase classname="backend.tests.test_ess_data_sync.TestCRMEmployeeUpdate" name="test_update_employee_photo_url" time="0.579" /><testcase classname="backend.tests.test_ess_data_sync.TestCRMEmployeeUpdate" name="test_update_employee_joining_date" time="0.652" /><testcase classname="backend.tests.test_ess_data_sync.TestCRMEmployeeUpdate" name="test_update_employee_reporting_manager" time="1.849" /><testcase classname="backend.tests.test_ess_data_sync.TestCRMEmployeeUpdate" name="test_update_employee_bank_details" time="0.682" /><testcase classname="backend.tests.test_ess_data_sync.TestEndToEndDataSync" name="test_e2e_photo_url_sync" time="1.012" /><testcase classname="backend.tests.test_ess_data_sync.TestEndToEndDataSync" name="test_e2e_joining_date_sync" time="1.036" /><testcase classname="backend.tests.test_ess_data_sync.TestEndToEndDataSync" name="test_e2e_reporting_manager_sync" time="1.206" /></testsuite></testsuites>