<?xml version="1.0" encoding="utf-8"?><testsuites name="pytest tests"><testsuite name="pytest" errors="0" failures="0" skipped="0" tests="5" time="4.129" timestamp="2026-02-14T14:54:07.221153+00:00" hostname="agent-env-c12630a0-edb8-4254-aca2-66d1c17830c4"><testcase classname="backend.tests.test_payroll_preview_ui.TestPayrollPreviewUIChanges" name="test_01_generate_preview" time="1.655" /><testcase classname="backend.tests.test_payroll_preview_ui.TestPayrollPreviewUIChanges" name="test_02_verify_working_days_in_header" time="0.458" /><testcase classname="backend.tests.test_payroll_preview_ui.TestPayrollPreviewUIChanges" name="test_03_create_batch_with_preview_data" time="0.579" /><testcase classname="backend.tests.test_payroll_preview_ui.TestPayrollPreviewUIChanges" name="test_04_validate_absent_days_cannot_exceed_working_days" time="0.707" /><testcase classname="backend.tests.test_payroll_preview_ui.TestPayrollPreviewUIChanges" name="test_05_cleanup_delete_batch" time="0.674" /></testsuite></testsuites>