<?xml version="1.0" encoding="utf-8"?><testsuites name="pytest tests"><testsuite name="pytest" errors="0" failures="0" skipped="0" tests="10" time="6.318" timestamp="2026-02-19T05:49:36.848677+00:00" hostname="agent-env-e5a55ebb-50c6-4ce6-9bca-5deaf4c0dfde"><testcase classname="backend.tests.test_customers_enhancements.TestCustomersEnhancements" name="test_get_sales_reps_with_counts_success" time="1.048" /><testcase classname="backend.tests.test_customers_enhancements.TestCustomersEnhancements" name="test_sales_reps_with_counts_unauthorized" time="0.438" /><testcase classname="backend.tests.test_customers_enhancements.TestCustomersEnhancements" name="test_seed_sample_data_success" time="0.460" /><testcase classname="backend.tests.test_customers_enhancements.TestCustomersEnhancements" name="test_seed_sample_data_unauthorized" time="0.457" /><testcase classname="backend.tests.test_customers_enhancements.TestCustomersEnhancements" name="test_customers_list_with_date_filter" time="0.438" /><testcase classname="backend.tests.test_customers_enhancements.TestCustomersEnhancements" name="test_customers_list_with_sales_rep_filter" time="0.602" /><testcase classname="backend.tests.test_customers_enhancements.TestCustomersEnhancements" name="test_customer_detailed_payments_with_packages" time="0.853" /><testcase classname="backend.tests.test_customers_enhancements.TestCustomersEnhancements" name="test_customer_notes_list" time="0.581" /><testcase classname="backend.tests.test_customers_enhancements.TestCustomersEnhancements" name="test_customer_activities_list" time="0.623" /><testcase classname="backend.tests.test_customers_enhancements.TestCustomersEnhancements" name="test_customer_update_success" time="0.749" /></testsuite></testsuites>