<?xml version="1.0" encoding="utf-8"?><testsuites name="pytest tests"><testsuite name="pytest" errors="0" failures="0" skipped="0" tests="11" time="5.022" timestamp="2026-02-15T11:50:52.139866+00:00" hostname="agent-env-6028d41e-89f4-4c2a-ac4b-7d20cdcc1a30"><testcase classname="backend.tests.test_notification_config.TestNotificationConfigAPI" name="test_get_triggers" time="0.651" /><testcase classname="backend.tests.test_notification_config.TestNotificationConfigAPI" name="test_get_templates" time="0.493" /><testcase classname="backend.tests.test_notification_config.TestNotificationConfigAPI" name="test_get_stats" time="0.459" /><testcase classname="backend.tests.test_notification_config.TestNotificationConfigAPI" name="test_update_trigger" time="1.023" /><testcase classname="backend.tests.test_notification_config.TestNotificationConfigAPI" name="test_send_announcement" time="0.454" /><testcase classname="backend.tests.test_notification_config.TestNotificationConfigAPI" name="test_unauthorized_access" time="0.483" /><testcase classname="backend.tests.test_notification_config.TestNotificationConfigAPI" name="test_non_hr_access_denied" time="0.748" /><testcase classname="backend.tests.test_notification_config.TestESSHealthCheck" name="test_ess_health" time="0.002" /><testcase classname="backend.tests.test_notification_config.TestESSHealthCheck" name="test_ess_auth_login" time="0.228" /><testcase classname="backend.tests.test_notification_config.TestMainCRMAPI" name="test_crm_root" time="0.100" /><testcase classname="backend.tests.test_notification_config.TestMainCRMAPI" name="test_crm_login" time="0.322" /></testsuite></testsuites>