<?xml version="1.0" encoding="utf-8"?><testsuites name="pytest tests"><testsuite name="pytest" errors="0" failures="2" skipped="5" tests="16" time="4.975" timestamp="2026-02-16T14:40:52.581857+00:00" hostname="agent-env-9a0b3529-38e1-464b-94a8-13324e492695"><testcase classname="backend.tests.test_bug_fixes_iteration38.TestAuthentication" name="test_crm_hr_login" time="0.485" /><testcase classname="backend.tests.test_bug_fixes_iteration38.TestAuthentication" name="test_crm_admin_login" time="0.406" /><testcase classname="backend.tests.test_bug_fixes_iteration38.TestAuthentication" name="test_ess_login" time="0.188"><failure message="AssertionError: ESS login failed: {&quot;detail&quot;:[{&quot;type&quot;:&quot;missing&quot;,&quot;loc&quot;:[&quot;body&quot;,&quot;device&quot;],&quot;msg&quot;:&quot;Field required&quot;,&quot;input&quot;:{&quot;email&quot;:&quot;hr@wisedrive.com&quot;,&quot;password&quot;:&quot;password123&quot;},&quot;url&quot;:&quot;https://errors.pydantic.dev/2.12/v/missing&quot;}]}&#10;assert 422 == 200&#10; +  where 422 = &lt;Response [422]&gt;.status_code">backend/tests/test_bug_fixes_iteration38.py:57: in test_ess_login
    assert response.status_code == 200, f"ESS login failed: {response.text}"
E   AssertionError: ESS login failed: {"detail":[{"type":"missing","loc":["body","device"],"msg":"Field required","input":{"email":"hr@wisedrive.com","password":"password123"},"url":"https://errors.pydantic.dev/2.12/v/missing"}]}
E   assert 422 == 200
E    +  where 422 = &lt;Response [422]&gt;.status_code</failure></testcase><testcase classname="backend.tests.test_bug_fixes_iteration38.TestBugFix1_PasswordNotReset" name="test_password_hash_validation_logic" time="0.445" /><testcase classname="backend.tests.test_bug_fixes_iteration38.TestBugFix1_PasswordNotReset" name="test_corrupted_hash_detection" time="0.000" /><testcase classname="backend.tests.test_bug_fixes_iteration38.TestBugFix1_PasswordNotReset" name="test_login_with_default_password" time="0.410" /><testcase classname="backend.tests.test_bug_fixes_iteration38.TestBugFix1_PasswordNotReset" name="test_password_reset_endpoint_exists" time="0.971" /><testcase classname="backend.tests.test_bug_fixes_iteration38.TestBugFix2_DocumentsInESS" name="test_ess_documents_endpoint_exists" time="0.178"><skipped type="pytest.skip" message="ESS login failed: {&quot;detail&quot;:[{&quot;type&quot;:&quot;missing&quot;,&quot;loc&quot;:[&quot;body&quot;,&quot;device&quot;],&quot;msg&quot;:&quot;Field required&quot;,&quot;input&quot;:{&quot;email&quot;:&quot;hr@wisedrive.com&quot;,&quot;password&quot;:&quot;password123&quot;},&quot;url&quot;:&quot;https://errors.pydantic.dev/2.12/v/missing&quot;}]}">/app/backend/tests/test_bug_fixes_iteration38.py:201: ESS login failed: {"detail":[{"type":"missing","loc":["body","device"],"msg":"Field required","input":{"email":"hr@wisedrive.com","password":"password123"},"url":"https://errors.pydantic.dev/2.12/v/missing"}]}</skipped></testcase><testcase classname="backend.tests.test_bug_fixes_iteration38.TestBugFix2_DocumentsInESS" name="test_upload_document_via_crm" time="0.190" /><testcase classname="backend.tests.test_bug_fixes_iteration38.TestBugFix2_DocumentsInESS" name="test_ess_documents_have_file_url" time="0.000"><skipped type="pytest.skip" message="ESS login failed: {&quot;detail&quot;:[{&quot;type&quot;:&quot;missing&quot;,&quot;loc&quot;:[&quot;body&quot;,&quot;device&quot;],&quot;msg&quot;:&quot;Field required&quot;,&quot;input&quot;:{&quot;email&quot;:&quot;hr@wisedrive.com&quot;,&quot;password&quot;:&quot;password123&quot;},&quot;url&quot;:&quot;https://errors.pydantic.dev/2.12/v/missing&quot;}]}">/app/backend/tests/test_bug_fixes_iteration38.py:240: ESS login failed: {"detail":[{"type":"missing","loc":["body","device"],"msg":"Field required","input":{"email":"hr@wisedrive.com","password":"password123"},"url":"https://errors.pydantic.dev/2.12/v/missing"}]}</skipped></testcase><testcase classname="backend.tests.test_bug_fixes_iteration38.TestBugFix2_DocumentsInESS" name="test_document_requirements_endpoint" time="0.000"><skipped type="pytest.skip" message="ESS login failed: {&quot;detail&quot;:[{&quot;type&quot;:&quot;missing&quot;,&quot;loc&quot;:[&quot;body&quot;,&quot;device&quot;],&quot;msg&quot;:&quot;Field required&quot;,&quot;input&quot;:{&quot;email&quot;:&quot;hr@wisedrive.com&quot;,&quot;password&quot;:&quot;password123&quot;},&quot;url&quot;:&quot;https://errors.pydantic.dev/2.12/v/missing&quot;}]}">/app/backend/tests/test_bug_fixes_iteration38.py:261: ESS login failed: {"detail":[{"type":"missing","loc":["body","device"],"msg":"Field required","input":{"email":"hr@wisedrive.com","password":"password123"},"url":"https://errors.pydantic.dev/2.12/v/missing"}]}</skipped></testcase><testcase classname="backend.tests.test_bug_fixes_iteration38.TestBugFix3_SalaryDataPersistence" name="test_get_salary_endpoint" time="0.274" /><testcase classname="backend.tests.test_bug_fixes_iteration38.TestBugFix3_SalaryDataPersistence" name="test_save_and_retrieve_salary" time="0.568" /><testcase classname="backend.tests.test_bug_fixes_iteration38.TestBugFix3_SalaryDataPersistence" name="test_ess_salary_endpoint" time="0.000"><skipped type="pytest.skip" message="ESS login failed: {&quot;detail&quot;:[{&quot;type&quot;:&quot;missing&quot;,&quot;loc&quot;:[&quot;body&quot;,&quot;device&quot;],&quot;msg&quot;:&quot;Field required&quot;,&quot;input&quot;:{&quot;email&quot;:&quot;hr@wisedrive.com&quot;,&quot;password&quot;:&quot;password123&quot;},&quot;url&quot;:&quot;https://errors.pydantic.dev/2.12/v/missing&quot;}]}">/app/backend/tests/test_bug_fixes_iteration38.py:373: ESS login failed: {"detail":[{"type":"missing","loc":["body","device"],"msg":"Field required","input":{"email":"hr@wisedrive.com","password":"password123"},"url":"https://errors.pydantic.dev/2.12/v/missing"}]}</skipped></testcase><testcase classname="backend.tests.test_bug_fixes_iteration38.TestEndToEndFlow" name="test_full_login_flow" time="0.759"><failure message="AssertionError: ESS login failed: {&quot;detail&quot;:[{&quot;type&quot;:&quot;missing&quot;,&quot;loc&quot;:[&quot;body&quot;,&quot;device&quot;],&quot;msg&quot;:&quot;Field required&quot;,&quot;input&quot;:{&quot;email&quot;:&quot;hr@wisedrive.com&quot;,&quot;password&quot;:&quot;password123&quot;},&quot;url&quot;:&quot;https://errors.pydantic.dev/2.12/v/missing&quot;}]}&#10;assert 422 == 200&#10; +  where 422 = &lt;Response [422]&gt;.status_code">backend/tests/test_bug_fixes_iteration38.py:414: in test_full_login_flow
    assert ess_response.status_code == 200, f"ESS login failed: {ess_response.text}"
E   AssertionError: ESS login failed: {"detail":[{"type":"missing","loc":["body","device"],"msg":"Field required","input":{"email":"hr@wisedrive.com","password":"password123"},"url":"https://errors.pydantic.dev/2.12/v/missing"}]}
E   assert 422 == 200
E    +  where 422 = &lt;Response [422]&gt;.status_code</failure></testcase><testcase classname="backend.tests.test_bug_fixes_iteration38.TestEndToEndFlow" name="test_crm_to_ess_data_sync" time="0.000"><skipped type="pytest.skip" message="ESS login failed: {&quot;detail&quot;:[{&quot;type&quot;:&quot;missing&quot;,&quot;loc&quot;:[&quot;body&quot;,&quot;device&quot;],&quot;msg&quot;:&quot;Field required&quot;,&quot;input&quot;:{&quot;email&quot;:&quot;hr@wisedrive.com&quot;,&quot;password&quot;:&quot;password123&quot;},&quot;url&quot;:&quot;https://errors.pydantic.dev/2.12/v/missing&quot;}]}">/app/backend/tests/test_bug_fixes_iteration38.py:420: ESS login failed: {"detail":[{"type":"missing","loc":["body","device"],"msg":"Field required","input":{"email":"hr@wisedrive.com","password":"password123"},"url":"https://errors.pydantic.dev/2.12/v/missing"}]}</skipped></testcase></testsuite></testsuites>