<?xml version="1.0" encoding="utf-8"?><testsuites name="pytest tests"><testsuite name="pytest" errors="0" failures="0" skipped="0" tests="20" time="8.200" timestamp="2026-02-14T20:08:48.644594+00:00" hostname="agent-env-272c3ebd-ee69-430d-9d53-0d59d9a2e54b"><testcase classname="backend.tests.test_new_features_v2.TestAuth" name="test_hr_login" time="0.676" /><testcase classname="backend.tests.test_new_features_v2.TestAuth" name="test_ceo_login" time="0.619" /><testcase classname="backend.tests.test_new_features_v2.TestAttendanceCalendar" name="test_get_attendance_calendar" time="0.588" /><testcase classname="backend.tests.test_new_features_v2.TestAttendanceCalendar" name="test_calendar_has_lop_in_legend" time="0.157" /><testcase classname="backend.tests.test_new_features_v2.TestAttendanceCalendar" name="test_calendar_has_half_day_in_legend" time="0.120" /><testcase classname="backend.tests.test_new_features_v2.TestAttendanceCalendar" name="test_calendar_employee_summary_has_lop_days" time="0.148" /><testcase classname="backend.tests.test_new_features_v2.TestAttendanceCalendar" name="test_calendar_search_filter" time="0.208" /><testcase classname="backend.tests.test_new_features_v2.TestAttendanceUpdate" name="test_update_attendance_to_lop" time="0.873" /><testcase classname="backend.tests.test_new_features_v2.TestAttendanceUpdate" name="test_update_attendance_to_present" time="0.141" /><testcase classname="backend.tests.test_new_features_v2.TestAttendanceUpdate" name="test_update_attendance_to_half_day" time="0.123" /><testcase classname="backend.tests.test_new_features_v2.TestAttendanceUpdate" name="test_cannot_update_future_date" time="0.170" /><testcase classname="backend.tests.test_new_features_v2.TestAttendanceUpdate" name="test_absent_normalizes_to_lop" time="0.135" /><testcase classname="backend.tests.test_new_features_v2.TestAttendanceUpdate" name="test_verify_lop_in_calendar_after_update" time="0.137" /><testcase classname="backend.tests.test_new_features_v2.TestCityMaster" name="test_get_countries_with_cities" time="0.626" /><testcase classname="backend.tests.test_new_features_v2.TestCityMaster" name="test_update_country_with_cities" time="0.383" /><testcase classname="backend.tests.test_new_features_v2.TestEmployeePayslips" name="test_get_employee_payslips_endpoint_exists" time="1.331" /><testcase classname="backend.tests.test_new_features_v2.TestEmployeePayslips" name="test_payslips_sorted_by_date_desc" time="0.115" /><testcase classname="backend.tests.test_new_features_v2.TestRBACForNewEndpoints" name="test_sales_cannot_access_attendance_calendar" time="0.574" /><testcase classname="backend.tests.test_new_features_v2.TestRBACForNewEndpoints" name="test_sales_cannot_update_attendance" time="0.818" /><testcase classname="backend.tests.test_new_features_v2.TestRBACForNewEndpoints" name="test_sales_cannot_access_employee_payslips" time="0.164" /></testsuite></testsuites>