<?xml version="1.0" encoding="utf-8"?><testsuites name="pytest tests"><testsuite name="pytest" errors="6" failures="1" skipped="0" tests="23" time="11.188" timestamp="2026-02-14T06:14:20.838180+00:00" hostname="agent-env-30ebc522-b16f-4fb4-b19e-73f2898d20ef"><testcase classname="backend.tests.test_crm_features_v4.TestAuth" name="test_get_login_countries" time="0.211" /><testcase classname="backend.tests.test_crm_features_v4.TestAuth" name="test_login_ceo" time="0.651" /><testcase classname="backend.tests.test_crm_features_v4.TestAuth" name="test_login_hr_manager" time="0.403" /><testcase classname="backend.tests.test_crm_features_v4.TestAuth" name="test_login_finance_manager" time="0.106"><failure message="assert 401 == 200&#10; +  where 401 = &lt;Response [401]&gt;.status_code">backend/tests/test_crm_features_v4.py:60: in test_login_finance_manager
    assert response.status_code == 200
E   assert 401 == 200
E    +  where 401 = &lt;Response [401]&gt;.status_code</failure></testcase><testcase classname="backend.tests.test_crm_features_v4.TestMultiRoleSupport" name="test_get_current_user_with_roles" time="0.882" /><testcase classname="backend.tests.test_crm_features_v4.TestMultiRoleSupport" name="test_get_roles_list" time="0.441" /><testcase classname="backend.tests.test_crm_features_v4.TestMultiRoleSupport" name="test_users_have_role_ids_array" time="0.486" /><testcase classname="backend.tests.test_crm_features_v4.TestInlineLeadStatusUpdate" name="test_patch_lead_status_to_hot" time="0.450"><error message="failed on setup with &quot;assert (422 == 200 or 422 == 201)&#10; +  where 422 = &lt;Response [422]&gt;.status_code&#10; +  and   422 = &lt;Response [422]&gt;.status_code&quot;">backend/tests/test_crm_features_v4.py:158: in test_lead
    assert response.status_code == 200 or response.status_code == 201
E   assert (422 == 200 or 422 == 201)
E    +  where 422 = &lt;Response [422]&gt;.status_code
E    +  and   422 = &lt;Response [422]&gt;.status_code</error></testcase><testcase classname="backend.tests.test_crm_features_v4.TestInlineLeadStatusUpdate" name="test_patch_lead_status_to_contacted" time="0.450"><error message="failed on setup with &quot;assert (422 == 200 or 422 == 201)&#10; +  where 422 = &lt;Response [422]&gt;.status_code&#10; +  and   422 = &lt;Response [422]&gt;.status_code&quot;">backend/tests/test_crm_features_v4.py:158: in test_lead
    assert response.status_code == 200 or response.status_code == 201
E   assert (422 == 200 or 422 == 201)
E    +  where 422 = &lt;Response [422]&gt;.status_code
E    +  and   422 = &lt;Response [422]&gt;.status_code</error></testcase><testcase classname="backend.tests.test_crm_features_v4.TestInlineLeadStatusUpdate" name="test_patch_lead_status_to_interested" time="0.530"><error message="failed on setup with &quot;assert (422 == 200 or 422 == 201)&#10; +  where 422 = &lt;Response [422]&gt;.status_code&#10; +  and   422 = &lt;Response [422]&gt;.status_code&quot;">backend/tests/test_crm_features_v4.py:158: in test_lead
    assert response.status_code == 200 or response.status_code == 201
E   assert (422 == 200 or 422 == 201)
E    +  where 422 = &lt;Response [422]&gt;.status_code
E    +  and   422 = &lt;Response [422]&gt;.status_code</error></testcase><testcase classname="backend.tests.test_crm_features_v4.TestInlineLeadStatusUpdate" name="test_patch_lead_status_to_converted" time="0.491"><error message="failed on setup with &quot;assert (422 == 200 or 422 == 201)&#10; +  where 422 = &lt;Response [422]&gt;.status_code&#10; +  and   422 = &lt;Response [422]&gt;.status_code&quot;">backend/tests/test_crm_features_v4.py:158: in test_lead
    assert response.status_code == 200 or response.status_code == 201
E   assert (422 == 200 or 422 == 201)
E    +  where 422 = &lt;Response [422]&gt;.status_code
E    +  and   422 = &lt;Response [422]&gt;.status_code</error></testcase><testcase classname="backend.tests.test_crm_features_v4.TestInlineLeadStatusUpdate" name="test_patch_lead_status_invalid" time="0.447"><error message="failed on setup with &quot;assert (422 == 200 or 422 == 201)&#10; +  where 422 = &lt;Response [422]&gt;.status_code&#10; +  and   422 = &lt;Response [422]&gt;.status_code&quot;">backend/tests/test_crm_features_v4.py:158: in test_lead
    assert response.status_code == 200 or response.status_code == 201
E   assert (422 == 200 or 422 == 201)
E    +  where 422 = &lt;Response [422]&gt;.status_code
E    +  and   422 = &lt;Response [422]&gt;.status_code</error></testcase><testcase classname="backend.tests.test_crm_features_v4.TestInlineLeadStatusUpdate" name="test_patch_lead_status_not_found" time="0.444" /><testcase classname="backend.tests.test_crm_features_v4.TestInlineLeadStatusUpdate" name="test_patch_lead_status_all_valid_statuses" time="0.437"><error message="failed on setup with &quot;assert (422 == 200 or 422 == 201)&#10; +  where 422 = &lt;Response [422]&gt;.status_code&#10; +  and   422 = &lt;Response [422]&gt;.status_code&quot;">backend/tests/test_crm_features_v4.py:158: in test_lead
    assert response.status_code == 200 or response.status_code == 201
E   assert (422 == 200 or 422 == 201)
E    +  where 422 = &lt;Response [422]&gt;.status_code
E    +  and   422 = &lt;Response [422]&gt;.status_code</error></testcase><testcase classname="backend.tests.test_crm_features_v4.TestEmployeeExitRejoin" name="test_get_employees_list" time="0.530" /><testcase classname="backend.tests.test_crm_features_v4.TestEmployeeExitRejoin" name="test_employee_has_employment_status_field" time="0.495" /><testcase classname="backend.tests.test_crm_features_v4.TestEmployeeExitRejoin" name="test_employee_exit_endpoint_exists" time="0.591" /><testcase classname="backend.tests.test_crm_features_v4.TestLeadsPage" name="test_get_leads_list" time="0.440" /><testcase classname="backend.tests.test_crm_features_v4.TestLeadsPage" name="test_get_leads_by_status_hot" time="0.489" /><testcase classname="backend.tests.test_crm_features_v4.TestLeadsPage" name="test_get_lead_statuses" time="0.442" /><testcase classname="backend.tests.test_crm_features_v4.TestAdminPage" name="test_get_roles_with_permissions" time="0.573" /><testcase classname="backend.tests.test_crm_features_v4.TestAdminPage" name="test_get_departments" time="0.478" /><testcase classname="backend.tests.test_crm_features_v4.TestAdminPage" name="test_get_teams" time="0.451" /></testsuite></testsuites>