<?xml version="1.0" encoding="utf-8"?><testsuites name="pytest tests"><testsuite name="pytest" errors="0" failures="0" skipped="0" tests="10" time="6.133" timestamp="2026-02-19T06:12:24.218257+00:00" hostname="agent-env-e5a55ebb-50c6-4ce6-9bca-5deaf4c0dfde"><testcase classname="backend.tests.test_customers_ui_fixes.TestCustomersUIFixes" name="test_add_note_to_customer" time="0.851" /><testcase classname="backend.tests.test_customers_ui_fixes.TestCustomersUIFixes" name="test_edit_note" time="0.540" /><testcase classname="backend.tests.test_customers_ui_fixes.TestCustomersUIFixes" name="test_delete_note" time="0.510" /><testcase classname="backend.tests.test_customers_ui_fixes.TestCustomersUIFixes" name="test_meta_info_in_detailed_payments" time="0.432" /><testcase classname="backend.tests.test_customers_ui_fixes.TestCustomersUIFixes" name="test_package_details_with_inspection_status" time="1.340" /><testcase classname="backend.tests.test_customers_ui_fixes.TestCustomersUIFixes" name="test_get_customer_notes" time="0.419" /><testcase classname="backend.tests.test_customers_ui_fixes.TestCustomersUIFixes" name="test_get_customer_activities" time="0.472" /><testcase classname="backend.tests.test_customers_ui_fixes.TestCustomersUIFixes" name="test_customer_list_payment_info" time="0.373" /><testcase classname="backend.tests.test_customers_ui_fixes.TestCustomersUIFixes" name="test_seed_demo_customer" time="0.439" /><testcase classname="backend.tests.test_customers_ui_fixes.TestNotesEditDelete" name="test_note_crud_full_cycle" time="0.679" /></testsuite></testsuites>