<?xml version="1.0" encoding="utf-8"?><testsuites name="pytest tests"><testsuite name="pytest" errors="0" failures="5" skipped="0" tests="10" time="8.486" timestamp="2026-02-22T19:17:07.837114+00:00" hostname="agent-env-450422a5-e1b7-41d4-9b20-86e7f6762631"><testcase classname="backend.tests.test_partner_assignment_option_c.TestPartnerAssignmentOptionC" name="test_get_partners_list" time="0.796" /><testcase classname="backend.tests.test_partner_assignment_option_c.TestPartnerAssignmentOptionC" name="test_create_ad_mapping_with_partner" time="0.741"><failure message="AssertionError: assert None == 'TEST_HDFC_CAMPAIGN_001'&#10; +  where None = &lt;built-in method get of dict object at 0xff20191f5500&gt;('ad_id')&#10; +    where &lt;built-in method get of dict object at 0xff20191f5500&gt; = {'id': 'fb31df2d-f00e-4ded-9b58-74435dd8c658', 'message': 'Mapping created'}.get">backend/tests/test_partner_assignment_option_c.py:113: in test_create_ad_mapping_with_partner
    assert created_mapping.get("ad_id") == "TEST_HDFC_CAMPAIGN_001"
E   AssertionError: assert None == 'TEST_HDFC_CAMPAIGN_001'
E    +  where None = &lt;built-in method get of dict object at 0xff20191f5500&gt;('ad_id')
E    +    where &lt;built-in method get of dict object at 0xff20191f5500&gt; = {'id': 'fb31df2d-f00e-4ded-9b58-74435dd8c658', 'message': 'Mapping created'}.get</failure></testcase><testcase classname="backend.tests.test_partner_assignment_option_c.TestPartnerAssignmentOptionC" name="test_create_ad_mapping_without_partner" time="0.752"><failure message="AssertionError: assert None == 'TEST_GENERIC_AD_001'&#10; +  where None = &lt;built-in method get of dict object at 0xff2019025e80&gt;('ad_id')&#10; +    where &lt;built-in method get of dict object at 0xff2019025e80&gt; = {'id': '7a9af84b-6fde-4be2-a716-1162cb8b4b66', 'message': 'Mapping created'}.get">backend/tests/test_partner_assignment_option_c.py:137: in test_create_ad_mapping_without_partner
    assert created_mapping.get("ad_id") == "TEST_GENERIC_AD_001"
E   AssertionError: assert None == 'TEST_GENERIC_AD_001'
E    +  where None = &lt;built-in method get of dict object at 0xff2019025e80&gt;('ad_id')
E    +    where &lt;built-in method get of dict object at 0xff2019025e80&gt; = {'id': '7a9af84b-6fde-4be2-a716-1162cb8b4b66', 'message': 'Mapping created'}.get</failure></testcase><testcase classname="backend.tests.test_partner_assignment_option_c.TestPartnerAssignmentOptionC" name="test_update_ad_mapping_partner" time="1.078" /><testcase classname="backend.tests.test_partner_assignment_option_c.TestPartnerAssignmentOptionC" name="test_ad_mappings_table_shows_partner" time="0.668" /><testcase classname="backend.tests.test_partner_assignment_option_c.TestPartnerAssignmentOptionC" name="test_webhook_assigns_partner_from_ad_mapping" time="1.181"><failure message="AssertionError: Webhook failed: {&quot;detail&quot;:&quot;Not Found&quot;}&#10;assert 404 == 200&#10; +  where 404 = &lt;Response [404]&gt;.status_code">backend/tests/test_partner_assignment_option_c.py:244: in test_webhook_assigns_partner_from_ad_mapping
    assert webhook_res.status_code == 200, f"Webhook failed: {webhook_res.text}"
E   AssertionError: Webhook failed: {"detail":"Not Found"}
E   assert 404 == 200
E    +  where 404 = &lt;Response [404]&gt;.status_code</failure></testcase><testcase classname="backend.tests.test_partner_assignment_option_c.TestPartnerAssignmentOptionC" name="test_webhook_defaults_to_b2c_without_partner_mapping" time="0.858"><failure message="assert 404 == 200&#10; +  where 404 = &lt;Response [404]&gt;.status_code">backend/tests/test_partner_assignment_option_c.py:293: in test_webhook_defaults_to_b2c_without_partner_mapping
    assert webhook_res.status_code == 200
E   assert 404 == 200
E    +  where 404 = &lt;Response [404]&gt;.status_code</failure></testcase><testcase classname="backend.tests.test_partner_assignment_option_c.TestPartnerAssignmentOptionC" name="test_webhook_defaults_to_b2c_for_unmapped_ad" time="0.695"><failure message="assert 404 == 200&#10; +  where 404 = &lt;Response [404]&gt;.status_code">backend/tests/test_partner_assignment_option_c.py:332: in test_webhook_defaults_to_b2c_for_unmapped_ad
    assert webhook_res.status_code == 200
E   assert 404 == 200
E    +  where 404 = &lt;Response [404]&gt;.status_code</failure></testcase><testcase classname="backend.tests.test_partner_assignment_option_c.TestPartnerAssignmentOptionC" name="test_existing_lead_creation_not_broken" time="0.716" /><testcase classname="backend.tests.test_partner_assignment_option_c.TestPartnerAssignmentOptionC" name="test_existing_ad_mapping_flow_not_broken" time="0.878" /></testsuite></testsuites>