<?xml version="1.0" encoding="utf-8"?><testsuites name="pytest tests"><testsuite name="pytest" errors="0" failures="0" skipped="0" tests="14" time="8.447" timestamp="2026-02-16T15:39:50.915807+00:00" hostname="agent-env-9a0b3529-38e1-464b-94a8-13324e492695"><testcase classname="tests.test_cto_visible_tabs.TestCTOVisibleTabs" name="test_01_cto_login_returns_user_info" time="0.617" /><testcase classname="tests.test_cto_visible_tabs.TestCTOVisibleTabs" name="test_02_cto_auth_me_returns_visible_tabs" time="0.690" /><testcase classname="tests.test_cto_visible_tabs.TestCTOVisibleTabs" name="test_03_cto_has_dashboard_tab" time="0.596" /><testcase classname="tests.test_cto_visible_tabs.TestCTOVisibleTabs" name="test_04_cto_has_leads_tab" time="0.591" /><testcase classname="tests.test_cto_visible_tabs.TestCTOVisibleTabs" name="test_05_cto_has_customers_tab" time="0.606" /><testcase classname="tests.test_cto_visible_tabs.TestCTOVisibleTabs" name="test_06_cto_has_inspections_tab" time="0.575" /><testcase classname="tests.test_cto_visible_tabs.TestCTOVisibleTabs" name="test_07_cto_has_hr_tab" time="0.593" /><testcase classname="tests.test_cto_visible_tabs.TestCTOVisibleTabs" name="test_08_cto_has_finance_tab" time="0.606" /><testcase classname="tests.test_cto_visible_tabs.TestCTOVisibleTabs" name="test_09_cto_has_settings_tab" time="0.565" /><testcase classname="tests.test_cto_visible_tabs.TestCTOVisibleTabs" name="test_10_cto_all_expected_tabs_present" time="0.525" /><testcase classname="tests.test_cto_visible_tabs.TestCTOVisibleTabs" name="test_11_cto_role_info_in_response" time="0.531" /><testcase classname="tests.test_cto_visible_tabs.TestCustomRoleVisibleTabs" name="test_12_preset_role_ceo_has_tabs" time="0.601" /><testcase classname="tests.test_cto_visible_tabs.TestCustomRoleVisibleTabs" name="test_13_custom_role_permissions_to_tabs_mapping" time="0.528" /><testcase classname="tests.test_cto_visible_tabs.TestDashboardAlwaysVisible" name="test_14_dashboard_always_included" time="0.753" /></testsuite></testsuites>