<?xml version="1.0" encoding="utf-8"?><testsuites name="pytest tests"><testsuite name="pytest" errors="0" failures="1" skipped="0" tests="13" time="9.615" timestamp="2026-02-14T16:49:13.472231+00:00" hostname="agent-env-2b314e78-cebb-47d4-9b4d-8260a6dec588"><testcase classname="backend.tests.test_hr_password_reset.TestPasswordReset" name="test_ceo_login" time="0.472" /><testcase classname="backend.tests.test_hr_password_reset.TestPasswordReset" name="test_hr_login" time="0.811" /><testcase classname="backend.tests.test_hr_password_reset.TestPasswordReset" name="test_finance_login" time="0.336" /><testcase classname="backend.tests.test_hr_password_reset.TestPasswordReset" name="test_ceo_can_view_employees" time="0.531" /><testcase classname="backend.tests.test_hr_password_reset.TestPasswordReset" name="test_hr_can_view_employees" time="0.503" /><testcase classname="backend.tests.test_hr_password_reset.TestPasswordReset" name="test_ceo_can_reset_password" time="1.696" /><testcase classname="backend.tests.test_hr_password_reset.TestPasswordReset" name="test_hr_can_reset_password" time="1.568" /><testcase classname="backend.tests.test_hr_password_reset.TestPasswordReset" name="test_finance_cannot_reset_password" time="0.503"><failure message="KeyError: 0">backend/tests/test_hr_password_reset.py:197: in test_finance_cannot_reset_password
    target_employee = employees[0] if employees else None
                      ^^^^^^^^^^^^
E   KeyError: 0</failure></testcase><testcase classname="backend.tests.test_hr_password_reset.TestPasswordReset" name="test_password_min_length_validation" time="0.635" /><testcase classname="backend.tests.test_hr_password_reset.TestPasswordReset" name="test_reset_nonexistent_employee" time="0.553" /><testcase classname="backend.tests.test_hr_password_reset.TestPayrollPreviewNumericInput" name="test_payroll_preview_endpoint" time="0.622" /><testcase classname="backend.tests.test_hr_password_reset.TestPayrollPreviewNumericInput" name="test_payroll_batches_endpoint" time="0.458" /><testcase classname="backend.tests.test_hr_password_reset.TestEmployeeSalaryStructure" name="test_get_employees_with_salary" time="0.779" /></testsuite></testsuites>