<?xml version="1.0" encoding="utf-8"?><testsuites name="pytest tests"><testsuite name="pytest" errors="0" failures="1" skipped="0" tests="17" time="7.497" timestamp="2026-02-14T04:42:28.242431+00:00" hostname="agent-env-0221be67-da1a-4588-bb7e-cf30d21ca35b"><testcase classname="tests.test_finance_enhanced.TestFinanceEnhanced" name="test_01_finance_manager_login" time="0.493" /><testcase classname="tests.test_finance_enhanced.TestFinanceEnhanced" name="test_02_verify_9_payment_types_in_backend" time="0.000" /><testcase classname="tests.test_finance_enhanced.TestFinanceEnhanced" name="test_03_vendor_payment_b2b_fields" time="0.402" /><testcase classname="tests.test_finance_enhanced.TestFinanceEnhanced" name="test_04_statutory_payment_b2b_fields" time="0.391" /><testcase classname="tests.test_finance_enhanced.TestFinanceEnhanced" name="test_05_legal_payment_b2b_fields" time="0.699" /><testcase classname="tests.test_finance_enhanced.TestFinanceEnhanced" name="test_06_b2b_payment_requires_vendor_name" time="0.381" /><testcase classname="tests.test_finance_enhanced.TestFinanceEnhanced" name="test_07_admin_expense_payment" time="0.457" /><testcase classname="tests.test_finance_enhanced.TestFinanceEnhanced" name="test_08_operational_expense_payment" time="0.464" /><testcase classname="tests.test_finance_enhanced.TestFinanceEnhanced" name="test_09_incentive_payment" time="0.452" /><testcase classname="tests.test_finance_enhanced.TestFinanceEnhanced" name="test_10_other_payment" time="0.470" /><testcase classname="tests.test_finance_enhanced.TestFinanceEnhanced" name="test_11_payslip_for_b2b_payment" time="0.481" /><testcase classname="tests.test_finance_enhanced.TestFinanceEnhanced" name="test_12_payslip_for_non_b2b_payment" time="0.583" /><testcase classname="tests.test_finance_enhanced.TestFinanceEnhanced" name="test_13_payment_proofs_endpoint" time="0.493" /><testcase classname="tests.test_finance_enhanced.TestFinanceEnhanced" name="test_14_filter_payments_by_type" time="0.407" /><testcase classname="tests.test_finance_enhanced.TestFinanceEnhanced" name="test_15_ceo_can_see_all_payment_types" time="0.412" /><testcase classname="tests.test_finance_enhanced.TestFinanceEnhanced" name="test_16_ceo_can_approve_b2b_payment" time="0.445"><failure message="assert 405 == 200&#10; +  where 405 = &lt;Response [405]&gt;.status_code">tests/test_finance_enhanced.py:482: in test_16_ceo_can_approve_b2b_payment
    assert response.status_code == 200
E   assert 405 == 200
E    +  where 405 = &lt;Response [405]&gt;.status_code</failure></testcase><testcase classname="tests.test_finance_enhanced.TestFinanceEnhanced" name="test_99_cleanup" time="0.368" /></testsuite></testsuites>