<?xml version="1.0" encoding="utf-8"?><testsuites name="pytest tests"><testsuite name="pytest" errors="0" failures="0" skipped="0" tests="32" time="19.776" timestamp="2026-02-23T18:58:49.212379+00:00" hostname="agent-env-1bc11779-76d2-46fa-8327-4fe272c6e9cf"><testcase classname="backend.tests.test_lead_customer_inspection_flow.TestLeadCustomerInspectionFlow" name="test_01_get_leads_list" time="0.590" /><testcase classname="backend.tests.test_lead_customer_inspection_flow.TestLeadCustomerInspectionFlow" name="test_02_create_lead_with_required_fields" time="0.619" /><testcase classname="backend.tests.test_lead_customer_inspection_flow.TestLeadCustomerInspectionFlow" name="test_03_create_lead_with_all_fields" time="0.549" /><testcase classname="backend.tests.test_lead_customer_inspection_flow.TestLeadCustomerInspectionFlow" name="test_04_update_lead_status" time="0.727" /><testcase classname="backend.tests.test_lead_customer_inspection_flow.TestLeadCustomerInspectionFlow" name="test_05_get_lead_statuses" time="0.479" /><testcase classname="backend.tests.test_lead_customer_inspection_flow.TestLeadCustomerInspectionFlow" name="test_06_filter_leads_by_city" time="0.590" /><testcase classname="backend.tests.test_lead_customer_inspection_flow.TestLeadCustomerInspectionFlow" name="test_07_filter_leads_by_status" time="0.636" /><testcase classname="backend.tests.test_lead_customer_inspection_flow.TestLeadCustomerInspectionFlow" name="test_08_filter_leads_by_date_range" time="0.598" /><testcase classname="backend.tests.test_lead_customer_inspection_flow.TestLeadCustomerInspectionFlow" name="test_09_get_customers_list" time="0.659" /><testcase classname="backend.tests.test_lead_customer_inspection_flow.TestLeadCustomerInspectionFlow" name="test_10_create_customer_directly" time="0.617" /><testcase classname="backend.tests.test_lead_customer_inspection_flow.TestLeadCustomerInspectionFlow" name="test_11_filter_customers_by_city" time="0.517" /><testcase classname="backend.tests.test_lead_customer_inspection_flow.TestLeadCustomerInspectionFlow" name="test_12_filter_customers_by_payment_status" time="0.762" /><testcase classname="backend.tests.test_lead_customer_inspection_flow.TestLeadCustomerInspectionFlow" name="test_13_get_inspections_list" time="0.516" /><testcase classname="backend.tests.test_lead_customer_inspection_flow.TestLeadCustomerInspectionFlow" name="test_14_get_scheduled_inspections" time="0.545" /><testcase classname="backend.tests.test_lead_customer_inspection_flow.TestLeadCustomerInspectionFlow" name="test_15_get_unscheduled_inspections" time="0.548" /><testcase classname="backend.tests.test_lead_customer_inspection_flow.TestLeadCustomerInspectionFlow" name="test_16_filter_inspections_by_city" time="0.610" /><testcase classname="backend.tests.test_lead_customer_inspection_flow.TestLeadCustomerInspectionFlow" name="test_17_filter_inspections_by_status" time="0.599" /><testcase classname="backend.tests.test_lead_customer_inspection_flow.TestLeadCustomerInspectionFlow" name="test_18_filter_inspections_by_date_range" time="0.563" /><testcase classname="backend.tests.test_lead_customer_inspection_flow.TestLeadCustomerInspectionFlow" name="test_19_get_inspection_packages" time="0.503" /><testcase classname="backend.tests.test_lead_customer_inspection_flow.TestLeadCustomerInspectionFlow" name="test_20_get_active_offers" time="0.914" /><testcase classname="backend.tests.test_lead_customer_inspection_flow.TestLeadCustomerInspectionFlow" name="test_21_get_mechanics_list" time="0.561" /><testcase classname="backend.tests.test_lead_customer_inspection_flow.TestLeadCustomerInspectionFlow" name="test_22_get_cities" time="0.627" /><testcase classname="backend.tests.test_lead_customer_inspection_flow.TestLeadCustomerInspectionFlow" name="test_23_get_lead_sources" time="0.563" /><testcase classname="backend.tests.test_lead_customer_inspection_flow.TestLeadCustomerInspectionFlow" name="test_24_get_sales_reps_by_city" time="0.483" /><testcase classname="backend.tests.test_lead_customer_inspection_flow.TestLeadCustomerInspectionFlow" name="test_25_create_lead_missing_name" time="0.670" /><testcase classname="backend.tests.test_lead_customer_inspection_flow.TestLeadCustomerInspectionFlow" name="test_26_create_lead_missing_mobile" time="0.645" /><testcase classname="backend.tests.test_lead_customer_inspection_flow.TestLeadCustomerInspectionFlow" name="test_27_create_lead_missing_city" time="0.601" /><testcase classname="backend.tests.test_lead_customer_inspection_flow.TestLeadCustomerInspectionFlow" name="test_28_create_customer_missing_required_fields" time="0.599" /><testcase classname="backend.tests.test_lead_customer_inspection_flow.TestLeadCustomerInspectionFlow" name="test_29_create_lead_with_different_cities" time="0.851" /><testcase classname="backend.tests.test_lead_customer_inspection_flow.TestLeadCustomerInspectionFlow" name="test_30_create_lead_with_different_sources" time="0.947" /><testcase classname="backend.tests.test_lead_customer_inspection_flow.TestPaymentLinkFlow" name="test_01_get_packages_for_payment" time="0.552" /><testcase classname="backend.tests.test_lead_customer_inspection_flow.TestPaymentLinkFlow" name="test_02_create_lead_for_payment" time="0.452" /></testsuite></testsuites>