<?xml version="1.0" encoding="utf-8"?><testsuites name="pytest tests"><testsuite name="pytest" errors="0" failures="0" skipped="0" tests="8" time="5.049" timestamp="2026-02-16T18:56:26.021284+00:00" hostname="agent-env-8cd5c7c8-7872-4f06-9a95-0661588ec88d"><testcase classname="backend.tests.test_rbac_leads.TestRBACLogin" name="test_sales_exec_login_returns_visible_tabs" time="0.391" /><testcase classname="backend.tests.test_rbac_leads.TestRBACLogin" name="test_hr_manager_login_returns_visible_tabs" time="0.446" /><testcase classname="backend.tests.test_rbac_leads.TestRBACLeadsAccess" name="test_sales_exec_only_sees_assigned_leads" time="0.792" /><testcase classname="backend.tests.test_rbac_leads.TestRBACLeadsAccess" name="test_hr_manager_sees_all_leads" time="0.574" /><testcase classname="backend.tests.test_rbac_leads.TestRBACLeadsAccess" name="test_sales_exec_lead_count_matches_summary" time="0.752" /><testcase classname="backend.tests.test_rbac_leads.TestRBACReassignment" name="test_sales_exec_cannot_reassign_lead" time="0.859" /><testcase classname="backend.tests.test_rbac_leads.TestRBACAuthMe" name="test_sales_exec_auth_me_visible_tabs" time="0.556" /><testcase classname="backend.tests.test_rbac_leads.TestRBACAuthMe" name="test_hr_manager_auth_me_visible_tabs" time="0.622" /></testsuite></testsuites>