<?xml version="1.0" encoding="utf-8"?><testsuites name="pytest tests"><testsuite name="pytest" errors="0" failures="1" skipped="2" tests="16" time="1.762" timestamp="2026-02-19T14:37:36.088251+00:00" hostname="agent-env-4b4c7fdb-0936-4995-b356-967e83d61fbc"><testcase classname="backend.tests.test_mechanic_app_api.TestMechanicOTPAuth" name="test_request_otp_registered_mechanic" time="0.242" /><testcase classname="backend.tests.test_mechanic_app_api.TestMechanicOTPAuth" name="test_request_otp_unregistered_phone" time="0.058" /><testcase classname="backend.tests.test_mechanic_app_api.TestMechanicOTPAuth" name="test_verify_otp_success" time="0.110" /><testcase classname="backend.tests.test_mechanic_app_api.TestMechanicOTPAuth" name="test_verify_otp_invalid" time="0.127" /><testcase classname="backend.tests.test_mechanic_app_api.TestMechanicOTPAuth" name="test_verify_otp_without_request" time="0.057" /><testcase classname="backend.tests.test_mechanic_app_api.TestMechanicInspections" name="test_get_inspections_list" time="0.216" /><testcase classname="backend.tests.test_mechanic_app_api.TestMechanicInspections" name="test_get_inspections_with_status_filter" time="0.199" /><testcase classname="backend.tests.test_mechanic_app_api.TestMechanicInspections" name="test_get_inspections_unauthorized" time="0.060"><failure message="AssertionError: Expected 401, got 200&#10;assert 200 == 401&#10; +  where 200 = &lt;Response [200]&gt;.status_code">backend/tests/test_mechanic_app_api.py:145: in test_get_inspections_unauthorized
    assert response.status_code == 401, f"Expected 401, got {response.status_code}"
E   AssertionError: Expected 401, got 200
E   assert 200 == 401
E    +  where 200 = &lt;Response [200]&gt;.status_code</failure></testcase><testcase classname="backend.tests.test_mechanic_app_api.TestMechanicInspectionDetail" name="test_get_inspection_detail" time="0.149" /><testcase classname="backend.tests.test_mechanic_app_api.TestMechanicInspectionDetail" name="test_get_inspection_detail_not_found" time="0.064" /><testcase classname="backend.tests.test_mechanic_app_api.TestInspectionQuestionnaire" name="test_get_questionnaire" time="0.060" /><testcase classname="backend.tests.test_mechanic_app_api.TestMechanicInspectionActions" name="test_accept_inspection" time="0.067"><skipped type="pytest.skip" message="No NEW inspection available for testing">/app/backend/tests/test_mechanic_app_api.py:212: No NEW inspection available for testing</skipped></testcase><testcase classname="backend.tests.test_mechanic_app_api.TestMechanicInspectionActions" name="test_save_progress" time="0.128" /><testcase classname="backend.tests.test_mechanic_app_api.TestMechanicInspectionActions" name="test_complete_inspection" time="0.059" /><testcase classname="backend.tests.test_mechanic_app_api.TestMechanicInspectionActions" name="test_accept_nonexistent_inspection" time="0.069" /><testcase classname="backend.tests.test_mechanic_app_api.TestMechanicRejectInspection" name="test_reject_inspection" time="0.000"><skipped type="pytest.skip" message="No NEW inspection available for testing">/app/backend/tests/test_mechanic_app_api.py:288: No NEW inspection available for testing</skipped></testcase></testsuite></testsuites>