<?xml version="1.0" encoding="utf-8"?><testsuites name="pytest tests"><testsuite name="pytest" errors="0" failures="0" skipped="0" tests="19" time="11.686" timestamp="2026-02-13T19:24:35.165612+00:00" hostname="agent-env-9bbc769a-edef-494d-9623-eba4637c6bd6"><testcase classname="backend.tests.test_hr_audit.TestSalaryAPI" name="test_ceo_can_view_salaries" time="0.805" /><testcase classname="backend.tests.test_hr_audit.TestSalaryAPI" name="test_hr_can_view_salaries" time="0.593" /><testcase classname="backend.tests.test_hr_audit.TestSalaryAPI" name="test_sales_exec_cannot_view_salaries" time="0.551" /><testcase classname="backend.tests.test_hr_audit.TestSalaryAPI" name="test_salary_has_user_info" time="0.536" /><testcase classname="backend.tests.test_hr_audit.TestSalaryAPI" name="test_ceo_can_create_salary" time="0.840" /><testcase classname="backend.tests.test_hr_audit.TestSalaryAPI" name="test_sales_exec_cannot_create_salary" time="0.511" /><testcase classname="backend.tests.test_hr_audit.TestAuditLogsAPI" name="test_ceo_can_view_audit_logs" time="0.535" /><testcase classname="backend.tests.test_hr_audit.TestAuditLogsAPI" name="test_hr_can_view_audit_logs" time="0.537" /><testcase classname="backend.tests.test_hr_audit.TestAuditLogsAPI" name="test_sales_exec_cannot_view_audit_logs" time="0.638" /><testcase classname="backend.tests.test_hr_audit.TestAuditLogsAPI" name="test_audit_log_has_required_fields" time="0.917" /><testcase classname="backend.tests.test_hr_audit.TestAuditLogsAPI" name="test_audit_stats_endpoint" time="0.514" /><testcase classname="backend.tests.test_hr_audit.TestAuditLogsAPI" name="test_sales_exec_cannot_view_audit_stats" time="0.531" /><testcase classname="backend.tests.test_hr_audit.TestHRAuditTabVisibility" name="test_ceo_sees_hr_tab" time="0.658" /><testcase classname="backend.tests.test_hr_audit.TestHRAuditTabVisibility" name="test_hr_sees_hr_tab" time="0.579" /><testcase classname="backend.tests.test_hr_audit.TestHRAuditTabVisibility" name="test_sales_exec_does_not_see_hr_tab" time="0.613" /><testcase classname="backend.tests.test_hr_audit.TestHRAuditTabVisibility" name="test_ceo_sees_employees_tab" time="0.510" /><testcase classname="backend.tests.test_hr_audit.TestHRAuditTabVisibility" name="test_hr_sees_employees_tab" time="0.484" /><testcase classname="backend.tests.test_hr_audit.TestEmployeeDataEnrichment" name="test_employees_have_role_name" time="0.613" /><testcase classname="backend.tests.test_hr_audit.TestEmployeeDataEnrichment" name="test_employees_have_country_name" time="0.634" /></testsuite></testsuites>