<?xml version="1.0" encoding="utf-8"?><testsuites name="pytest tests"><testsuite name="pytest" errors="0" failures="0" skipped="0" tests="32" time="7.710" timestamp="2026-02-15T11:07:00.078986+00:00" hostname="agent-env-6028d41e-89f4-4c2a-ac4b-7d20cdcc1a30"><testcase classname="backend.tests.test_ess_mobile_api.TestESSHealthCheck" name="test_health_check" time="0.004" /><testcase classname="backend.tests.test_ess_mobile_api.TestESSHealthCheck" name="test_root_endpoint" time="0.002" /><testcase classname="backend.tests.test_ess_mobile_api.TestESSHealthCheck" name="test_docs_endpoint" time="0.002" /><testcase classname="backend.tests.test_ess_mobile_api.TestESSAuthentication" name="test_login_success_ceo" time="0.229" /><testcase classname="backend.tests.test_ess_mobile_api.TestESSAuthentication" name="test_login_success_hr" time="0.228" /><testcase classname="backend.tests.test_ess_mobile_api.TestESSAuthentication" name="test_login_success_sales_exec" time="0.228" /><testcase classname="backend.tests.test_ess_mobile_api.TestESSAuthentication" name="test_login_invalid_credentials" time="0.003" /><testcase classname="backend.tests.test_ess_mobile_api.TestESSAuthentication" name="test_login_wrong_password" time="0.225" /><testcase classname="backend.tests.test_ess_mobile_api.TestSingleDevicePolicy" name="test_new_login_invalidates_old_session" time="0.468" /><testcase classname="backend.tests.test_ess_mobile_api.TestESSProfile" name="test_get_profile" time="0.233" /><testcase classname="backend.tests.test_ess_mobile_api.TestESSProfile" name="test_get_profile_unauthorized" time="0.001" /><testcase classname="backend.tests.test_ess_mobile_api.TestESSProfile" name="test_get_bank_details" time="0.232" /><testcase classname="backend.tests.test_ess_mobile_api.TestESSProfile" name="test_get_salary_summary" time="0.231" /><testcase classname="backend.tests.test_ess_mobile_api.TestESSProfile" name="test_get_attendance_summary" time="0.232" /><testcase classname="backend.tests.test_ess_mobile_api.TestESSLeaveManagement" name="test_get_leave_balance" time="0.232" /><testcase classname="backend.tests.test_ess_mobile_api.TestESSLeaveManagement" name="test_get_leave_history" time="0.232" /><testcase classname="backend.tests.test_ess_mobile_api.TestESSLeaveManagement" name="test_apply_leave" time="0.233" /><testcase classname="backend.tests.test_ess_mobile_api.TestESSLeaveManagement" name="test_apply_leave_past_date_rejected" time="0.231" /><testcase classname="backend.tests.test_ess_mobile_api.TestESSNotifications" name="test_get_notifications" time="0.232" /><testcase classname="backend.tests.test_ess_mobile_api.TestESSNotifications" name="test_get_unread_count" time="0.231" /><testcase classname="backend.tests.test_ess_mobile_api.TestESSNotifications" name="test_get_notification_settings" time="0.231" /><testcase classname="backend.tests.test_ess_mobile_api.TestESSNotifications" name="test_update_notification_settings" time="0.232" /><testcase classname="backend.tests.test_ess_mobile_api.TestESSNotifications" name="test_mark_notifications_read" time="0.232" /><testcase classname="backend.tests.test_ess_mobile_api.TestESSPayslips" name="test_get_payslips" time="0.234" /><testcase classname="backend.tests.test_ess_mobile_api.TestESSPayslips" name="test_get_available_years" time="0.232" /><testcase classname="backend.tests.test_ess_mobile_api.TestESSDocuments" name="test_get_documents" time="0.231" /><testcase classname="backend.tests.test_ess_mobile_api.TestESSDocuments" name="test_get_document_requirements" time="0.230" /><testcase classname="backend.tests.test_ess_mobile_api.TestESSAuthSession" name="test_get_current_session" time="0.231" /><testcase classname="backend.tests.test_ess_mobile_api.TestESSAuthSession" name="test_logout" time="0.234" /><testcase classname="backend.tests.test_ess_mobile_api.TestESSAuthSession" name="test_refresh_token" time="1.236" /><testcase classname="backend.tests.test_ess_mobile_api.TestMainCRMAPIStillWorking" name="test_crm_api_root" time="0.256" /><testcase classname="backend.tests.test_ess_mobile_api.TestMainCRMAPIStillWorking" name="test_crm_api_login" time="0.351" /></testsuite></testsuites>