<?xml version="1.0" encoding="utf-8"?><testsuites name="pytest tests"><testsuite name="pytest" errors="0" failures="0" skipped="1" tests="16" time="8.882" timestamp="2026-02-15T07:44:35.238579+00:00" hostname="agent-env-c6e1a72d-6bbe-4f69-8396-82aba63b93ab"><testcase classname="backend.tests.test_employee_lifecycle.TestEmployeeLifecycle" name="test_01_login_hr_manager" time="0.652" /><testcase classname="backend.tests.test_employee_lifecycle.TestEmployeeLifecycle" name="test_02_login_ceo" time="0.000"><skipped type="pytest.skip" message="CEO user not seeded in database">/app/backend/tests/test_employee_lifecycle.py:60: CEO user not seeded in database</skipped></testcase><testcase classname="backend.tests.test_employee_lifecycle.TestEmployeeLifecycle" name="test_03_get_employees_list" time="0.506" /><testcase classname="backend.tests.test_employee_lifecycle.TestEmployeeLifecycle" name="test_04_get_roles" time="0.491" /><testcase classname="backend.tests.test_employee_lifecycle.TestEmployeeLifecycle" name="test_05_get_countries" time="0.445" /><testcase classname="backend.tests.test_employee_lifecycle.TestEmployeeLifecycle" name="test_06_create_employee_all_fields" time="0.908" /><testcase classname="backend.tests.test_employee_lifecycle.TestEmployeeLifecycle" name="test_07_update_employee_weekly_off_day" time="0.712" /><testcase classname="backend.tests.test_employee_lifecycle.TestEmployeeLifecycle" name="test_08_setup_employee_salary" time="0.637" /><testcase classname="backend.tests.test_employee_lifecycle.TestEmployeeLifecycle" name="test_09_get_employee_attendance" time="0.518" /><testcase classname="backend.tests.test_employee_lifecycle.TestEmployeeLifecycle" name="test_10_mark_employee_attendance" time="0.531" /><testcase classname="backend.tests.test_employee_lifecycle.TestEmployeeLifecycle" name="test_11_get_employee_documents" time="0.636" /><testcase classname="backend.tests.test_employee_lifecycle.TestEmployeeLifecycle" name="test_12_add_employee_document" time="0.596" /><testcase classname="backend.tests.test_employee_lifecycle.TestEmployeeLifecycle" name="test_13_toggle_lead_assignment" time="0.610" /><testcase classname="backend.tests.test_employee_lifecycle.TestEmployeeLifecycle" name="test_14_get_employee_payslips" time="0.521" /><testcase classname="backend.tests.test_employee_lifecycle.TestEmployeeLifecycle" name="test_15_payroll_preview" time="0.520" /><testcase classname="backend.tests.test_employee_lifecycle.TestEmployeeLifecycle" name="test_99_cleanup_test_data" time="0.532" /></testsuite></testsuites>