<?xml version="1.0" encoding="utf-8"?><testsuites name="pytest tests"><testsuite name="pytest" errors="0" failures="0" skipped="0" tests="9" time="7.329" timestamp="2026-02-18T06:44:22.574827+00:00" hostname="agent-env-06b4646b-d170-49a6-9fb4-7b8c9195874c"><testcase classname="backend.tests.test_collect_balance_feature.TestCollectBalanceFeature" name="test_01_inspections_api_returns_payment_status" time="2.090" /><testcase classname="backend.tests.test_collect_balance_feature.TestCollectBalanceFeature" name="test_02_inspections_api_returns_inspection_status" time="0.452" /><testcase classname="backend.tests.test_collect_balance_feature.TestCollectBalanceFeature" name="test_03_find_partial_payment_inspection" time="0.462" /><testcase classname="backend.tests.test_collect_balance_feature.TestCollectBalanceFeature" name="test_04_collect_balance_api_works" time="1.788" /><testcase classname="backend.tests.test_collect_balance_feature.TestCollectBalanceFeature" name="test_05_collect_balance_fails_for_fully_paid" time="0.576" /><testcase classname="backend.tests.test_collect_balance_feature.TestCollectBalanceFeature" name="test_06_send_report_requires_full_payment" time="0.551" /><testcase classname="backend.tests.test_collect_balance_feature.TestCollectBalanceFeature" name="test_07_payment_status_badges" time="0.473" /><testcase classname="backend.tests.test_collect_balance_feature.TestLeadsPartialPayment" name="test_01_leads_api_works" time="0.448" /><testcase classname="backend.tests.test_collect_balance_feature.TestLeadsPartialPayment" name="test_02_inspection_packages_api_works" time="0.426" /></testsuite></testsuites>