<?xml version="1.0" encoding="utf-8"?><testsuites name="pytest tests"><testsuite name="pytest" errors="0" failures="5" skipped="0" tests="32" time="20.445" timestamp="2026-02-23T18:55:15.046006+00:00" hostname="agent-env-1bc11779-76d2-46fa-8327-4fe272c6e9cf"><testcase classname="backend.tests.test_lead_customer_inspection_flow.TestLeadCustomerInspectionFlow" name="test_01_get_leads_list" time="0.737" /><testcase classname="backend.tests.test_lead_customer_inspection_flow.TestLeadCustomerInspectionFlow" name="test_02_create_lead_with_required_fields" time="0.909" /><testcase classname="backend.tests.test_lead_customer_inspection_flow.TestLeadCustomerInspectionFlow" name="test_03_create_lead_with_all_fields" time="0.597" /><testcase classname="backend.tests.test_lead_customer_inspection_flow.TestLeadCustomerInspectionFlow" name="test_04_update_lead_status" time="0.567" /><testcase classname="backend.tests.test_lead_customer_inspection_flow.TestLeadCustomerInspectionFlow" name="test_05_get_lead_statuses" time="0.564" /><testcase classname="backend.tests.test_lead_customer_inspection_flow.TestLeadCustomerInspectionFlow" name="test_06_filter_leads_by_city" time="0.542" /><testcase classname="backend.tests.test_lead_customer_inspection_flow.TestLeadCustomerInspectionFlow" name="test_07_filter_leads_by_status" time="0.610" /><testcase classname="backend.tests.test_lead_customer_inspection_flow.TestLeadCustomerInspectionFlow" name="test_08_filter_leads_by_date_range" time="0.523" /><testcase classname="backend.tests.test_lead_customer_inspection_flow.TestLeadCustomerInspectionFlow" name="test_09_get_customers_list" time="0.657" /><testcase classname="backend.tests.test_lead_customer_inspection_flow.TestLeadCustomerInspectionFlow" name="test_10_create_customer_directly" time="0.622"><failure message="AssertionError: Create customer failed: {&quot;detail&quot;:[{&quot;type&quot;:&quot;missing&quot;,&quot;loc&quot;:[&quot;body&quot;,&quot;country_id&quot;],&quot;msg&quot;:&quot;Field required&quot;,&quot;input&quot;:{&quot;name&quot;:&quot;TEST_Customer_5bbc2eb5&quot;,&quot;mobile&quot;:&quot;98785bbc2e&quot;,&quot;city&quot;:&quot;Chennai&quot;,&quot;payment_status&quot;:&quot;PENDING&quot;},&quot;url&quot;:&quot;https://errors.pydantic.dev/2.12/v/missing&quot;}]}&#10;assert 422 == 200&#10; +  where 422 = &lt;Response [422]&gt;.status_code">backend/tests/test_lead_customer_inspection_flow.py:205: in test_10_create_customer_directly
    assert response.status_code == 200, f"Create customer failed: {response.text}"
E   AssertionError: Create customer failed: {"detail":[{"type":"missing","loc":["body","country_id"],"msg":"Field required","input":{"name":"TEST_Customer_5bbc2eb5","mobile":"98785bbc2e","city":"Chennai","payment_status":"PENDING"},"url":"https://errors.pydantic.dev/2.12/v/missing"}]}
E   assert 422 == 200
E    +  where 422 = &lt;Response [422]&gt;.status_code</failure></testcase><testcase classname="backend.tests.test_lead_customer_inspection_flow.TestLeadCustomerInspectionFlow" name="test_11_filter_customers_by_city" time="0.522" /><testcase classname="backend.tests.test_lead_customer_inspection_flow.TestLeadCustomerInspectionFlow" name="test_12_filter_customers_by_payment_status" time="0.764" /><testcase classname="backend.tests.test_lead_customer_inspection_flow.TestLeadCustomerInspectionFlow" name="test_13_get_inspections_list" time="0.631" /><testcase classname="backend.tests.test_lead_customer_inspection_flow.TestLeadCustomerInspectionFlow" name="test_14_get_scheduled_inspections" time="0.560" /><testcase classname="backend.tests.test_lead_customer_inspection_flow.TestLeadCustomerInspectionFlow" name="test_15_get_unscheduled_inspections" time="0.961" /><testcase classname="backend.tests.test_lead_customer_inspection_flow.TestLeadCustomerInspectionFlow" name="test_16_filter_inspections_by_city" time="0.654" /><testcase classname="backend.tests.test_lead_customer_inspection_flow.TestLeadCustomerInspectionFlow" name="test_17_filter_inspections_by_status" time="0.593" /><testcase classname="backend.tests.test_lead_customer_inspection_flow.TestLeadCustomerInspectionFlow" name="test_18_filter_inspections_by_date_range" time="0.544" /><testcase classname="backend.tests.test_lead_customer_inspection_flow.TestLeadCustomerInspectionFlow" name="test_19_get_inspection_packages" time="0.744" /><testcase classname="backend.tests.test_lead_customer_inspection_flow.TestLeadCustomerInspectionFlow" name="test_20_get_active_offers" time="0.641"><failure message="assert 405 == 200&#10; +  where 405 = &lt;Response [405]&gt;.status_code">backend/tests/test_lead_customer_inspection_flow.py:319: in test_20_get_active_offers
    assert response.status_code == 200
E   assert 405 == 200
E    +  where 405 = &lt;Response [405]&gt;.status_code</failure></testcase><testcase classname="backend.tests.test_lead_customer_inspection_flow.TestLeadCustomerInspectionFlow" name="test_21_get_mechanics_list" time="0.563" /><testcase classname="backend.tests.test_lead_customer_inspection_flow.TestLeadCustomerInspectionFlow" name="test_22_get_cities" time="0.914"><failure message="assert 404 == 200&#10; +  where 404 = &lt;Response [404]&gt;.status_code">backend/tests/test_lead_customer_inspection_flow.py:342: in test_22_get_cities
    assert response.status_code == 200
E   assert 404 == 200
E    +  where 404 = &lt;Response [404]&gt;.status_code</failure></testcase><testcase classname="backend.tests.test_lead_customer_inspection_flow.TestLeadCustomerInspectionFlow" name="test_23_get_lead_sources" time="0.527"><failure message="assert 404 == 200&#10; +  where 404 = &lt;Response [404]&gt;.status_code">backend/tests/test_lead_customer_inspection_flow.py:355: in test_23_get_lead_sources
    assert response.status_code == 200
E   assert 404 == 200
E    +  where 404 = &lt;Response [404]&gt;.status_code</failure></testcase><testcase classname="backend.tests.test_lead_customer_inspection_flow.TestLeadCustomerInspectionFlow" name="test_24_get_sales_reps_by_city" time="0.714" /><testcase classname="backend.tests.test_lead_customer_inspection_flow.TestLeadCustomerInspectionFlow" name="test_25_create_lead_missing_name" time="0.631" /><testcase classname="backend.tests.test_lead_customer_inspection_flow.TestLeadCustomerInspectionFlow" name="test_26_create_lead_missing_mobile" time="0.484" /><testcase classname="backend.tests.test_lead_customer_inspection_flow.TestLeadCustomerInspectionFlow" name="test_27_create_lead_missing_city" time="0.524"><failure message="AssertionError: Expected validation error, got: 200&#10;assert 200 in [400, 422]&#10; +  where 200 = &lt;Response [200]&gt;.status_code">backend/tests/test_lead_customer_inspection_flow.py:410: in test_27_create_lead_missing_city
    assert response.status_code in [400, 422], f"Expected validation error, got: {response.status_code}"
E   AssertionError: Expected validation error, got: 200
E   assert 200 in [400, 422]
E    +  where 200 = &lt;Response [200]&gt;.status_code</failure></testcase><testcase classname="backend.tests.test_lead_customer_inspection_flow.TestLeadCustomerInspectionFlow" name="test_28_create_customer_missing_required_fields" time="0.537" /><testcase classname="backend.tests.test_lead_customer_inspection_flow.TestLeadCustomerInspectionFlow" name="test_29_create_lead_with_different_cities" time="0.732" /><testcase classname="backend.tests.test_lead_customer_inspection_flow.TestLeadCustomerInspectionFlow" name="test_30_create_lead_with_different_sources" time="0.857" /><testcase classname="backend.tests.test_lead_customer_inspection_flow.TestPaymentLinkFlow" name="test_01_get_packages_for_payment" time="0.435" /><testcase classname="backend.tests.test_lead_customer_inspection_flow.TestPaymentLinkFlow" name="test_02_create_lead_for_payment" time="0.428" /></testsuite></testsuites>