<?xml version="1.0" encoding="utf-8"?><testsuites name="pytest tests"><testsuite name="pytest" errors="0" failures="0" skipped="0" tests="11" time="4.117" timestamp="2026-02-14T05:40:19.288301+00:00" hostname="agent-env-c4e06520-25c4-4df9-abc8-3351cc9b62ad"><testcase classname="backend.tests.test_login_countries.TestCountriesAPI" name="test_get_countries_public_endpoint" time="0.181" /><testcase classname="backend.tests.test_login_countries.TestCountriesAPI" name="test_countries_include_required_countries" time="0.109" /><testcase classname="backend.tests.test_login_countries.TestCountriesAPI" name="test_countries_have_correct_codes" time="0.100" /><testcase classname="backend.tests.test_login_countries.TestLoginWithCountry" name="test_login_with_india_country" time="0.447" /><testcase classname="backend.tests.test_login_countries.TestLoginWithCountry" name="test_login_without_country_id" time="0.350" /><testcase classname="backend.tests.test_login_countries.TestLoginWithCountry" name="test_login_invalid_credentials" time="0.147" /><testcase classname="backend.tests.test_login_countries.TestLeadsAPI" name="test_get_leads" time="0.454" /><testcase classname="backend.tests.test_login_countries.TestLeadsAPI" name="test_leads_have_required_fields" time="0.480" /><testcase classname="backend.tests.test_login_countries.TestLeadsAPI" name="test_create_lead_with_ad_id" time="0.734" /><testcase classname="backend.tests.test_login_countries.TestLeadsAPI" name="test_update_lead_with_payment_link" time="0.946" /><testcase classname="backend.tests.test_login_countries.TestLeadStatuses" name="test_get_lead_statuses" time="0.107" /></testsuite></testsuites>