<?xml version="1.0" encoding="utf-8"?><testsuites name="pytest tests"><testsuite name="pytest" errors="0" failures="0" skipped="0" tests="15" time="5.692" timestamp="2026-02-15T06:45:27.512952+00:00" hostname="agent-env-c6e1a72d-6bbe-4f69-8396-82aba63b93ab"><testcase classname="backend.tests.test_new_features_iteration25.TestAuth" name="test_hr_login" time="0.420" /><testcase classname="backend.tests.test_new_features_iteration25.TestPayrollBatchMonthFilter" name="test_get_batches_without_month_filter" time="0.419" /><testcase classname="backend.tests.test_new_features_iteration25.TestPayrollBatchMonthFilter" name="test_get_batches_with_month_filter" time="0.112" /><testcase classname="backend.tests.test_new_features_iteration25.TestPayrollBatchMonthFilter" name="test_get_batches_with_year_filter_only" time="0.100" /><testcase classname="backend.tests.test_new_features_iteration25.TestPayrollPreviewLOPDefaults" name="test_payroll_preview_lop_defaults_to_zero" time="0.587" /><testcase classname="backend.tests.test_new_features_iteration25.TestPayrollIncentiveOvertimeFields" name="test_payroll_preview_has_incentive_overtime_fields" time="0.538" /><testcase classname="backend.tests.test_new_features_iteration25.TestAttendanceCalendarStatuses" name="test_attendance_calendar_api" time="0.436" /><testcase classname="backend.tests.test_new_features_iteration25.TestAttendanceCalendarStatuses" name="test_attendance_calendar_employee_days" time="0.112" /><testcase classname="backend.tests.test_new_features_iteration25.TestAttendanceOvertimeStatus" name="test_update_attendance_to_overtime" time="0.648" /><testcase classname="backend.tests.test_new_features_iteration25.TestHolidayCalendar" name="test_get_holidays" time="0.428" /><testcase classname="backend.tests.test_new_features_iteration25.TestHolidayCalendar" name="test_create_holiday" time="0.281" /><testcase classname="backend.tests.test_new_features_iteration25.TestHolidayCalendar" name="test_delete_holiday" time="0.251" /><testcase classname="backend.tests.test_new_features_iteration25.TestEmployeeOvertimeRate" name="test_employee_has_overtime_rate_field" time="0.488" /><testcase classname="backend.tests.test_new_features_iteration25.TestEmployeeOvertimeRate" name="test_update_employee_overtime_rate" time="0.258" /><testcase classname="backend.tests.test_new_features_iteration25.TestSalaryCalculation" name="test_salary_calculation_formula" time="0.560" /></testsuite></testsuites>