<?xml version="1.0" encoding="utf-8"?><testsuites name="pytest tests"><testsuite name="pytest" errors="0" failures="0" skipped="0" tests="21" time="13.489" timestamp="2026-02-13T19:49:24.404434+00:00" hostname="agent-env-9bbc769a-edef-494d-9623-eba4637c6bd6"><testcase classname="tests.test_hr_module_v2.TestAuthentication" name="test_ceo_login" time="0.396" /><testcase classname="tests.test_hr_module_v2.TestAuthentication" name="test_hr_manager_login" time="0.361" /><testcase classname="tests.test_hr_module_v2.TestAuthentication" name="test_sales_exec_login" time="0.350" /><testcase classname="tests.test_hr_module_v2.TestTabVisibility" name="test_ceo_visible_tabs" time="0.626" /><testcase classname="tests.test_hr_module_v2.TestTabVisibility" name="test_hr_manager_visible_tabs_no_dashboard" time="0.485" /><testcase classname="tests.test_hr_module_v2.TestTabVisibility" name="test_sales_exec_visible_tabs" time="0.694" /><testcase classname="tests.test_hr_module_v2.TestHREmployeesAPI" name="test_hr_employees_list_ceo" time="0.569" /><testcase classname="tests.test_hr_module_v2.TestHREmployeesAPI" name="test_hr_employees_list_hr_manager" time="0.568" /><testcase classname="tests.test_hr_module_v2.TestHREmployeesAPI" name="test_hr_employees_list_sales_exec_forbidden" time="0.488" /><testcase classname="tests.test_hr_module_v2.TestEmployeeSalaryAPI" name="test_get_employee_salary" time="0.776" /><testcase classname="tests.test_hr_module_v2.TestEmployeeSalaryAPI" name="test_save_fulltime_salary" time="0.760" /><testcase classname="tests.test_hr_module_v2.TestEmployeeSalaryAPI" name="test_save_mechanic_salary_per_inspection" time="0.727" /><testcase classname="tests.test_hr_module_v2.TestEmployeeDocumentsAPI" name="test_get_employee_documents" time="0.749" /><testcase classname="tests.test_hr_module_v2.TestEmployeeDocumentsAPI" name="test_add_employee_document" time="0.924" /><testcase classname="tests.test_hr_module_v2.TestEmployeeAttendanceAPI" name="test_get_employee_attendance" time="0.733" /><testcase classname="tests.test_hr_module_v2.TestEmployeeAuditAPI" name="test_get_employee_audit" time="0.793" /><testcase classname="tests.test_hr_module_v2.TestCountriesAPI" name="test_get_hr_countries_ceo" time="0.784" /><testcase classname="tests.test_hr_module_v2.TestCountriesAPI" name="test_get_hr_countries_hr_manager" time="0.651" /><testcase classname="tests.test_hr_module_v2.TestCountriesAPI" name="test_create_country" time="0.866" /><testcase classname="tests.test_hr_module_v2.TestEmployeeCreation" name="test_create_employee_requires_password" time="1.057" /><testcase classname="tests.test_hr_module_v2.TestMechanicNoCRMAccess" name="test_mechanic_visible_tabs_empty" time="0.073" /></testsuite></testsuites>