<?xml version="1.0" encoding="utf-8"?><testsuites name="pytest tests"><testsuite name="pytest" errors="0" failures="0" skipped="0" tests="17" time="7.618" timestamp="2026-02-14T04:42:57.175060+00:00" hostname="agent-env-0221be67-da1a-4588-bb7e-cf30d21ca35b"><testcase classname="tests.test_finance_enhanced.TestFinanceEnhanced" name="test_01_finance_manager_login" time="0.378" /><testcase classname="tests.test_finance_enhanced.TestFinanceEnhanced" name="test_02_verify_9_payment_types_in_backend" time="0.000" /><testcase classname="tests.test_finance_enhanced.TestFinanceEnhanced" name="test_03_vendor_payment_b2b_fields" time="0.395" /><testcase classname="tests.test_finance_enhanced.TestFinanceEnhanced" name="test_04_statutory_payment_b2b_fields" time="0.524" /><testcase classname="tests.test_finance_enhanced.TestFinanceEnhanced" name="test_05_legal_payment_b2b_fields" time="0.427" /><testcase classname="tests.test_finance_enhanced.TestFinanceEnhanced" name="test_06_b2b_payment_requires_vendor_name" time="0.419" /><testcase classname="tests.test_finance_enhanced.TestFinanceEnhanced" name="test_07_admin_expense_payment" time="0.486" /><testcase classname="tests.test_finance_enhanced.TestFinanceEnhanced" name="test_08_operational_expense_payment" time="0.477" /><testcase classname="tests.test_finance_enhanced.TestFinanceEnhanced" name="test_09_incentive_payment" time="0.485" /><testcase classname="tests.test_finance_enhanced.TestFinanceEnhanced" name="test_10_other_payment" time="0.520" /><testcase classname="tests.test_finance_enhanced.TestFinanceEnhanced" name="test_11_payslip_for_b2b_payment" time="0.481" /><testcase classname="tests.test_finance_enhanced.TestFinanceEnhanced" name="test_12_payslip_for_non_b2b_payment" time="0.541" /><testcase classname="tests.test_finance_enhanced.TestFinanceEnhanced" name="test_13_payment_proofs_endpoint" time="0.471" /><testcase classname="tests.test_finance_enhanced.TestFinanceEnhanced" name="test_14_filter_payments_by_type" time="0.382" /><testcase classname="tests.test_finance_enhanced.TestFinanceEnhanced" name="test_15_ceo_can_see_all_payment_types" time="0.418" /><testcase classname="tests.test_finance_enhanced.TestFinanceEnhanced" name="test_16_ceo_can_approve_b2b_payment" time="0.796" /><testcase classname="tests.test_finance_enhanced.TestFinanceEnhanced" name="test_99_cleanup" time="0.335" /></testsuite></testsuites>