<?xml version="1.0" encoding="utf-8"?><testsuites name="pytest tests"><testsuite name="pytest" errors="0" failures="0" skipped="0" tests="17" time="12.624" timestamp="2026-02-14T19:32:32.111722+00:00" hostname="agent-env-272c3ebd-ee69-430d-9d53-0d59d9a2e54b"><testcase classname="backend.tests.test_attendance_calendar.TestAttendanceCalendar" name="test_calendar_endpoint_returns_200" time="1.060" /><testcase classname="backend.tests.test_attendance_calendar.TestAttendanceCalendar" name="test_calendar_employee_structure" time="0.819" /><testcase classname="backend.tests.test_attendance_calendar.TestAttendanceCalendar" name="test_calendar_day_structure" time="0.706" /><testcase classname="backend.tests.test_attendance_calendar.TestAttendanceCalendar" name="test_calendar_legend_structure" time="0.739" /><testcase classname="backend.tests.test_attendance_calendar.TestAttendanceCalendar" name="test_calendar_country_filter" time="0.848" /><testcase classname="backend.tests.test_attendance_calendar.TestAttendanceCalendar" name="test_calendar_search_filter" time="0.711" /><testcase classname="backend.tests.test_attendance_calendar.TestAttendanceCalendar" name="test_calendar_unauthorized_for_regular_user" time="2.151" /><testcase classname="backend.tests.test_attendance_calendar.TestAttendanceCalendar" name="test_calendar_ceo_access" time="0.760" /><testcase classname="backend.tests.test_attendance_calendar.TestAdminSyncUsers" name="test_sync_users_endpoint_exists" time="0.388" /><testcase classname="backend.tests.test_attendance_calendar.TestAdminSyncUsers" name="test_sync_users_is_idempotent" time="0.653" /><testcase classname="backend.tests.test_attendance_calendar.TestAdminSyncUsers" name="test_sync_users_preserves_existing_data" time="0.920" /><testcase classname="backend.tests.test_attendance_calendar.TestAdminSyncUsers" name="test_sync_users_creates_required_users" time="0.368" /><testcase classname="backend.tests.test_attendance_calendar.TestAdminSyncUsers" name="test_synced_users_can_login" time="1.364" /><testcase classname="backend.tests.test_attendance_calendar.TestLoginFlow" name="test_get_login_countries" time="0.114" /><testcase classname="backend.tests.test_attendance_calendar.TestLoginFlow" name="test_login_with_hr_credentials" time="0.365" /><testcase classname="backend.tests.test_attendance_calendar.TestLoginFlow" name="test_login_with_ceo_credentials" time="0.383" /><testcase classname="backend.tests.test_attendance_calendar.TestLoginFlow" name="test_login_with_invalid_credentials" time="0.113" /></testsuite></testsuites>