<?xml version="1.0" encoding="utf-8"?><testsuites name="pytest tests"><testsuite name="pytest" errors="0" failures="0" skipped="0" tests="13" time="8.036" timestamp="2026-02-16T08:49:43.581113+00:00" hostname="agent-env-633940b7-9691-4e0b-9527-f35498d90de6"><testcase classname="backend.tests.test_inspection_packages.TestInspectionPackagesAPI" name="test_get_inspection_categories_empty_or_list" time="0.567" /><testcase classname="backend.tests.test_inspection_packages.TestInspectionPackagesAPI" name="test_create_inspection_category" time="0.425" /><testcase classname="backend.tests.test_inspection_packages.TestInspectionPackagesAPI" name="test_create_obd2_category" time="0.452" /><testcase classname="backend.tests.test_inspection_packages.TestInspectionPackagesAPI" name="test_update_inspection_category" time="0.788" /><testcase classname="backend.tests.test_inspection_packages.TestInspectionPackagesAPI" name="test_delete_inspection_category" time="0.532" /><testcase classname="backend.tests.test_inspection_packages.TestInspectionPackagesAPI" name="test_get_inspection_packages_empty_or_list" time="0.495" /><testcase classname="backend.tests.test_inspection_packages.TestInspectionPackagesAPI" name="test_create_inspection_package" time="0.744" /><testcase classname="backend.tests.test_inspection_packages.TestInspectionPackagesAPI" name="test_create_recommended_package" time="0.588" /><testcase classname="backend.tests.test_inspection_packages.TestInspectionPackagesAPI" name="test_update_inspection_package" time="0.691" /><testcase classname="backend.tests.test_inspection_packages.TestInspectionPackagesAPI" name="test_toggle_package_status" time="0.734" /><testcase classname="backend.tests.test_inspection_packages.TestInspectionPackagesAPI" name="test_delete_inspection_package" time="0.689" /><testcase classname="backend.tests.test_inspection_packages.TestInspectionPackagesAPI" name="test_packages_include_category_details" time="0.705" /><testcase classname="backend.tests.test_inspection_packages.TestInspectionPackagesCleanup" name="test_cleanup_test_data" time="0.570" /></testsuite></testsuites>