<?xml version="1.0" encoding="utf-8"?><testsuites name="pytest tests"><testsuite name="pytest" errors="0" failures="1" skipped="0" tests="10" time="9.431" timestamp="2026-02-18T18:00:53.640157+00:00" hostname="agent-env-67152afa-7784-46c8-9f14-f57f47a75491"><testcase classname="tests.test_meta_ads_advanced.TestMetaAdsAdvancedFeatures" name="test_01_login_success" time="3.908" /><testcase classname="tests.test_meta_ads_advanced.TestMetaAdsAdvancedFeatures" name="test_02_meta_ads_status" time="0.524" /><testcase classname="tests.test_meta_ads_advanced.TestMetaAdsAdvancedFeatures" name="test_03_meta_ads_token_info" time="0.556" /><testcase classname="tests.test_meta_ads_advanced.TestMetaAdsAdvancedFeatures" name="test_04_meta_ads_performance_with_cpr" time="0.654" /><testcase classname="tests.test_meta_ads_advanced.TestMetaAdsAdvancedFeatures" name="test_05_sync_status_endpoint" time="0.613" /><testcase classname="tests.test_meta_ads_advanced.TestMetaAdsAdvancedFeatures" name="test_06_unmapped_ads_endpoint" time="0.565" /><testcase classname="tests.test_meta_ads_advanced.TestMetaAdsAdvancedFeatures" name="test_07_sync_status_unauthorized" time="0.941" /><testcase classname="tests.test_meta_ads_advanced.TestMetaAdsAdvancedFeatures" name="test_08_ad_city_mappings_list" time="0.409"><failure message="AssertionError: Mapping should have is_active&#10;assert 'is_active' in {'ad_id': 'default', 'campaign_name': 'Default Campaign', 'city': 'Vizag', 'id': 'f263eb1b-afba-40dc-9fe0-e17dd10e7af9'}">tests/test_meta_ads_advanced.py:184: in test_08_ad_city_mappings_list
    assert "is_active" in first_mapping, "Mapping should have is_active"
E   AssertionError: Mapping should have is_active
E   assert 'is_active' in {'ad_id': 'default', 'campaign_name': 'Default Campaign', 'city': 'Vizag', 'id': 'f263eb1b-afba-40dc-9fe0-e17dd10e7af9'}</failure></testcase><testcase classname="tests.test_meta_ads_advanced.TestMetaAdsPerformanceData" name="test_performance_data_structure" time="0.531" /><testcase classname="tests.test_meta_ads_advanced.TestMetaAdsPerformanceData" name="test_individual_ad_cpr" time="0.650" /></testsuite></testsuites>