<?xml version="1.0" encoding="utf-8"?><testsuites name="pytest tests"><testsuite name="pytest" errors="0" failures="0" skipped="0" tests="13" time="9.871" timestamp="2026-02-14T16:54:04.855807+00:00" hostname="agent-env-2b314e78-cebb-47d4-9b4d-8260a6dec588"><testcase classname="backend.tests.test_hr_password_reset.TestPasswordReset" name="test_ceo_login" time="0.387" /><testcase classname="backend.tests.test_hr_password_reset.TestPasswordReset" name="test_hr_login" time="0.528" /><testcase classname="backend.tests.test_hr_password_reset.TestPasswordReset" name="test_finance_login" time="0.420" /><testcase classname="backend.tests.test_hr_password_reset.TestPasswordReset" name="test_ceo_can_view_employees" time="0.468" /><testcase classname="backend.tests.test_hr_password_reset.TestPasswordReset" name="test_hr_can_view_employees" time="0.607" /><testcase classname="backend.tests.test_hr_password_reset.TestPasswordReset" name="test_ceo_can_reset_password" time="1.629" /><testcase classname="backend.tests.test_hr_password_reset.TestPasswordReset" name="test_hr_can_reset_password" time="1.535" /><testcase classname="backend.tests.test_hr_password_reset.TestPasswordReset" name="test_finance_cannot_reset_password" time="1.002" /><testcase classname="backend.tests.test_hr_password_reset.TestPasswordReset" name="test_password_min_length_validation" time="0.606" /><testcase classname="backend.tests.test_hr_password_reset.TestPasswordReset" name="test_reset_nonexistent_employee" time="0.489" /><testcase classname="backend.tests.test_hr_password_reset.TestPayrollPreviewNumericInput" name="test_payroll_preview_endpoint" time="0.830" /><testcase classname="backend.tests.test_hr_password_reset.TestPayrollPreviewNumericInput" name="test_payroll_batches_endpoint" time="0.543" /><testcase classname="backend.tests.test_hr_password_reset.TestEmployeeSalaryStructure" name="test_get_employees_with_salary" time="0.769" /></testsuite></testsuites>