<?xml version="1.0" encoding="utf-8"?><testsuites name="pytest tests"><testsuite name="pytest" errors="0" failures="0" skipped="0" tests="18" time="15.856" timestamp="2026-02-14T03:57:06.666095+00:00" hostname="agent-env-0221be67-da1a-4588-bb7e-cf30d21ca35b"><testcase classname="backend.tests.test_hr_module_v3.TestHRModuleV3" name="test_ceo_visible_tabs_includes_settings" time="0.906" /><testcase classname="backend.tests.test_hr_module_v3.TestHRModuleV3" name="test_hr_manager_visible_tabs_excludes_settings" time="0.840" /><testcase classname="backend.tests.test_hr_module_v3.TestHRModuleV3" name="test_hr_manager_can_access_employees_page" time="0.877" /><testcase classname="backend.tests.test_hr_module_v3.TestHRModuleV3" name="test_employee_has_weekly_off_day" time="0.860" /><testcase classname="backend.tests.test_hr_module_v3.TestHRModuleV3" name="test_employee_has_is_available_for_leads" time="0.851" /><testcase classname="backend.tests.test_hr_module_v3.TestHRModuleV3" name="test_employee_has_salary_info_with_gross_or_price_per_inspection" time="0.828" /><testcase classname="backend.tests.test_hr_module_v3.TestHRModuleV3" name="test_employee_has_audit_count" time="0.828" /><testcase classname="backend.tests.test_hr_module_v3.TestHRModuleV3" name="test_employee_has_today_attendance" time="0.833" /><testcase classname="backend.tests.test_hr_module_v3.TestHRModuleV3" name="test_update_weekly_off_day" time="1.056" /><testcase classname="backend.tests.test_hr_module_v3.TestHRModuleV3" name="test_toggle_lead_assignment" time="1.069" /><testcase classname="backend.tests.test_hr_module_v3.TestHRModuleV3" name="test_get_salary_payments_with_year_filter" time="1.054" /><testcase classname="backend.tests.test_hr_module_v3.TestHRModuleV3" name="test_get_leave_summary_with_year_filter" time="0.999" /><testcase classname="backend.tests.test_hr_module_v3.TestHRModuleV3" name="test_mark_attendance_absent" time="1.014" /><testcase classname="backend.tests.test_hr_module_v3.TestHRModuleV3" name="test_mechanic_salary_has_price_per_inspection" time="0.953" /><testcase classname="backend.tests.test_hr_module_v3.TestHRModuleV3" name="test_employee_audit_trail" time="0.975" /><testcase classname="backend.tests.test_hr_module_v3.TestHRModuleV3" name="test_round_robin_available_agents_excludes_weekly_off" time="0.902" /><testcase classname="backend.tests.test_hr_module_v3.TestRBACTabVisibility" name="test_rbac_hr_manager_tabs_via_api" time="0.468" /><testcase classname="backend.tests.test_hr_module_v3.TestRBACTabVisibility" name="test_rbac_ceo_tabs_via_api" time="0.461" /></testsuite></testsuites>