<?xml version="1.0" encoding="utf-8"?><testsuites name="pytest tests"><testsuite name="pytest" errors="0" failures="0" skipped="0" tests="14" time="7.708" timestamp="2026-02-14T14:20:07.365948+00:00" hostname="agent-env-f49056ef-6576-45af-b6e7-a1859de494ab"><testcase classname="backend.tests.test_payroll_enhancement.TestPayrollEnhancement" name="test_01_login_success" time="0.683" /><testcase classname="backend.tests.test_payroll_enhancement.TestPayrollEnhancement" name="test_02_preview_payroll_has_pay_period" time="0.466" /><testcase classname="backend.tests.test_payroll_enhancement.TestPayrollEnhancement" name="test_03_preview_payroll_has_working_days" time="0.426" /><testcase classname="backend.tests.test_payroll_enhancement.TestPayrollEnhancement" name="test_04_preview_records_have_working_days_column" time="0.430" /><testcase classname="backend.tests.test_payroll_enhancement.TestPayrollEnhancement" name="test_05_preview_records_have_attendance_days" time="0.435" /><testcase classname="backend.tests.test_payroll_enhancement.TestPayrollEnhancement" name="test_06_preview_records_have_other_deductions" time="0.506" /><testcase classname="backend.tests.test_payroll_enhancement.TestPayrollEnhancement" name="test_07_update_batch_record_attendance_days" time="0.493" /><testcase classname="backend.tests.test_payroll_enhancement.TestPayrollEnhancement" name="test_08_update_batch_record_attendance_days_validation_negative" time="0.564" /><testcase classname="backend.tests.test_payroll_enhancement.TestPayrollEnhancement" name="test_09_update_batch_record_attendance_days_validation_exceeds_working" time="0.936" /><testcase classname="backend.tests.test_payroll_enhancement.TestPayrollEnhancement" name="test_10_update_batch_record_other_deductions" time="0.549" /><testcase classname="backend.tests.test_payroll_enhancement.TestPayrollEnhancement" name="test_11_update_batch_record_other_deductions_validation_negative" time="0.557" /><testcase classname="backend.tests.test_payroll_enhancement.TestPayrollEnhancement" name="test_12_update_batch_record_other_deductions_validation_exceeds_net" time="0.523" /><testcase classname="backend.tests.test_payroll_enhancement.TestPayrollEnhancement" name="test_13_batch_totals_update_on_record_edit" time="0.643" /><testcase classname="backend.tests.test_payroll_enhancement.TestPayrollEnhancement" name="test_14_cleanup_test_batch" time="0.411" /></testsuite></testsuites>