<?xml version="1.0" encoding="utf-8"?><testsuites name="pytest tests"><testsuite name="pytest" errors="0" failures="0" skipped="0" tests="14" time="5.269" timestamp="2026-02-14T11:47:26.520145+00:00" hostname="agent-env-413b16c3-756c-4bc3-9b35-1048a294ad7c"><testcase classname="tests.test_hr_enterprise_readiness.TestEmployeeFields" name="test_get_employee_has_new_fields" time="0.728" /><testcase classname="tests.test_hr_enterprise_readiness.TestEmployeeFields" name="test_create_employee_with_new_fields" time="0.554" /><testcase classname="tests.test_hr_enterprise_readiness.TestEmployeeFields" name="test_update_employee_new_fields" time="0.229" /><testcase classname="tests.test_hr_enterprise_readiness.TestBankDetailsEncryption" name="test_bank_account_not_returned_in_plain" time="0.649" /><testcase classname="tests.test_hr_enterprise_readiness.TestBankDetailsEncryption" name="test_update_bank_account_stores_encrypted" time="0.178" /><testcase classname="tests.test_hr_enterprise_readiness.TestBankDetailsEncryption" name="test_employee_list_no_encrypted_bank" time="0.162" /><testcase classname="tests.test_hr_enterprise_readiness.TestDocumentRBAC" name="test_ceo_can_access_all_documents" time="0.586" /><testcase classname="tests.test_hr_enterprise_readiness.TestDocumentRBAC" name="test_create_document_hr_only" time="0.128" /><testcase classname="tests.test_hr_enterprise_readiness.TestDocumentRBAC" name="test_sensitive_document_types_defined" time="0.269" /><testcase classname="tests.test_hr_enterprise_readiness.TestPayrollActiveFiltering" name="test_payroll_preview_excludes_inactive" time="0.582" /><testcase classname="tests.test_hr_enterprise_readiness.TestPayrollActiveFiltering" name="test_employee_payroll_active_toggle" time="0.385" /><testcase classname="tests.test_hr_enterprise_readiness.TestStorageStrategy" name="test_storage_service_exists" time="0.001" /><testcase classname="tests.test_hr_enterprise_readiness.TestAPISecurityChecks" name="test_employee_api_excludes_sensitive_fields" time="0.579" /><testcase classname="tests.test_hr_enterprise_readiness.TestAPISecurityChecks" name="test_employee_list_excludes_sensitive_fields" time="0.160" /></testsuite></testsuites>