<?xml version="1.0" encoding="utf-8"?><testsuites name="pytest tests"><testsuite name="pytest" errors="0" failures="1" skipped="0" tests="16" time="13.478" timestamp="2026-02-16T15:58:05.980103+00:00" hostname="agent-env-9a0b3529-38e1-464b-94a8-13324e492695"><testcase classname="backend.tests.test_leave_rules.TestLeaveRulesAPI" name="test_01_get_leave_rules_default" time="0.660" /><testcase classname="backend.tests.test_leave_rules.TestLeaveRulesAPI" name="test_02_update_leave_rules_to_monthly" time="0.551" /><testcase classname="backend.tests.test_leave_rules.TestLeaveRulesAPI" name="test_03_update_leave_rules_to_quarterly" time="0.606" /><testcase classname="backend.tests.test_leave_rules.TestLeaveRulesAPI" name="test_04_update_leave_rules_invalid_period" time="0.680" /><testcase classname="backend.tests.test_leave_rules.TestLeaveRulesAPI" name="test_05_carry_forward_always_disabled" time="0.544" /><testcase classname="backend.tests.test_leave_rules.TestLeaveRulesAPI" name="test_06_get_period_balance_monthly" time="0.828" /><testcase classname="backend.tests.test_leave_rules.TestLeaveRulesAPI" name="test_07_get_period_balance_quarterly" time="0.923" /><testcase classname="backend.tests.test_leave_rules.TestLeaveRulesAPI" name="test_08_period_balance_can_apply_flags" time="0.842" /><testcase classname="backend.tests.test_leave_rules.TestLeaveRulesAPI" name="test_09_apply_leave_validates_period_balance" time="1.276"><failure message="AssertionError: Expected 200 when leaves available, got 400: {&quot;detail&quot;:&quot;You already have a leave request for these dates&quot;}&#10;assert 400 == 200&#10; +  where 400 = &lt;Response [400]&gt;.status_code">backend/tests/test_leave_rules.py:375: in test_09_apply_leave_validates_period_balance
    assert response.status_code == 200, f"Expected 200 when leaves available, got {response.status_code}: {response.text}"
E   AssertionError: Expected 200 when leaves available, got 400: {"detail":"You already have a leave request for these dates"}
E   assert 400 == 200
E    +  where 400 = &lt;Response [400]&gt;.status_code</failure></testcase><testcase classname="backend.tests.test_leave_rules.TestLeaveRulesAPI" name="test_10_role_entitlements_override_global_rules" time="1.148" /><testcase classname="backend.tests.test_leave_rules.TestLeaveRulesAPI" name="test_11_apply_sick_leave_validates_period_balance" time="1.376" /><testcase classname="backend.tests.test_leave_rules.TestLeaveRulesAPI" name="test_12_monthly_period_dates_correct" time="0.941" /><testcase classname="backend.tests.test_leave_rules.TestLeaveRulesAPI" name="test_13_quarterly_period_dates_correct" time="0.838" /><testcase classname="backend.tests.test_leave_rules.TestLeaveRulesIntegration" name="test_14_full_leave_flow_with_period_balance" time="1.195" /><testcase classname="backend.tests.test_leave_rules.TestLeaveRulesIntegration" name="test_15_verify_lop_days_tracking" time="0.450" /><testcase classname="backend.tests.test_leave_rules.TestLeaveRulesIntegration" name="test_16_verify_total_availed_calculation" time="0.508" /></testsuite></testsuites>