<?xml version="1.0" encoding="utf-8"?><testsuites name="pytest tests"><testsuite name="pytest" errors="0" failures="5" skipped="0" tests="15" time="2.444" timestamp="2026-02-19T11:15:58.379350+00:00" hostname="agent-env-422eaf90-8697-4881-a972-c9fef5671b92"><testcase classname="backend.tests.test_report_templates.TestReportStyles" name="test_get_report_styles" time="0.700" /><testcase classname="backend.tests.test_report_templates.TestInspectionTemplates" name="test_get_inspection_templates" time="0.070" /><testcase classname="backend.tests.test_report_templates.TestInspectionTemplates" name="test_create_inspection_template" time="0.119"><failure message="AssertionError: Failed: {&quot;detail&quot;:&quot;Partner not found&quot;}&#10;assert 400 == 200&#10; +  where 400 = &lt;Response [400]&gt;.status_code">backend/tests/test_report_templates.py:107: in test_create_inspection_template
    assert response.status_code == 200, f"Failed: {response.text}"
E   AssertionError: Failed: {"detail":"Partner not found"}
E   assert 400 == 200
E    +  where 400 = &lt;Response [400]&gt;.status_code</failure></testcase><testcase classname="backend.tests.test_report_templates.TestInspectionTemplates" name="test_inspection_template_no_partner_field_in_modal" time="0.100"><failure message="AssertionError: Failed: {&quot;detail&quot;:&quot;Partner not found&quot;}&#10;assert 400 == 200&#10; +  where 400 = &lt;Response [400]&gt;.status_code">backend/tests/test_report_templates.py:135: in test_inspection_template_no_partner_field_in_modal
    assert response.status_code == 200, f"Failed: {response.text}"
E   AssertionError: Failed: {"detail":"Partner not found"}
E   assert 400 == 200
E    +  where 400 = &lt;Response [400]&gt;.status_code</failure></testcase><testcase classname="backend.tests.test_report_templates.TestReportTemplates" name="test_get_report_templates" time="0.053" /><testcase classname="backend.tests.test_report_templates.TestReportTemplates" name="test_seed_sample_report_templates" time="0.056" /><testcase classname="backend.tests.test_report_templates.TestReportTemplates" name="test_report_templates_have_3_styles" time="0.052" /><testcase classname="backend.tests.test_report_templates.TestReportTemplates" name="test_create_report_template" time="0.166"><failure message="AssertionError: assert 'Premium Report' == 'Premium'&#10;  &#10;  - Premium&#10;  + Premium Report">backend/tests/test_report_templates.py:236: in test_create_report_template
    assert created["style_info"]["name"] == "Premium"
E   AssertionError: assert 'Premium Report' == 'Premium'
E     
E     - Premium
E     + Premium Report</failure></testcase><testcase classname="backend.tests.test_report_templates.TestReportTemplates" name="test_report_template_styles_colors" time="0.052" /><testcase classname="backend.tests.test_report_templates.TestReportTemplates" name="test_get_single_report_template" time="0.116"><failure message="AssertionError: assert 'partner_name' in {'created_at': '2026-02-19T11:13:06.034086+00:00', 'created_by': 'b4a37860-e6bc-47be-961e-a674425708ca', 'created_by_name': 'Vikram Singh', 'description': 'Technical report with all inspection data and metrics', ...}">backend/tests/test_report_templates.py:279: in test_get_single_report_template
    assert "partner_name" in template
E   AssertionError: assert 'partner_name' in {'created_at': '2026-02-19T11:13:06.034086+00:00', 'created_by': 'b4a37860-e6bc-47be-961e-a674425708ca', 'created_by_name': 'Vikram Singh', 'description': 'Technical report with all inspection data and metrics', ...}</failure></testcase><testcase classname="backend.tests.test_report_templates.TestReportTemplates" name="test_toggle_report_template" time="0.212" /><testcase classname="backend.tests.test_report_templates.TestReportTemplates" name="test_set_default_report_template" time="0.168" /><testcase classname="backend.tests.test_report_templates.TestPartnersAPI" name="test_get_partners" time="0.049" /><testcase classname="backend.tests.test_report_templates.TestServicesTabNavigation" name="test_all_apis_accessible" time="0.164"><failure message="AssertionError: Offers API failed: {&quot;detail&quot;:&quot;Not Found&quot;}&#10;assert 404 == 200&#10; +  where 404 = &lt;Response [404]&gt;.status_code">backend/tests/test_report_templates.py:388: in test_all_apis_accessible
    assert response.status_code == 200, f"{name} API failed: {response.text}"
E   AssertionError: Offers API failed: {"detail":"Not Found"}
E   assert 404 == 200
E    +  where 404 = &lt;Response [404]&gt;.status_code</failure></testcase><testcase classname="backend.tests.test_report_templates.TestCleanup" name="test_cleanup_test_data" time="0.250" /></testsuite></testsuites>