<?xml version="1.0" encoding="utf-8"?><testsuites name="pytest tests"><testsuite name="pytest" errors="0" failures="1" skipped="0" tests="15" time="5.920" timestamp="2026-02-15T06:41:01.186293+00:00" hostname="agent-env-c6e1a72d-6bbe-4f69-8396-82aba63b93ab"><testcase classname="backend.tests.test_new_features_iteration25.TestAuth" name="test_hr_login" time="0.464" /><testcase classname="backend.tests.test_new_features_iteration25.TestPayrollBatchMonthFilter" name="test_get_batches_without_month_filter" time="0.489" /><testcase classname="backend.tests.test_new_features_iteration25.TestPayrollBatchMonthFilter" name="test_get_batches_with_month_filter" time="0.265" /><testcase classname="backend.tests.test_new_features_iteration25.TestPayrollBatchMonthFilter" name="test_get_batches_with_year_filter_only" time="0.138" /><testcase classname="backend.tests.test_new_features_iteration25.TestPayrollPreviewLOPDefaults" name="test_payroll_preview_lop_defaults_to_zero" time="0.591" /><testcase classname="backend.tests.test_new_features_iteration25.TestPayrollIncentiveOvertimeFields" name="test_payroll_preview_has_incentive_overtime_fields" time="0.557" /><testcase classname="backend.tests.test_new_features_iteration25.TestAttendanceCalendarStatuses" name="test_attendance_calendar_api" time="0.451" /><testcase classname="backend.tests.test_new_features_iteration25.TestAttendanceCalendarStatuses" name="test_attendance_calendar_employee_days" time="0.114" /><testcase classname="backend.tests.test_new_features_iteration25.TestAttendanceOvertimeStatus" name="test_update_attendance_to_overtime" time="0.591" /><testcase classname="backend.tests.test_new_features_iteration25.TestHolidayCalendar" name="test_get_holidays" time="0.462" /><testcase classname="backend.tests.test_new_features_iteration25.TestHolidayCalendar" name="test_create_holiday" time="0.212" /><testcase classname="backend.tests.test_new_features_iteration25.TestHolidayCalendar" name="test_delete_holiday" time="0.207" /><testcase classname="backend.tests.test_new_features_iteration25.TestEmployeeOvertimeRate" name="test_employee_has_overtime_rate_field" time="0.436" /><testcase classname="backend.tests.test_new_features_iteration25.TestEmployeeOvertimeRate" name="test_update_employee_overtime_rate" time="0.244" /><testcase classname="backend.tests.test_new_features_iteration25.TestSalaryCalculation" name="test_salary_calculation_formula" time="0.550"><failure message="AssertionError: Net salary mismatch for Mike Mechanic: expected -1700.0, got 0&#10;assert 1700.0 &lt; 1&#10; +  where 1700.0 = abs((0 - -1700.0))">backend/tests/test_new_features_iteration25.py:562: in test_salary_calculation_formula
    assert abs(net_salary - expected_net) &lt; 1, \
E   AssertionError: Net salary mismatch for Mike Mechanic: expected -1700.0, got 0
E   assert 1700.0 &lt; 1
E    +  where 1700.0 = abs((0 - -1700.0))</failure></testcase></testsuite></testsuites>