<?xml version="1.0" encoding="utf-8"?><testsuites name="pytest tests"><testsuite name="pytest" errors="0" failures="1" skipped="0" tests="11" time="5.897" timestamp="2026-02-14T12:16:33.190566+00:00" hostname="agent-env-4f06e332-8555-4018-8038-f76867fd1f4d"><testcase classname="backend.tests.test_hr_new_features.TestHRNewFeatures" name="test_photo_url_field_exists_in_employee_api" time="0.670" /><testcase classname="backend.tests.test_hr_new_features.TestHRNewFeatures" name="test_photo_url_can_be_updated" time="0.711" /><testcase classname="backend.tests.test_hr_new_features.TestHRNewFeatures" name="test_on_leave_status_endpoint" time="0.429" /><testcase classname="backend.tests.test_hr_new_features.TestHRNewFeatures" name="test_employee_on_leave_status_in_employee_list" time="0.480" /><testcase classname="backend.tests.test_hr_new_features.TestHRNewFeatures" name="test_dashboard_stats_endpoint" time="0.431" /><testcase classname="backend.tests.test_hr_new_features.TestHRNewFeatures" name="test_dashboard_stats_on_leave_employee_ids" time="0.426" /><testcase classname="backend.tests.test_hr_new_features.TestHRNewFeatures" name="test_freelancer_role_exists" time="0.495" /><testcase classname="backend.tests.test_hr_new_features.TestHRNewFeatures" name="test_freelancer_tab_visibility" time="0.324" /><testcase classname="backend.tests.test_hr_new_features.TestHRNewFeatures" name="test_create_leave_request_and_verify_on_leave_status" time="0.702" /><testcase classname="backend.tests.test_hr_new_features.TestHRNewFeatures" name="test_on_leave_today_employee_details" time="0.445" /><testcase classname="backend.tests.test_hr_new_features.TestHRQuickActions" name="test_employee_leave_requests_endpoint" time="0.657"><failure message="AssertionError: Leave requests endpoint failed: {&quot;detail&quot;:&quot;Not Found&quot;}&#10;assert 404 == 200&#10; +  where 404 = &lt;Response [404]&gt;.status_code">backend/tests/test_hr_new_features.py:283: in test_employee_leave_requests_endpoint
    assert leave_response.status_code == 200, f"Leave requests endpoint failed: {leave_response.text}"
E   AssertionError: Leave requests endpoint failed: {"detail":"Not Found"}
E   assert 404 == 200
E    +  where 404 = &lt;Response [404]&gt;.status_code</failure></testcase></testsuite></testsuites>