<?xml version="1.0" encoding="utf-8"?><testsuites name="pytest tests"><testsuite name="pytest" errors="0" failures="1" skipped="0" tests="18" time="5.319" timestamp="2026-03-01T11:38:38.558789+00:00" hostname="agent-env-c4699bee-7edb-4545-9ba8-61504fdda266"><testcase classname="backend.tests.test_loans_features_iteration82.TestTokenRefresh" name="test_refresh_token_returns_new_token" time="2.633"><failure message="AssertionError: New token should be different from old token&#10;assert 'eyJhbGciOiJIUzI1NiIsInR5cCI6IkpXVCJ9.eyJzdWIiOiI3Y2Y0MzMxMC1jMTRjLTQ1ZDAtYWEyZC02ZWI5OWIwNGVhMWIiLCJlbWFpbCI6ImthbHlhbkB3aXNlZHJpdmUuY29tIiwiZXhwIjoxNzcyNDUxNTIxfQ.wsIKb6qWSWtcugq8hzPuIa3iybih0Hn-_-EmpSLQbL4' != 'eyJhbGciOiJIUzI1NiIsInR5cCI6IkpXVCJ9.eyJzdWIiOiI3Y2Y0MzMxMC1jMTRjLTQ1ZDAtYWEyZC02ZWI5OWIwNGVhMWIiLCJlbWFpbCI6ImthbHlhbkB3aXNlZHJpdmUuY29tIiwiZXhwIjoxNzcyNDUxNTIxfQ.wsIKb6qWSWtcugq8hzPuIa3iybih0Hn-_-EmpSLQbL4'">backend/tests/test_loans_features_iteration82.py:78: in test_refresh_token_returns_new_token
    assert new_token != admin_token, "New token should be different from old token"
E   AssertionError: New token should be different from old token
E   assert 'eyJhbGciOiJIUzI1NiIsInR5cCI6IkpXVCJ9.eyJzdWIiOiI3Y2Y0MzMxMC1jMTRjLTQ1ZDAtYWEyZC02ZWI5OWIwNGVhMWIiLCJlbWFpbCI6ImthbHlhbkB3aXNlZHJpdmUuY29tIiwiZXhwIjoxNzcyNDUxNTIxfQ.wsIKb6qWSWtcugq8hzPuIa3iybih0Hn-_-EmpSLQbL4' != 'eyJhbGciOiJIUzI1NiIsInR5cCI6IkpXVCJ9.eyJzdWIiOiI3Y2Y0MzMxMC1jMTRjLTQ1ZDAtYWEyZC02ZWI5OWIwNGVhMWIiLCJlbWFpbCI6ImthbHlhbkB3aXNlZHJpdmUuY29tIiwiZXhwIjoxNzcyNDUxNTIxfQ.wsIKb6qWSWtcugq8hzPuIa3iybih0Hn-_-EmpSLQbL4'</failure></testcase><testcase classname="backend.tests.test_loans_features_iteration82.TestTokenRefresh" name="test_refresh_token_requires_auth" time="0.100" /><testcase classname="backend.tests.test_loans_features_iteration82.TestLoanExecRole" name="test_loan_exec_login_success" time="0.326" /><testcase classname="backend.tests.test_loans_features_iteration82.TestLoanExecRole" name="test_loan_exec_visible_tabs_only_loans" time="0.364" /><testcase classname="backend.tests.test_loans_features_iteration82.TestLoanExecRole" name="test_loan_exec_role_code" time="0.000" /><testcase classname="backend.tests.test_loans_features_iteration82.TestLoanExecRole" name="test_loan_exec_can_access_auth_me" time="0.425" /><testcase classname="backend.tests.test_loans_features_iteration82.TestBankSeeding" name="test_seed_indian_banks_success" time="0.120" /><testcase classname="backend.tests.test_loans_features_iteration82.TestBankSeeding" name="test_seed_indian_banks_requires_admin" time="0.104" /><testcase classname="backend.tests.test_loans_features_iteration82.TestBanksEndpoint" name="test_get_banks_returns_list" time="0.110" /><testcase classname="backend.tests.test_loans_features_iteration82.TestBanksEndpoint" name="test_get_banks_has_required_fields" time="0.113" /><testcase classname="backend.tests.test_loans_features_iteration82.TestBanksEndpoint" name="test_get_banks_includes_major_banks" time="0.106" /><testcase classname="backend.tests.test_loans_features_iteration82.TestBanksEndpoint" name="test_get_banks_includes_nbfcs" time="0.111" /><testcase classname="backend.tests.test_loans_features_iteration82.TestLoanLeadStats" name="test_get_loan_lead_stats" time="0.145" /><testcase classname="backend.tests.test_loans_features_iteration82.TestLoanLeadStats" name="test_stats_total_matches_sum" time="0.107" /><testcase classname="backend.tests.test_loans_features_iteration82.TestLoanLeadStats" name="test_stats_has_expected_status_keys" time="0.106" /><testcase classname="backend.tests.test_loans_features_iteration82.TestLoanExecCanAccessLoans" name="test_loan_exec_can_get_loan_leads" time="0.118" /><testcase classname="backend.tests.test_loans_features_iteration82.TestLoanExecCanAccessLoans" name="test_loan_exec_can_get_loan_stats" time="0.124" /><testcase classname="backend.tests.test_loans_features_iteration82.TestLoanExecCanAccessLoans" name="test_loan_exec_can_get_banks" time="0.100" /></testsuite></testsuites>