<?xml version="1.0" encoding="utf-8"?><testsuites name="pytest tests"><testsuite name="pytest" errors="0" failures="0" skipped="1" tests="28" time="14.179" timestamp="2026-02-14T10:10:57.246071+00:00" hostname="agent-env-f57b7dcb-1a97-4956-bd85-161c132aa08a"><testcase classname="backend.tests.test_hr_module_phase1.TestAuth" name="test_ceo_login" time="0.528" /><testcase classname="backend.tests.test_hr_module_phase1.TestAuth" name="test_finance_manager_login" time="0.333" /><testcase classname="backend.tests.test_hr_module_phase1.TestSessionManagement" name="test_session_start" time="0.444" /><testcase classname="backend.tests.test_hr_module_phase1.TestSessionManagement" name="test_session_heartbeat" time="0.434" /><testcase classname="backend.tests.test_hr_module_phase1.TestSessionManagement" name="test_get_active_sessions" time="0.457" /><testcase classname="backend.tests.test_hr_module_phase1.TestSessionManagement" name="test_session_end" time="0.420" /><testcase classname="backend.tests.test_hr_module_phase1.TestAttendanceRecords" name="test_get_attendance_records" time="0.419" /><testcase classname="backend.tests.test_hr_module_phase1.TestAttendanceRecords" name="test_get_attendance_summary" time="0.614" /><testcase classname="backend.tests.test_hr_module_phase1.TestAttendanceRecords" name="test_get_pending_approvals" time="0.424" /><testcase classname="backend.tests.test_hr_module_phase1.TestAttendanceRecords" name="test_run_daily_calculation" time="0.452" /><testcase classname="backend.tests.test_hr_module_phase1.TestForceLogout" name="test_force_logout_rbac" time="0.454" /><testcase classname="backend.tests.test_hr_module_phase1.TestPayrollGeneration" name="test_get_payroll_records" time="0.495" /><testcase classname="backend.tests.test_hr_module_phase1.TestPayrollGeneration" name="test_get_payroll_summary" time="0.434" /><testcase classname="backend.tests.test_hr_module_phase1.TestPayrollGeneration" name="test_bulk_generate_payroll" time="0.500" /><testcase classname="backend.tests.test_hr_module_phase1.TestPayrollGeneration" name="test_generate_payroll_rbac" time="0.435" /><testcase classname="backend.tests.test_hr_module_phase1.TestPaymentMarking" name="test_mark_paid_rbac_ceo" time="0.543" /><testcase classname="backend.tests.test_hr_module_phase1.TestPaymentMarking" name="test_mark_paid_finance_manager" time="0.897"><skipped type="pytest.skip" message="No unpaid payroll records">/app/backend/tests/test_hr_module_phase1.py:313: No unpaid payroll records</skipped></testcase><testcase classname="backend.tests.test_hr_module_phase1.TestLeaveManagement" name="test_get_my_leave_balance" time="0.509" /><testcase classname="backend.tests.test_hr_module_phase1.TestLeaveManagement" name="test_get_my_leave_requests" time="0.437" /><testcase classname="backend.tests.test_hr_module_phase1.TestLeaveManagement" name="test_apply_for_leave" time="0.443" /><testcase classname="backend.tests.test_hr_module_phase1.TestLeaveManagement" name="test_get_pending_leave_approvals" time="0.427" /><testcase classname="backend.tests.test_hr_module_phase1.TestLeaveManagement" name="test_get_team_leave_summary" time="0.491" /><testcase classname="backend.tests.test_hr_module_phase1.TestLeaveManagement" name="test_cancel_leave_request" time="0.556" /><testcase classname="backend.tests.test_hr_module_phase1.TestLeaveApprovalWorkflow" name="test_approve_leave_request" time="0.561" /><testcase classname="backend.tests.test_hr_module_phase1.TestLeaveApprovalWorkflow" name="test_reject_leave_request" time="0.542" /><testcase classname="backend.tests.test_hr_module_phase1.TestRBACEnforcement" name="test_attendance_override_rbac" time="0.422" /><testcase classname="backend.tests.test_hr_module_phase1.TestRBACEnforcement" name="test_leave_approval_rbac" time="0.750" /><testcase classname="backend.tests.test_hr_module_phase1.TestPayslipGeneration" name="test_generate_payslip" time="0.625" /></testsuite></testsuites>