<?xml version="1.0" encoding="utf-8"?><testsuites name="pytest tests"><testsuite name="pytest" errors="0" failures="1" skipped="0" tests="15" time="2.157" timestamp="2026-02-28T17:19:34.449862+00:00" hostname="agent-env-799b9c9c-1b1a-4ef7-9cb6-5af84e16531c"><testcase classname="backend.tests.test_document_upload.TestDocumentRequirements" name="test_get_document_requirements_for_self_employed" time="0.619" /><testcase classname="backend.tests.test_document_upload.TestDocumentRequirements" name="test_document_requirements_structure" time="0.072" /><testcase classname="backend.tests.test_document_upload.TestDocumentRequirements" name="test_document_requirements_invalid_lead" time="0.056" /><testcase classname="backend.tests.test_document_upload.TestGenerateUploadUrl" name="test_generate_upload_url_success" time="0.166" /><testcase classname="backend.tests.test_document_upload.TestGenerateUploadUrl" name="test_generate_upload_url_invalid_lead" time="0.070" /><testcase classname="backend.tests.test_document_upload.TestGenerateUploadUrl" name="test_generate_upload_url_different_content_types" time="0.167" /><testcase classname="backend.tests.test_document_upload.TestUploadDocument" name="test_upload_document_record" time="0.053" /><testcase classname="backend.tests.test_document_upload.TestUploadDocument" name="test_upload_document_invalid_lead" time="0.051" /><testcase classname="backend.tests.test_document_upload.TestDownloadUrl" name="test_download_url_for_existing_document" time="0.109" /><testcase classname="backend.tests.test_document_upload.TestDownloadUrl" name="test_download_url_invalid_document" time="0.051" /><testcase classname="backend.tests.test_document_upload.TestDownloadUrl" name="test_download_url_invalid_lead" time="0.062" /><testcase classname="backend.tests.test_document_upload.TestDeleteDocument" name="test_delete_document" time="0.191" /><testcase classname="backend.tests.test_document_upload.TestDeleteDocument" name="test_delete_document_invalid_document" time="0.052"><failure message="AssertionError: Expected 404, got 200&#10;assert 200 == 404&#10; +  where 200 = &lt;Response [200]&gt;.status_code">backend/tests/test_document_upload.py:335: in test_delete_document_invalid_document
    assert response.status_code == 404, f"Expected 404, got {response.status_code}"
E   AssertionError: Expected 404, got 200
E   assert 200 == 404
E    +  where 200 = &lt;Response [200]&gt;.status_code</failure></testcase><testcase classname="backend.tests.test_document_upload.TestDocumentWorkflow" name="test_complete_upload_workflow" time="0.227" /><testcase classname="backend.tests.test_document_upload.TestSalariedDocuments" name="test_salaried_document_requirements" time="0.112" /></testsuite></testsuites>