<?xml version="1.0" encoding="utf-8"?><testsuites name="pytest tests"><testsuite name="pytest" errors="0" failures="0" skipped="0" tests="20" time="15.596" timestamp="2026-02-16T17:55:06.810716+00:00" hostname="agent-env-9a0b3529-38e1-464b-94a8-13324e492695"><testcase classname="backend.tests.test_lead_management.TestLeadStatuses" name="test_get_lead_statuses" time="0.297" /><testcase classname="backend.tests.test_lead_management.TestTwilioWhatsAppWebhook" name="test_create_lead_from_whatsapp" time="0.277" /><testcase classname="backend.tests.test_lead_management.TestTwilioWhatsAppWebhook" name="test_whatsapp_webhook_with_ad_id" time="0.161" /><testcase classname="backend.tests.test_lead_management.TestLeadCRUD" name="test_get_single_lead" time="0.908" /><testcase classname="backend.tests.test_lead_management.TestLeadCRUD" name="test_update_lead_status" time="0.762" /><testcase classname="backend.tests.test_lead_management.TestLeadCRUD" name="test_update_lead_status_invalid" time="0.864" /><testcase classname="backend.tests.test_lead_management.TestLeadNotes" name="test_add_note_to_lead" time="0.638" /><testcase classname="backend.tests.test_lead_management.TestLeadNotes" name="test_get_lead_notes" time="1.283" /><testcase classname="backend.tests.test_lead_management.TestLeadActivities" name="test_get_lead_activities" time="1.202" /><testcase classname="backend.tests.test_lead_management.TestLeadReminder" name="test_set_lead_reminder" time="0.754" /><testcase classname="backend.tests.test_lead_management.TestAdCityMappings" name="test_get_ad_city_mappings" time="0.550" /><testcase classname="backend.tests.test_lead_management.TestAdCityMappings" name="test_create_ad_city_mapping" time="0.799" /><testcase classname="backend.tests.test_lead_management.TestPaymentLink" name="test_create_payment_link_requires_package" time="0.721" /><testcase classname="backend.tests.test_lead_management.TestPaymentLink" name="test_create_payment_link_with_valid_package" time="2.647" /><testcase classname="backend.tests.test_lead_management.TestRazorpayWebhook" name="test_razorpay_webhook_payment_captured" time="0.494" /><testcase classname="backend.tests.test_lead_management.TestRazorpayWebhook" name="test_razorpay_webhook_no_lead" time="0.165" /><testcase classname="backend.tests.test_lead_management.TestRoundRobinAssignment" name="test_lead_auto_assignment" time="1.355" /><testcase classname="backend.tests.test_lead_management.TestLeadListFiltering" name="test_get_leads_list" time="0.526" /><testcase classname="backend.tests.test_lead_management.TestLeadListFiltering" name="test_get_leads_by_status" time="0.551" /><testcase classname="backend.tests.test_lead_management.TestLeadListFiltering" name="test_get_leads_by_search" time="0.551" /></testsuite></testsuites>