<?xml version="1.0" encoding="utf-8"?><testsuites name="pytest tests"><testsuite name="pytest" errors="0" failures="1" skipped="0" tests="11" time="6.434" timestamp="2026-02-23T06:53:11.020423+00:00" hostname="agent-env-d5dc5395-68df-4906-8296-ca52c4ac370c"><testcase classname="backend.tests.test_leads_filters.TestLeadsFilters" name="test_get_all_leads_no_filter" time="1.954" /><testcase classname="backend.tests.test_leads_filters.TestLeadsFilters" name="test_date_filter_today" time="0.395" /><testcase classname="backend.tests.test_leads_filters.TestLeadsFilters" name="test_date_filter_all_time" time="0.410" /><testcase classname="backend.tests.test_leads_filters.TestLeadsFilters" name="test_date_filter_comparison" time="0.530" /><testcase classname="backend.tests.test_leads_filters.TestLeadsFilters" name="test_employee_filter_by_name" time="0.484" /><testcase classname="backend.tests.test_leads_filters.TestLeadsFilters" name="test_employee_filter_switching" time="0.446"><failure message="AssertionError: Employee Sneha Reddy should have 39 leads, got 37&#10;assert 37 == 39">backend/tests/test_leads_filters.py:164: in test_employee_filter_switching
    assert actual_count == expected_count, f"Employee {emp} should have {expected_count} leads, got {actual_count}"
E   AssertionError: Employee Sneha Reddy should have 39 leads, got 37
E   assert 37 == 39</failure></testcase><testcase classname="backend.tests.test_leads_filters.TestLeadsFilters" name="test_combined_date_and_employee_filter" time="0.453" /><testcase classname="backend.tests.test_leads_filters.TestLeadsFilters" name="test_sneha_reddy_filter" time="0.381" /><testcase classname="backend.tests.test_leads_filters.TestLeadsFilters" name="test_get_employees_list" time="0.426" /><testcase classname="backend.tests.test_leads_filters.TestLeadStats" name="test_stats_calculation_all_time" time="0.437" /><testcase classname="backend.tests.test_leads_filters.TestLeadStats" name="test_stats_calculation_today" time="0.430" /></testsuite></testsuites>