<?xml version="1.0" encoding="utf-8"?><testsuites name="pytest tests"><testsuite name="pytest" errors="0" failures="0" skipped="1" tests="14" time="9.678" timestamp="2026-02-19T11:39:51.610214+00:00" hostname="agent-env-422eaf90-8697-4881-a972-c9fef5671b92"><testcase classname="backend.tests.test_p0_partner_flow.TestP0PartnerFlow" name="test_01_get_partners_list" time="3.121" /><testcase classname="backend.tests.test_p0_partner_flow.TestP0PartnerFlow" name="test_02_get_active_partners" time="0.456" /><testcase classname="backend.tests.test_p0_partner_flow.TestP0PartnerFlow" name="test_03_create_lead_without_partner_gets_default_b2c" time="0.468" /><testcase classname="backend.tests.test_p0_partner_flow.TestP0PartnerFlow" name="test_04_create_lead_with_specific_partner" time="0.606" /><testcase classname="backend.tests.test_p0_partner_flow.TestP0PartnerFlow" name="test_05_update_lead_partner" time="0.447"><skipped type="pytest.skip" message="ICICI partner not found or no test lead">/app/backend/tests/test_p0_partner_flow.py:129: ICICI partner not found or no test lead</skipped></testcase><testcase classname="backend.tests.test_p0_partner_flow.TestP0PartnerFlow" name="test_06_get_inspection_questionnaire" time="0.622" /><testcase classname="backend.tests.test_p0_partner_flow.TestP0PartnerFlow" name="test_07_get_inspection_report_config" time="0.588" /><testcase classname="backend.tests.test_p0_partner_flow.TestP0PartnerFlow" name="test_08_customer_shows_partner_info" time="0.441" /><testcase classname="backend.tests.test_p0_partner_flow.TestP0PartnerFlow" name="test_09_get_inspection_templates" time="0.455" /><testcase classname="backend.tests.test_p0_partner_flow.TestP0PartnerFlow" name="test_10_get_report_templates" time="0.453" /><testcase classname="backend.tests.test_p0_partner_flow.TestP0PartnerFlow" name="test_11_get_report_styles" time="0.443" /><testcase classname="backend.tests.test_p0_partner_flow.TestP0PartnerFlow" name="test_99_cleanup_test_data" time="0.548" /><testcase classname="backend.tests.test_p0_partner_flow.TestLeadsPartnerDropdown" name="test_partners_available_for_dropdown" time="0.472" /><testcase classname="backend.tests.test_p0_partner_flow.TestInspectionNewFields" name="test_inspection_has_template_fields" time="0.466" /></testsuite></testsuites>