<?xml version="1.0" encoding="utf-8"?><testsuites name="pytest tests"><testsuite name="pytest" errors="0" failures="0" skipped="0" tests="14" time="207.526" timestamp="2026-02-28T06:39:36.340349+00:00" hostname="agent-env-38850804-430c-4f7d-8702-70bbb05aacf9"><testcase classname="backend.tests.test_ai_report_generation.TestAIReportGeneration" name="test_01_ai_report_endpoint_exists" time="0.621" /><testcase classname="backend.tests.test_ai_report_generation.TestAIReportGeneration" name="test_02_generate_ai_report_hyundai_creta" time="45.052" /><testcase classname="backend.tests.test_ai_report_generation.TestAIReportGeneration" name="test_03_generate_ai_report_honda_city" time="41.523" /><testcase classname="backend.tests.test_ai_report_generation.TestAIReportGeneration" name="test_04_ai_report_without_force_regenerate" time="39.620" /><testcase classname="backend.tests.test_ai_report_generation.TestAIReportGeneration" name="test_05_ai_report_invalid_inspection" time="0.555" /><testcase classname="backend.tests.test_ai_report_generation.TestAIReportGeneration" name="test_06_market_price_research_stored" time="37.872" /><testcase classname="backend.tests.test_ai_report_generation.TestAIReportGeneration" name="test_07_market_prices_in_realistic_range" time="0.465" /><testcase classname="backend.tests.test_ai_report_generation.TestAIReportGeneration" name="test_08_market_sources_info" time="0.389" /><testcase classname="backend.tests.test_ai_report_generation.TestAIReportGeneration" name="test_09_ai_insights_overall_rating_valid" time="0.382" /><testcase classname="backend.tests.test_ai_report_generation.TestAIReportGeneration" name="test_10_ai_insights_condition_ratings" time="0.391" /><testcase classname="backend.tests.test_ai_report_generation.TestAIReportGeneration" name="test_11_ai_insights_market_value_from_research" time="0.386" /><testcase classname="backend.tests.test_ai_report_generation.TestAIReportGeneration" name="test_12_ai_insights_assessment_summary" time="0.392" /><testcase classname="backend.tests.test_ai_report_generation.TestAIReportGeneration" name="test_13_full_ai_report_flow" time="39.360" /><testcase classname="backend.tests.test_ai_report_generation.TestWebScrapingFallback" name="test_14_estimation_method_recorded" time="0.434" /></testsuite></testsuites>