<?xml version="1.0" encoding="utf-8"?><testsuites name="pytest tests"><testsuite name="pytest" errors="0" failures="2" skipped="0" tests="32" time="8.100" timestamp="2026-02-15T11:00:57.452033+00:00" hostname="agent-env-6028d41e-89f4-4c2a-ac4b-7d20cdcc1a30"><testcase classname="backend.tests.test_ess_mobile_api.TestESSHealthCheck" name="test_health_check" time="0.003" /><testcase classname="backend.tests.test_ess_mobile_api.TestESSHealthCheck" name="test_root_endpoint" time="0.002" /><testcase classname="backend.tests.test_ess_mobile_api.TestESSHealthCheck" name="test_docs_endpoint" time="0.001" /><testcase classname="backend.tests.test_ess_mobile_api.TestESSAuthentication" name="test_login_success_ceo" time="0.230" /><testcase classname="backend.tests.test_ess_mobile_api.TestESSAuthentication" name="test_login_success_hr" time="0.230" /><testcase classname="backend.tests.test_ess_mobile_api.TestESSAuthentication" name="test_login_success_sales_exec" time="0.230" /><testcase classname="backend.tests.test_ess_mobile_api.TestESSAuthentication" name="test_login_invalid_credentials" time="0.003" /><testcase classname="backend.tests.test_ess_mobile_api.TestESSAuthentication" name="test_login_wrong_password" time="0.227" /><testcase classname="backend.tests.test_ess_mobile_api.TestSingleDevicePolicy" name="test_new_login_invalidates_old_session" time="0.472" /><testcase classname="backend.tests.test_ess_mobile_api.TestESSProfile" name="test_get_profile" time="0.235" /><testcase classname="backend.tests.test_ess_mobile_api.TestESSProfile" name="test_get_profile_unauthorized" time="0.002" /><testcase classname="backend.tests.test_ess_mobile_api.TestESSProfile" name="test_get_bank_details" time="0.233" /><testcase classname="backend.tests.test_ess_mobile_api.TestESSProfile" name="test_get_salary_summary" time="0.234" /><testcase classname="backend.tests.test_ess_mobile_api.TestESSProfile" name="test_get_attendance_summary" time="0.236" /><testcase classname="backend.tests.test_ess_mobile_api.TestESSLeaveManagement" name="test_get_leave_balance" time="0.235" /><testcase classname="backend.tests.test_ess_mobile_api.TestESSLeaveManagement" name="test_get_leave_history" time="0.233" /><testcase classname="backend.tests.test_ess_mobile_api.TestESSLeaveManagement" name="test_apply_leave" time="0.232" /><testcase classname="backend.tests.test_ess_mobile_api.TestESSLeaveManagement" name="test_apply_leave_past_date_rejected" time="0.234" /><testcase classname="backend.tests.test_ess_mobile_api.TestESSNotifications" name="test_get_notifications" time="0.235" /><testcase classname="backend.tests.test_ess_mobile_api.TestESSNotifications" name="test_get_unread_count" time="0.235" /><testcase classname="backend.tests.test_ess_mobile_api.TestESSNotifications" name="test_get_notification_settings" time="0.233" /><testcase classname="backend.tests.test_ess_mobile_api.TestESSNotifications" name="test_update_notification_settings" time="0.533" /><testcase classname="backend.tests.test_ess_mobile_api.TestESSNotifications" name="test_mark_notifications_read" time="0.234" /><testcase classname="backend.tests.test_ess_mobile_api.TestESSPayslips" name="test_get_payslips" time="0.234" /><testcase classname="backend.tests.test_ess_mobile_api.TestESSPayslips" name="test_get_available_years" time="0.235"><failure message="assert 404 == 200&#10; +  where 404 = &lt;Response [404]&gt;.status_code">backend/tests/test_ess_mobile_api.py:571: in test_get_available_years
    assert response.status_code == 200
E   assert 404 == 200
E    +  where 404 = &lt;Response [404]&gt;.status_code</failure></testcase><testcase classname="backend.tests.test_ess_mobile_api.TestESSDocuments" name="test_get_documents" time="0.237" /><testcase classname="backend.tests.test_ess_mobile_api.TestESSDocuments" name="test_get_document_requirements" time="0.234"><failure message="assert 404 == 200&#10; +  where 404 = &lt;Response [404]&gt;.status_code">backend/tests/test_ess_mobile_api.py:619: in test_get_document_requirements
    assert response.status_code == 200
E   assert 404 == 200
E    +  where 404 = &lt;Response [404]&gt;.status_code</failure></testcase><testcase classname="backend.tests.test_ess_mobile_api.TestESSAuthSession" name="test_get_current_session" time="0.237" /><testcase classname="backend.tests.test_ess_mobile_api.TestESSAuthSession" name="test_logout" time="0.236" /><testcase classname="backend.tests.test_ess_mobile_api.TestESSAuthSession" name="test_refresh_token" time="1.241" /><testcase classname="backend.tests.test_ess_mobile_api.TestMainCRMAPIStillWorking" name="test_crm_api_root" time="0.235" /><testcase classname="backend.tests.test_ess_mobile_api.TestMainCRMAPIStillWorking" name="test_crm_api_login" time="0.338" /></testsuite></testsuites>