<?xml version="1.0" encoding="utf-8"?><testsuites name="pytest tests"><testsuite name="pytest" errors="0" failures="0" skipped="0" tests="11" time="4.406" timestamp="2026-02-16T04:57:32.509274+00:00" hostname="agent-env-633940b7-9691-4e0b-9527-f35498d90de6"><testcase classname="backend.tests.test_ess_salary_structure.TestESSAuth" name="test_login_success" time="0.410" /><testcase classname="backend.tests.test_ess_salary_structure.TestESSAuth" name="test_login_invalid_credentials" time="0.152" /><testcase classname="backend.tests.test_ess_salary_structure.TestESSSalaryAPI" name="test_salary_returns_individual_earnings_fields" time="0.473" /><testcase classname="backend.tests.test_ess_salary_structure.TestESSSalaryAPI" name="test_salary_returns_individual_deductions_fields" time="0.455" /><testcase classname="backend.tests.test_ess_salary_structure.TestESSSalaryAPI" name="test_salary_values_are_numeric" time="0.473" /><testcase classname="backend.tests.test_ess_salary_structure.TestESSSalaryAPI" name="test_salary_gross_calculation" time="0.467" /><testcase classname="backend.tests.test_ess_salary_structure.TestESSSalaryAPI" name="test_salary_unauthorized_access" time="0.431" /><testcase classname="backend.tests.test_ess_salary_structure.TestESSProfile" name="test_profile_returns_employee_data" time="0.463" /><testcase classname="backend.tests.test_ess_salary_structure.TestESSLeaveBalance" name="test_leave_balance_returns_all_types" time="0.461" /><testcase classname="backend.tests.test_ess_salary_structure.TestESSHolidays" name="test_holidays_returns_list" time="0.451" /><testcase classname="backend.tests.test_ess_salary_structure.TestESSHealthCheck" name="test_health_check" time="0.101" /></testsuite></testsuites>