<?xml version="1.0" encoding="utf-8"?><testsuites name="pytest tests"><testsuite name="pytest" errors="0" failures="0" skipped="1" tests="19" time="10.347" timestamp="2026-02-14T04:22:22.009496+00:00" hostname="agent-env-0221be67-da1a-4588-bb7e-cf30d21ca35b"><testcase classname="backend.tests.test_finance_module.TestFinanceAuth" name="test_finance_manager_login" time="0.380" /><testcase classname="backend.tests.test_finance_module.TestFinanceAuth" name="test_finance_manager_visible_tabs" time="0.478" /><testcase classname="backend.tests.test_finance_module.TestFinanceAuth" name="test_country_head_login" time="0.353" /><testcase classname="backend.tests.test_finance_module.TestFinanceAuth" name="test_country_head_visible_tabs" time="0.485" /><testcase classname="backend.tests.test_finance_module.TestFinanceAuth" name="test_ceo_visible_tabs" time="0.474" /><testcase classname="backend.tests.test_finance_module.TestFinancePayments" name="test_get_payment_modes" time="0.450" /><testcase classname="backend.tests.test_finance_module.TestFinancePayments" name="test_get_finance_employees" time="0.442" /><testcase classname="backend.tests.test_finance_module.TestFinancePayments" name="test_get_payments_list" time="0.501" /><testcase classname="backend.tests.test_finance_module.TestFinancePayments" name="test_get_finance_summary" time="0.496" /><testcase classname="backend.tests.test_finance_module.TestFinancePayments" name="test_create_payment_as_finance_manager" time="0.620" /><testcase classname="backend.tests.test_finance_module.TestFinancePayments" name="test_unauthorized_access_denied" time="0.479" /><testcase classname="backend.tests.test_finance_module.TestPaymentWorkflow" name="test_full_payment_workflow" time="1.404" /><testcase classname="backend.tests.test_finance_module.TestPaymentWorkflow" name="test_finance_manager_cannot_approve" time="0.432" /><testcase classname="backend.tests.test_finance_module.TestPaymentWorkflow" name="test_country_head_can_reject" time="0.802"><skipped type="pytest.skip" message="No submitted payments to reject">/app/backend/tests/test_finance_module.py:394: No submitted payments to reject</skipped></testcase><testcase classname="backend.tests.test_finance_module.TestPayslipGeneration" name="test_get_payslip_for_approved_payment" time="0.569" /><testcase classname="backend.tests.test_finance_module.TestCEOAccess" name="test_ceo_can_see_all_countries" time="0.441" /><testcase classname="backend.tests.test_finance_module.TestCEOAccess" name="test_ceo_can_filter_by_country" time="0.567" /><testcase classname="backend.tests.test_finance_module.TestCEOAccess" name="test_ceo_can_approve_payments" time="0.440" /><testcase classname="backend.tests.test_finance_module.TestFinanceManagerCountryRestriction" name="test_finance_manager_india_cannot_see_malaysia" time="0.450" /></testsuite></testsuites>