<?xml version="1.0" encoding="utf-8"?><testsuites name="pytest tests"><testsuite name="pytest" errors="0" failures="1" skipped="0" tests="11" time="4.415" timestamp="2026-02-15T11:35:06.972070+00:00" hostname="agent-env-6028d41e-89f4-4c2a-ac4b-7d20cdcc1a30"><testcase classname="backend.tests.test_notification_config.TestNotificationConfigAPI" name="test_get_triggers" time="0.484" /><testcase classname="backend.tests.test_notification_config.TestNotificationConfigAPI" name="test_get_templates" time="0.474" /><testcase classname="backend.tests.test_notification_config.TestNotificationConfigAPI" name="test_get_stats" time="0.441" /><testcase classname="backend.tests.test_notification_config.TestNotificationConfigAPI" name="test_update_trigger" time="0.674" /><testcase classname="backend.tests.test_notification_config.TestNotificationConfigAPI" name="test_send_announcement" time="0.419" /><testcase classname="backend.tests.test_notification_config.TestNotificationConfigAPI" name="test_unauthorized_access" time="0.420" /><testcase classname="backend.tests.test_notification_config.TestNotificationConfigAPI" name="test_non_hr_access_denied" time="0.759" /><testcase classname="backend.tests.test_notification_config.TestESSHealthCheck" name="test_ess_health" time="0.002" /><testcase classname="backend.tests.test_notification_config.TestESSHealthCheck" name="test_ess_auth_login" time="0.227"><failure message="AssertionError: Failed: Internal Server Error&#10;assert 500 == 200&#10; +  where 500 = &lt;Response [500]&gt;.status_code">backend/tests/test_notification_config.py:202: in test_ess_auth_login
    assert response.status_code == 200, f"Failed: {response.text}"
E   AssertionError: Failed: Internal Server Error
E   assert 500 == 200
E    +  where 500 = &lt;Response [500]&gt;.status_code</failure></testcase><testcase classname="backend.tests.test_notification_config.TestMainCRMAPI" name="test_crm_root" time="0.104" /><testcase classname="backend.tests.test_notification_config.TestMainCRMAPI" name="test_crm_login" time="0.324" /></testsuite></testsuites>