<?xml version="1.0" encoding="utf-8"?><testsuites name="pytest tests"><testsuite name="pytest" errors="0" failures="0" skipped="0" tests="44" time="59.552" timestamp="2026-02-16T12:32:02.960354+00:00" hostname="agent-env-9a0b3529-38e1-464b-94a8-13324e492695"><testcase classname="backend.tests.test_ess_comprehensive_sync.TestCRMAuthentication" name="test_crm_login_admin" time="0.381" /><testcase classname="backend.tests.test_ess_comprehensive_sync.TestCRMAuthentication" name="test_crm_login_hr" time="0.323" /><testcase classname="backend.tests.test_ess_comprehensive_sync.TestCreateTestEmployeeWithAllFields" name="test_create_employee_with_all_fields" time="1.397" /><testcase classname="backend.tests.test_ess_comprehensive_sync.TestESSMobileAppLogin" name="test_ess_login_hr_user" time="0.344" /><testcase classname="backend.tests.test_ess_comprehensive_sync.TestVerifyPersonalProfileFields" name="test_profile_id_field" time="0.450" /><testcase classname="backend.tests.test_ess_comprehensive_sync.TestVerifyPersonalProfileFields" name="test_profile_name_field" time="0.434" /><testcase classname="backend.tests.test_ess_comprehensive_sync.TestVerifyPersonalProfileFields" name="test_profile_email_field" time="0.442" /><testcase classname="backend.tests.test_ess_comprehensive_sync.TestVerifyPersonalProfileFields" name="test_profile_phone_field" time="0.474" /><testcase classname="backend.tests.test_ess_comprehensive_sync.TestVerifyPersonalProfileFields" name="test_profile_employee_code_field" time="0.464" /><testcase classname="backend.tests.test_ess_comprehensive_sync.TestVerifyPersonalProfileFields" name="test_profile_department_name_field" time="0.443" /><testcase classname="backend.tests.test_ess_comprehensive_sync.TestVerifyPersonalProfileFields" name="test_profile_role_name_field" time="0.456" /><testcase classname="backend.tests.test_ess_comprehensive_sync.TestVerifyPersonalProfileFields" name="test_profile_country_name_field" time="0.454" /><testcase classname="backend.tests.test_ess_comprehensive_sync.TestVerifyPersonalProfileFields" name="test_profile_team_name_field" time="0.443" /><testcase classname="backend.tests.test_ess_comprehensive_sync.TestVerifyPersonalProfileFields" name="test_profile_date_of_joining_field" time="0.447" /><testcase classname="backend.tests.test_ess_comprehensive_sync.TestVerifyPersonalProfileFields" name="test_profile_reporting_manager_id_field" time="0.430" /><testcase classname="backend.tests.test_ess_comprehensive_sync.TestVerifyPersonalProfileFields" name="test_profile_reporting_manager_name_field" time="0.428" /><testcase classname="backend.tests.test_ess_comprehensive_sync.TestVerifyPersonalProfileFields" name="test_profile_photo_url_field" time="0.424" /><testcase classname="backend.tests.test_ess_comprehensive_sync.TestVerifyPersonalProfileFields" name="test_profile_all_fields_summary" time="0.451" /><testcase classname="backend.tests.test_ess_comprehensive_sync.TestVerifyBankDetailsFields" name="test_bank_details_endpoint_accessible" time="0.445" /><testcase classname="backend.tests.test_ess_comprehensive_sync.TestVerifyBankDetailsFields" name="test_bank_name_field" time="0.439" /><testcase classname="backend.tests.test_ess_comprehensive_sync.TestVerifyBankDetailsFields" name="test_account_number_masked_field" time="0.453" /><testcase classname="backend.tests.test_ess_comprehensive_sync.TestVerifyBankDetailsFields" name="test_ifsc_code_field" time="0.458" /><testcase classname="backend.tests.test_ess_comprehensive_sync.TestVerifyBankDetailsFields" name="test_account_holder_name_field" time="0.434" /><testcase classname="backend.tests.test_ess_comprehensive_sync.TestVerifyBankDetailsFields" name="test_bank_details_all_fields_summary" time="0.432" /><testcase classname="backend.tests.test_ess_comprehensive_sync.TestVerifySalaryFields" name="test_salary_endpoint_accessible" time="0.473" /><testcase classname="backend.tests.test_ess_comprehensive_sync.TestVerifySalaryFields" name="test_basic_salary_field" time="0.510" /><testcase classname="backend.tests.test_ess_comprehensive_sync.TestVerifySalaryFields" name="test_hra_field" time="0.432" /><testcase classname="backend.tests.test_ess_comprehensive_sync.TestVerifySalaryFields" name="test_variable_pay_field" time="0.430" /><testcase classname="backend.tests.test_ess_comprehensive_sync.TestVerifySalaryFields" name="test_conveyance_field" time="0.456" /><testcase classname="backend.tests.test_ess_comprehensive_sync.TestVerifySalaryFields" name="test_medical_field" time="0.432" /><testcase classname="backend.tests.test_ess_comprehensive_sync.TestVerifySalaryFields" name="test_special_allowance_field" time="0.434" /><testcase classname="backend.tests.test_ess_comprehensive_sync.TestVerifySalaryFields" name="test_pf_employee_field" time="0.427" /><testcase classname="backend.tests.test_ess_comprehensive_sync.TestVerifySalaryFields" name="test_professional_tax_field" time="0.482" /><testcase classname="backend.tests.test_ess_comprehensive_sync.TestVerifySalaryFields" name="test_income_tax_field" time="0.455" /><testcase classname="backend.tests.test_ess_comprehensive_sync.TestVerifySalaryFields" name="test_other_deductions_field" time="0.459" /><testcase classname="backend.tests.test_ess_comprehensive_sync.TestVerifySalaryFields" name="test_gross_salary_field" time="0.441" /><testcase classname="backend.tests.test_ess_comprehensive_sync.TestVerifySalaryFields" name="test_net_salary_field" time="36.378" /><testcase classname="backend.tests.test_ess_comprehensive_sync.TestVerifySalaryFields" name="test_currency_fields" time="0.471" /><testcase classname="backend.tests.test_ess_comprehensive_sync.TestVerifySalaryFields" name="test_salary_all_fields_summary" time="0.476" /><testcase classname="backend.tests.test_ess_comprehensive_sync.TestEditEmployeeAndVerifySync" name="test_edit_photo_url_and_verify_sync" time="0.995" /><testcase classname="backend.tests.test_ess_comprehensive_sync.TestEditEmployeeAndVerifySync" name="test_edit_joining_date_and_verify_sync" time="1.036" /><testcase classname="backend.tests.test_ess_comprehensive_sync.TestEditEmployeeAndVerifySync" name="test_edit_reporting_manager_and_verify_sync" time="1.190" /><testcase classname="backend.tests.test_ess_comprehensive_sync.TestEditEmployeeAndVerifySync" name="test_edit_bank_details_and_verify_sync" time="1.105" /><testcase classname="backend.tests.test_ess_comprehensive_sync.TestSalaryComponentSync" name="test_update_salary_with_conveyance_and_medical" time="1.047" /></testsuite></testsuites>