<?xml version="1.0" encoding="utf-8"?><testsuites name="pytest tests"><testsuite name="pytest" errors="0" failures="0" skipped="4" tests="16" time="1.970" timestamp="2026-02-19T14:38:42.298363+00:00" hostname="agent-env-4b4c7fdb-0936-4995-b356-967e83d61fbc"><testcase classname="backend.tests.test_mechanic_app_api.TestMechanicOTPAuth" name="test_request_otp_registered_mechanic" time="0.243" /><testcase classname="backend.tests.test_mechanic_app_api.TestMechanicOTPAuth" name="test_request_otp_unregistered_phone" time="0.066" /><testcase classname="backend.tests.test_mechanic_app_api.TestMechanicOTPAuth" name="test_verify_otp_success" time="0.144" /><testcase classname="backend.tests.test_mechanic_app_api.TestMechanicOTPAuth" name="test_verify_otp_invalid" time="0.212" /><testcase classname="backend.tests.test_mechanic_app_api.TestMechanicOTPAuth" name="test_verify_otp_without_request" time="0.083" /><testcase classname="backend.tests.test_mechanic_app_api.TestMechanicInspections" name="test_get_inspections_list" time="0.225" /><testcase classname="backend.tests.test_mechanic_app_api.TestMechanicInspections" name="test_get_inspections_with_status_filter" time="0.217" /><testcase classname="backend.tests.test_mechanic_app_api.TestMechanicInspections" name="test_get_inspections_unauthorized" time="0.163" /><testcase classname="backend.tests.test_mechanic_app_api.TestMechanicInspectionDetail" name="test_get_inspection_detail" time="0.140" /><testcase classname="backend.tests.test_mechanic_app_api.TestMechanicInspectionDetail" name="test_get_inspection_detail_not_found" time="0.102" /><testcase classname="backend.tests.test_mechanic_app_api.TestInspectionQuestionnaire" name="test_get_questionnaire" time="0.082" /><testcase classname="backend.tests.test_mechanic_app_api.TestMechanicInspectionActions" name="test_accept_inspection" time="0.081"><skipped type="pytest.skip" message="No NEW inspection available for testing">/app/backend/tests/test_mechanic_app_api.py:217: No NEW inspection available for testing</skipped></testcase><testcase classname="backend.tests.test_mechanic_app_api.TestMechanicInspectionActions" name="test_save_progress" time="0.074"><skipped type="pytest.skip" message="No accepted inspection available for testing">/app/backend/tests/test_mechanic_app_api.py:237: No accepted inspection available for testing</skipped></testcase><testcase classname="backend.tests.test_mechanic_app_api.TestMechanicInspectionActions" name="test_complete_inspection" time="0.000"><skipped type="pytest.skip" message="No accepted inspection available for testing">/app/backend/tests/test_mechanic_app_api.py:261: No accepted inspection available for testing</skipped></testcase><testcase classname="backend.tests.test_mechanic_app_api.TestMechanicInspectionActions" name="test_accept_nonexistent_inspection" time="0.067" /><testcase classname="backend.tests.test_mechanic_app_api.TestMechanicRejectInspection" name="test_reject_inspection" time="0.000"><skipped type="pytest.skip" message="No NEW inspection available for testing">/app/backend/tests/test_mechanic_app_api.py:293: No NEW inspection available for testing</skipped></testcase></testsuite></testsuites>