<?xml version="1.0" encoding="utf-8"?><testsuites name="pytest tests"><testsuite name="pytest" errors="0" failures="0" skipped="0" tests="12" time="7.585" timestamp="2026-02-16T15:16:51.884939+00:00" hostname="agent-env-9a0b3529-38e1-464b-94a8-13324e492695"><testcase classname="backend.tests.test_roles_crud.TestRolesCRUD" name="test_01_get_all_roles" time="0.652" /><testcase classname="backend.tests.test_roles_crud.TestRolesCRUD" name="test_02_create_role_with_permissions" time="0.660" /><testcase classname="backend.tests.test_roles_crud.TestRolesCRUD" name="test_03_update_role_permissions" time="0.770" /><testcase classname="backend.tests.test_roles_crud.TestRolesCRUD" name="test_04_delete_non_preset_role" time="0.645" /><testcase classname="backend.tests.test_roles_crud.TestRolesCRUD" name="test_05_delete_preset_role_should_fail" time="0.625" /><testcase classname="backend.tests.test_roles_crud.TestRolesCRUD" name="test_06_copy_role_preserves_permissions" time="0.687" /><testcase classname="backend.tests.test_roles_crud.TestRolesCRUD" name="test_07_delete_role_with_employees_should_fail" time="0.848" /><testcase classname="backend.tests.test_roles_crud.TestRolesCRUD" name="test_08_create_duplicate_code_should_fail" time="0.496" /><testcase classname="backend.tests.test_roles_crud.TestRolesAPIEndpoints" name="test_roles_get_endpoint" time="0.555" /><testcase classname="backend.tests.test_roles_crud.TestRolesAPIEndpoints" name="test_roles_post_endpoint" time="0.505" /><testcase classname="backend.tests.test_roles_crud.TestRolesAPIEndpoints" name="test_roles_put_endpoint" time="0.575" /><testcase classname="backend.tests.test_roles_crud.TestRolesAPIEndpoints" name="test_roles_delete_endpoint" time="0.490" /></testsuite></testsuites>