<?xml version="1.0" encoding="utf-8"?><testsuites name="pytest tests"><testsuite name="pytest" errors="0" failures="0" skipped="0" tests="10" time="10.064" timestamp="2026-02-22T19:18:32.762461+00:00" hostname="agent-env-450422a5-e1b7-41d4-9b20-86e7f6762631"><testcase classname="backend.tests.test_partner_assignment_option_c.TestPartnerAssignmentOptionC" name="test_get_partners_list" time="1.222" /><testcase classname="backend.tests.test_partner_assignment_option_c.TestPartnerAssignmentOptionC" name="test_create_ad_mapping_with_partner" time="0.957" /><testcase classname="backend.tests.test_partner_assignment_option_c.TestPartnerAssignmentOptionC" name="test_create_ad_mapping_without_partner" time="0.793" /><testcase classname="backend.tests.test_partner_assignment_option_c.TestPartnerAssignmentOptionC" name="test_update_ad_mapping_partner" time="0.911" /><testcase classname="backend.tests.test_partner_assignment_option_c.TestPartnerAssignmentOptionC" name="test_ad_mappings_table_shows_partner" time="1.063" /><testcase classname="backend.tests.test_partner_assignment_option_c.TestPartnerAssignmentOptionC" name="test_webhook_assigns_partner_from_ad_mapping" time="1.196" /><testcase classname="backend.tests.test_partner_assignment_option_c.TestPartnerAssignmentOptionC" name="test_webhook_defaults_to_b2c_without_partner_mapping" time="1.073" /><testcase classname="backend.tests.test_partner_assignment_option_c.TestPartnerAssignmentOptionC" name="test_webhook_defaults_to_b2c_for_unmapped_ad" time="0.946" /><testcase classname="backend.tests.test_partner_assignment_option_c.TestPartnerAssignmentOptionC" name="test_existing_lead_creation_not_broken" time="0.766" /><testcase classname="backend.tests.test_partner_assignment_option_c.TestPartnerAssignmentOptionC" name="test_existing_ad_mapping_flow_not_broken" time="1.052" /></testsuite></testsuites>