<?xml version="1.0" encoding="utf-8"?><testsuites name="pytest tests"><testsuite name="pytest" errors="0" failures="2" skipped="0" tests="19" time="11.556" timestamp="2026-02-28T16:53:32.811282+00:00" hostname="agent-env-799b9c9c-1b1a-4ef7-9cb6-5af84e16531c"><testcase classname="backend.tests.test_loans_module.TestLoansModule" name="test_get_loan_leads" time="0.624" /><testcase classname="backend.tests.test_loans_module.TestLoansModule" name="test_get_loan_stats" time="0.404" /><testcase classname="backend.tests.test_loans_module.TestLoansModule" name="test_search_loan_leads" time="0.398" /><testcase classname="backend.tests.test_loans_module.TestLoansModule" name="test_filter_loan_leads_by_status" time="0.459" /><testcase classname="backend.tests.test_loans_module.TestLoansModule" name="test_get_single_loan_lead" time="0.491" /><testcase classname="backend.tests.test_loans_module.TestLoansModule" name="test_lead_with_multiple_vehicles" time="0.388" /><testcase classname="backend.tests.test_loans_module.TestLoansModule" name="test_add_vehicle_to_lead" time="1.335" /><testcase classname="backend.tests.test_loans_module.TestLoansModule" name="test_update_vehicle_loan_details" time="0.521" /><testcase classname="backend.tests.test_loans_module.TestLoansModule" name="test_check_eligibility" time="0.444" /><testcase classname="backend.tests.test_loans_module.TestLoansModule" name="test_eligibility_requires_valuation" time="1.371" /><testcase classname="backend.tests.test_loans_module.TestLoansModule" name="test_create_loan_application" time="0.542" /><testcase classname="backend.tests.test_loans_module.TestLoansModule" name="test_get_banks" time="0.395" /><testcase classname="backend.tests.test_loans_module.TestLoansModule" name="test_banks_have_required_fields" time="0.385" /><testcase classname="backend.tests.test_loans_module.TestLoansModule" name="test_add_vehicle_with_vaahan" time="1.360" /><testcase classname="backend.tests.test_loans_module.TestLoansModule" name="test_update_lead_status" time="0.509" /><testcase classname="backend.tests.test_loans_module.TestLoansModule" name="test_get_document_requirements" time="0.490" /><testcase classname="backend.tests.test_loans_module.TestLoansModuleEdgeCases" name="test_invalid_lead_id" time="0.429" /><testcase classname="backend.tests.test_loans_module.TestLoansModuleEdgeCases" name="test_invalid_vehicle_id" time="0.452"><failure message="assert 200 == 404&#10; +  where 200 = &lt;Response [200]&gt;.status_code">backend/tests/test_loans_module.py:498: in test_invalid_vehicle_id
    assert response.status_code == 404
E   assert 200 == 404
E    +  where 200 = &lt;Response [200]&gt;.status_code</failure></testcase><testcase classname="backend.tests.test_loans_module.TestLoansModuleEdgeCases" name="test_pagination" time="0.441"><failure message="AssertionError: Pagination returned duplicate items&#10;assert not True&#10; +  where True = any(&lt;generator object TestLoansModuleEdgeCases.test_pagination.&lt;locals&gt;.&lt;genexpr&gt; at 0xfd7a775398c0&gt;)">backend/tests/test_loans_module.py:523: in test_pagination
    assert not any(id in ids1 for id in ids2), "Pagination returned duplicate items"
E   AssertionError: Pagination returned duplicate items
E   assert not True
E    +  where True = any(&lt;generator object TestLoansModuleEdgeCases.test_pagination.&lt;locals&gt;.&lt;genexpr&gt; at 0xfd7a775398c0&gt;)</failure></testcase></testsuite></testsuites>