<?xml version="1.0" encoding="utf-8"?><testsuites name="pytest tests"><testsuite name="pytest" errors="20" failures="1" skipped="0" tests="24" time="4.167" timestamp="2026-02-14T06:28:22.242263+00:00" hostname="agent-env-30ebc522-b16f-4fb4-b19e-73f2898d20ef"><testcase classname="backend.tests.test_hr_module_v4.TestHRModuleAuth" name="test_ceo_login" time="0.369" /><testcase classname="backend.tests.test_hr_module_v4.TestHRModuleAuth" name="test_hr_login" time="0.323" /><testcase classname="backend.tests.test_hr_module_v4.TestEmployeeList" name="test_get_employees_list" time="0.492"><failure message="AssertionError: assert 'employees' in [{'audit_count': 0, 'country_id': '5fc8066d-fed6-4fe6-8f2c-1e0881b1a866', 'country_name': 'Malaysia', 'created_at': '2026-02-14T04:13:21.937661+00:00', ...}, {'audit_count': 0, 'country_id': '5fc8066d-fed6-4fe6-8f2c-1e0881b1a866', 'country_name': 'Malaysia', 'created_at': '2026-02-14T04:13:21.715360+00:00', ...}, {'audit_count': 0, 'country_id': '5fc8066d-fed6-4fe6-8f2c-1e0881b1a866', 'country_name': 'Malaysia', 'created_at': '2026-02-14T04:13:21.493268+00:00', ...}, {'audit_count': 0, 'country_id': '5fc8066d-fed6-4fe6-8f2c-1e0881b1a866', 'country_name': 'Malaysia', 'created_at': '2026-02-14T04:13:21.271248+00:00', ...}, {'audit_count': 0, 'country_id': 'c49e1dc6-1450-40c2-9846-56b73369b2b1', 'country_name': 'India', 'created_at': '2026-02-14T04:13:21.049259+00:00', ...}, {'audit_count': 0, 'country_id': 'c49e1dc6-1450-40c2-9846-56b73369b2b1', 'country_name': 'India', 'created_at': '2026-02-14T04:13:20.827198+00:00', ...}, ...]">backend/tests/test_hr_module_v4.py:80: in test_get_employees_list
    assert "employees" in data
E   AssertionError: assert 'employees' in [{'audit_count': 0, 'country_id': '5fc8066d-fed6-4fe6-8f2c-1e0881b1a866', 'country_name': 'Malaysia', 'created_at': '2026-02-14T04:13:21.937661+00:00', ...}, {'audit_count': 0, 'country_id': '5fc8066d-fed6-4fe6-8f2c-1e0881b1a866', 'country_name': 'Malaysia', 'created_at': '2026-02-14T04:13:21.715360+00:00', ...}, {'audit_count': 0, 'country_id': '5fc8066d-fed6-4fe6-8f2c-1e0881b1a866', 'country_name': 'Malaysia', 'created_at': '2026-02-14T04:13:21.493268+00:00', ...}, {'audit_count': 0, 'country_id': '5fc8066d-fed6-4fe6-8f2c-1e0881b1a866', 'country_name': 'Malaysia', 'created_at': '2026-02-14T04:13:21.271248+00:00', ...}, {'audit_count': 0, 'country_id': 'c49e1dc6-1450-40c2-9846-56b73369b2b1', 'country_name': 'India', 'created_at': '2026-02-14T04:13:21.049259+00:00', ...}, {'audit_count': 0, 'country_id': 'c49e1dc6-1450-40c2-9846-56b73369b2b1', 'country_name': 'India', 'created_at': '2026-02-14T04:13:20.827198+00:00', ...}, ...]</failure></testcase><testcase classname="backend.tests.test_hr_module_v4.TestSalaryStructure" name="test_save_salary_with_earnings" time="0.485"><error message="failed on setup with &quot;AttributeError: 'list' object has no attribute 'get'&quot;">backend/tests/test_hr_module_v4.py:102: in employee_id
    employees = response.json().get("employees", [])
                ^^^^^^^^^^^^^^^^^^^
E   AttributeError: 'list' object has no attribute 'get'</error></testcase><testcase classname="backend.tests.test_hr_module_v4.TestSalaryStructure" name="test_save_salary_with_deductions" time="0.000"><error message="failed on setup with &quot;AttributeError: 'list' object has no attribute 'get'&quot;">backend/tests/test_hr_module_v4.py:102: in employee_id
    employees = response.json().get("employees", [])
                ^^^^^^^^^^^^^^^^^^^
E   AttributeError: 'list' object has no attribute 'get'</error></testcase><testcase classname="backend.tests.test_hr_module_v4.TestSalaryStructure" name="test_gross_net_salary_calculation" time="0.000"><error message="failed on setup with &quot;AttributeError: 'list' object has no attribute 'get'&quot;">backend/tests/test_hr_module_v4.py:102: in employee_id
    employees = response.json().get("employees", [])
                ^^^^^^^^^^^^^^^^^^^
E   AttributeError: 'list' object has no attribute 'get'</error></testcase><testcase classname="backend.tests.test_hr_module_v4.TestSalaryStructure" name="test_get_employee_salary" time="0.000"><error message="failed on setup with &quot;AttributeError: 'list' object has no attribute 'get'&quot;">backend/tests/test_hr_module_v4.py:102: in employee_id
    employees = response.json().get("employees", [])
                ^^^^^^^^^^^^^^^^^^^
E   AttributeError: 'list' object has no attribute 'get'</error></testcase><testcase classname="backend.tests.test_hr_module_v4.TestAttendanceLeave" name="test_mark_today_as_leave" time="0.481"><error message="failed on setup with &quot;AttributeError: 'list' object has no attribute 'get'&quot;">backend/tests/test_hr_module_v4.py:222: in employee_id
    employees = response.json().get("employees", [])
                ^^^^^^^^^^^^^^^^^^^
E   AttributeError: 'list' object has no attribute 'get'</error></testcase><testcase classname="backend.tests.test_hr_module_v4.TestAttendanceLeave" name="test_mark_tomorrow_as_leave" time="0.000"><error message="failed on setup with &quot;AttributeError: 'list' object has no attribute 'get'&quot;">backend/tests/test_hr_module_v4.py:222: in employee_id
    employees = response.json().get("employees", [])
                ^^^^^^^^^^^^^^^^^^^
E   AttributeError: 'list' object has no attribute 'get'</error></testcase><testcase classname="backend.tests.test_hr_module_v4.TestAttendanceLeave" name="test_mark_as_present" time="0.000"><error message="failed on setup with &quot;AttributeError: 'list' object has no attribute 'get'&quot;">backend/tests/test_hr_module_v4.py:222: in employee_id
    employees = response.json().get("employees", [])
                ^^^^^^^^^^^^^^^^^^^
E   AttributeError: 'list' object has no attribute 'get'</error></testcase><testcase classname="backend.tests.test_hr_module_v4.TestAttendanceLeave" name="test_mark_as_half_day" time="0.000"><error message="failed on setup with &quot;AttributeError: 'list' object has no attribute 'get'&quot;">backend/tests/test_hr_module_v4.py:222: in employee_id
    employees = response.json().get("employees", [])
                ^^^^^^^^^^^^^^^^^^^
E   AttributeError: 'list' object has no attribute 'get'</error></testcase><testcase classname="backend.tests.test_hr_module_v4.TestAttendanceLeave" name="test_get_attendance_records" time="0.000"><error message="failed on setup with &quot;AttributeError: 'list' object has no attribute 'get'&quot;">backend/tests/test_hr_module_v4.py:222: in employee_id
    employees = response.json().get("employees", [])
                ^^^^^^^^^^^^^^^^^^^
E   AttributeError: 'list' object has no attribute 'get'</error></testcase><testcase classname="backend.tests.test_hr_module_v4.TestLeaveSummary" name="test_get_leave_summary_current_year" time="0.527"><error message="failed on setup with &quot;AttributeError: 'list' object has no attribute 'get'&quot;">backend/tests/test_hr_module_v4.py:332: in employee_id
    employees = response.json().get("employees", [])
                ^^^^^^^^^^^^^^^^^^^
E   AttributeError: 'list' object has no attribute 'get'</error></testcase><testcase classname="backend.tests.test_hr_module_v4.TestLeaveSummary" name="test_leave_summary_monthly_breakdown" time="0.000"><error message="failed on setup with &quot;AttributeError: 'list' object has no attribute 'get'&quot;">backend/tests/test_hr_module_v4.py:332: in employee_id
    employees = response.json().get("employees", [])
                ^^^^^^^^^^^^^^^^^^^
E   AttributeError: 'list' object has no attribute 'get'</error></testcase><testcase classname="backend.tests.test_hr_module_v4.TestLeaveSummary" name="test_leave_summary_different_year" time="0.000"><error message="failed on setup with &quot;AttributeError: 'list' object has no attribute 'get'&quot;">backend/tests/test_hr_module_v4.py:332: in employee_id
    employees = response.json().get("employees", [])
                ^^^^^^^^^^^^^^^^^^^
E   AttributeError: 'list' object has no attribute 'get'</error></testcase><testcase classname="backend.tests.test_hr_module_v4.TestDocumentManagement" name="test_add_aadhar_document" time="0.490"><error message="failed on setup with &quot;AttributeError: 'list' object has no attribute 'get'&quot;">backend/tests/test_hr_module_v4.py:411: in employee_id
    employees = response.json().get("employees", [])
                ^^^^^^^^^^^^^^^^^^^
E   AttributeError: 'list' object has no attribute 'get'</error></testcase><testcase classname="backend.tests.test_hr_module_v4.TestDocumentManagement" name="test_add_pan_document" time="0.000"><error message="failed on setup with &quot;AttributeError: 'list' object has no attribute 'get'&quot;">backend/tests/test_hr_module_v4.py:411: in employee_id
    employees = response.json().get("employees", [])
                ^^^^^^^^^^^^^^^^^^^
E   AttributeError: 'list' object has no attribute 'get'</error></testcase><testcase classname="backend.tests.test_hr_module_v4.TestDocumentManagement" name="test_add_offer_letter_document" time="0.000"><error message="failed on setup with &quot;AttributeError: 'list' object has no attribute 'get'&quot;">backend/tests/test_hr_module_v4.py:411: in employee_id
    employees = response.json().get("employees", [])
                ^^^^^^^^^^^^^^^^^^^
E   AttributeError: 'list' object has no attribute 'get'</error></testcase><testcase classname="backend.tests.test_hr_module_v4.TestDocumentManagement" name="test_get_employee_documents" time="0.000"><error message="failed on setup with &quot;AttributeError: 'list' object has no attribute 'get'&quot;">backend/tests/test_hr_module_v4.py:411: in employee_id
    employees = response.json().get("employees", [])
                ^^^^^^^^^^^^^^^^^^^
E   AttributeError: 'list' object has no attribute 'get'</error></testcase><testcase classname="backend.tests.test_hr_module_v4.TestDocumentManagement" name="test_delete_document" time="0.000"><error message="failed on setup with &quot;AttributeError: 'list' object has no attribute 'get'&quot;">backend/tests/test_hr_module_v4.py:411: in employee_id
    employees = response.json().get("employees", [])
                ^^^^^^^^^^^^^^^^^^^
E   AttributeError: 'list' object has no attribute 'get'</error></testcase><testcase classname="backend.tests.test_hr_module_v4.TestHRAuthorization" name="test_hr_can_access_employees" time="0.606" /><testcase classname="backend.tests.test_hr_module_v4.TestHRAuthorization" name="test_hr_can_save_salary" time="0.167"><error message="failed on setup with &quot;AttributeError: 'list' object has no attribute 'get'&quot;">backend/tests/test_hr_module_v4.py:522: in employee_id
    employees = response.json().get("employees", [])
                ^^^^^^^^^^^^^^^^^^^
E   AttributeError: 'list' object has no attribute 'get'</error></testcase><testcase classname="backend.tests.test_hr_module_v4.TestHRAuthorization" name="test_hr_can_mark_attendance" time="0.000"><error message="failed on setup with &quot;AttributeError: 'list' object has no attribute 'get'&quot;">backend/tests/test_hr_module_v4.py:522: in employee_id
    employees = response.json().get("employees", [])
                ^^^^^^^^^^^^^^^^^^^
E   AttributeError: 'list' object has no attribute 'get'</error></testcase><testcase classname="backend.tests.test_hr_module_v4.TestHRAuthorization" name="test_hr_can_add_document" time="0.000"><error message="failed on setup with &quot;AttributeError: 'list' object has no attribute 'get'&quot;">backend/tests/test_hr_module_v4.py:522: in employee_id
    employees = response.json().get("employees", [])
                ^^^^^^^^^^^^^^^^^^^
E   AttributeError: 'list' object has no attribute 'get'</error></testcase></testsuite></testsuites>