<?xml version="1.0" encoding="utf-8"?><testsuites name="pytest tests"><testsuite name="pytest" errors="0" failures="0" skipped="0" tests="8" time="3.746" timestamp="2026-03-05T15:17:55.033621+00:00" hostname="agent-env-8ba47032-6dcc-45e9-9b8f-091c3e1f3f17"><testcase classname="backend.tests.test_vaahan_integration.TestVaahanIntegration" name="test_fetch_vaahan_data_endpoint_returns_200" time="0.558" /><testcase classname="backend.tests.test_vaahan_integration.TestVaahanIntegration" name="test_fetch_vaahan_data_returns_engine_number" time="0.421" /><testcase classname="backend.tests.test_vaahan_integration.TestVaahanIntegration" name="test_fetch_vaahan_data_returns_chassis_number" time="0.471" /><testcase classname="backend.tests.test_vaahan_integration.TestVaahanIntegration" name="test_fetch_vaahan_data_returns_all_vehicle_details" time="0.393" /><testcase classname="backend.tests.test_vaahan_integration.TestVaahanIntegration" name="test_inspection_stores_vaahan_data" time="0.472" /><testcase classname="backend.tests.test_vaahan_integration.TestVaahanIntegration" name="test_inspection_has_rto_verification_status" time="0.502" /><testcase classname="backend.tests.test_vaahan_integration.TestVaahanIntegration" name="test_fetch_vaahan_data_without_car_number_returns_400" time="0.418" /><testcase classname="backend.tests.test_vaahan_integration.TestVaahanIntegration" name="test_vaahan_data_source_field" time="0.448" /></testsuite></testsuites>