<?xml version="1.0" encoding="utf-8"?><testsuites name="pytest tests"><testsuite name="pytest" errors="0" failures="0" skipped="0" tests="11" time="7.940" timestamp="2026-02-15T09:28:03.662370+00:00" hostname="agent-env-c6e1a72d-6bbe-4f69-8396-82aba63b93ab"><testcase classname="backend.tests.test_document_upload.TestDocumentUpload" name="test_login_as_hr_manager" time="1.012" /><testcase classname="backend.tests.test_document_upload.TestDocumentUpload" name="test_get_employee_documents_empty" time="0.548" /><testcase classname="backend.tests.test_document_upload.TestDocumentUpload" name="test_upload_document_success" time="0.652" /><testcase classname="backend.tests.test_document_upload.TestDocumentUpload" name="test_upload_document_with_different_types" time="1.540" /><testcase classname="backend.tests.test_document_upload.TestDocumentUpload" name="test_upload_document_missing_fields" time="0.614" /><testcase classname="backend.tests.test_document_upload.TestDocumentUpload" name="test_upload_document_invalid_file_type" time="0.611" /><testcase classname="backend.tests.test_document_upload.TestDocumentUpload" name="test_download_document" time="0.727" /><testcase classname="backend.tests.test_document_upload.TestDocumentUpload" name="test_list_documents_after_upload" time="0.728" /><testcase classname="backend.tests.test_document_upload.TestDocumentUpload" name="test_delete_document" time="0.742" /><testcase classname="backend.tests.test_document_upload.TestDocumentUpload" name="test_delete_nonexistent_document" time="0.549" /><testcase classname="backend.tests.test_document_upload.TestDocumentUploadRBAC" name="test_unauthorized_access" time="0.103" /></testsuite></testsuites>