<?xml version="1.0" encoding="utf-8"?><testsuites name="pytest tests"><testsuite name="pytest" errors="0" failures="0" skipped="0" tests="16" time="8.473" timestamp="2026-02-18T13:09:07.700750+00:00" hostname="agent-env-5f9ec90d-de37-41c6-9cee-a67a502661a7"><testcase classname="backend.tests.test_meta_ads_integration.TestAdCityMappingsCRUD" name="test_get_ad_city_mappings_list" time="0.611" /><testcase classname="backend.tests.test_meta_ads_integration.TestAdCityMappingsCRUD" name="test_create_ad_city_mapping" time="0.725" /><testcase classname="backend.tests.test_meta_ads_integration.TestAdCityMappingsCRUD" name="test_create_ad_mapping_with_all_fields" time="0.584" /><testcase classname="backend.tests.test_meta_ads_integration.TestAdCityMappingsCRUD" name="test_update_ad_city_mapping" time="0.678" /><testcase classname="backend.tests.test_meta_ads_integration.TestAdCityMappingsCRUD" name="test_toggle_ad_mapping_status" time="0.721" /><testcase classname="backend.tests.test_meta_ads_integration.TestAdCityMappingsCRUD" name="test_delete_ad_city_mapping" time="0.558" /><testcase classname="backend.tests.test_meta_ads_integration.TestAdCityMappingsCRUD" name="test_update_nonexistent_mapping_returns_404" time="0.412" /><testcase classname="backend.tests.test_meta_ads_integration.TestAdCityMappingsCRUD" name="test_toggle_nonexistent_mapping_returns_404" time="0.384" /><testcase classname="backend.tests.test_meta_ads_integration.TestMetaAdsEndpoints" name="test_get_meta_ads_status" time="0.397" /><testcase classname="backend.tests.test_meta_ads_integration.TestMetaAdsEndpoints" name="test_get_meta_ads_performance" time="0.566" /><testcase classname="backend.tests.test_meta_ads_integration.TestMetaAdsEndpoints" name="test_get_meta_ads_performance_with_date_range" time="0.495" /><testcase classname="backend.tests.test_meta_ads_integration.TestMetaAdsEndpoints" name="test_meta_ads_insights_endpoint" time="0.480" /><testcase classname="backend.tests.test_meta_ads_integration.TestMetaAdsEndpoints" name="test_meta_ads_campaigns_endpoint" time="0.492" /><testcase classname="backend.tests.test_meta_ads_integration.TestMetaAdsEndpoints" name="test_meta_ads_ads_list_endpoint" time="0.474" /><testcase classname="backend.tests.test_meta_ads_integration.TestAdMappingsAuthorization" name="test_country_head_cannot_create_ad_mapping" time="0.391" /><testcase classname="backend.tests.test_meta_ads_integration.TestAdMappingsAuthorization" name="test_country_head_can_read_ad_mappings" time="0.386" /></testsuite></testsuites>