<?xml version="1.0" encoding="utf-8"?><testsuites name="pytest tests"><testsuite name="pytest" errors="0" failures="7" skipped="11" tests="18" time="8.820" timestamp="2026-02-18T07:11:46.928272+00:00" hostname="agent-env-06b4646b-d170-49a6-9fb4-7b8c9195874c"><testcase classname="backend.tests.test_inspections_enhancements.TestInspectionsEnhancements" name="test_01_login_inspection_head" time="1.996"><failure message="AssertionError: Token not in response&#10;assert 'token' in {'access_token': 'eyJhbGciOiJIUzI1NiIsInR5cCI6IkpXVCJ9.eyJzdWIiOiI0ODNmMGM5OS0yZjhjLTQyMDctYjQ4NS1lOTM0MTEyMzkwMWQiLCJlbWFpbCI6Imluc3BoZWFkLmluQHdpc2Vkcml2ZS5jb20iLCJleHAiOjE3NzE0ODUxMDh9.d_Xo2ron_s-NNbC0ccR6sJNsy_9krnaj2IkTbzULwt0', 'token_type': 'bearer', 'user': {'country_id': 'c49e1dc6-1450-40c2-9846-56b73369b2b1', 'country_name': 'India', 'department_id': 'f0f9442e-96cd-4275-a917-3790e07ef0fc', 'email': 'insphead.in@wisedrive.com', ...}}">backend/tests/test_inspections_enhancements.py:93: in test_01_login_inspection_head
    assert "token" in data, "Token not in response"
E   AssertionError: Token not in response
E   assert 'token' in {'access_token': 'eyJhbGciOiJIUzI1NiIsInR5cCI6IkpXVCJ9.eyJzdWIiOiI0ODNmMGM5OS0yZjhjLTQyMDctYjQ4NS1lOTM0MTEyMzkwMWQiLCJlbWFpbCI6Imluc3BoZWFkLmluQHdpc2Vkcml2ZS5jb20iLCJleHAiOjE3NzE0ODUxMDh9.d_Xo2ron_s-NNbC0ccR6sJNsy_9krnaj2IkTbzULwt0', 'token_type': 'bearer', 'user': {'country_id': 'c49e1dc6-1450-40c2-9846-56b73369b2b1', 'country_name': 'India', 'department_id': 'f0f9442e-96cd-4275-a917-3790e07ef0fc', 'email': 'insphead.in@wisedrive.com', ...}}</failure></testcase><testcase classname="backend.tests.test_inspections_enhancements.TestInspectionsEnhancements" name="test_02_get_scheduled_inspections" time="0.396"><failure message="AssertionError: Failed to get inspections: {&quot;detail&quot;:&quot;Invalid token&quot;}&#10;assert 401 == 200&#10; +  where 401 = &lt;Response [401]&gt;.status_code">backend/tests/test_inspections_enhancements.py:104: in test_02_get_scheduled_inspections
    assert response.status_code == 200, f"Failed to get inspections: {response.text}"
E   AssertionError: Failed to get inspections: {"detail":"Invalid token"}
E   assert 401 == 200
E    +  where 401 = &lt;Response [401]&gt;.status_code</failure></testcase><testcase classname="backend.tests.test_inspections_enhancements.TestInspectionsEnhancements" name="test_03_get_unscheduled_inspections" time="0.390"><failure message="AssertionError: Failed to get inspections: {&quot;detail&quot;:&quot;Invalid token&quot;}&#10;assert 401 == 200&#10; +  where 401 = &lt;Response [401]&gt;.status_code">backend/tests/test_inspections_enhancements.py:122: in test_03_get_unscheduled_inspections
    assert response.status_code == 200, f"Failed to get inspections: {response.text}"
E   AssertionError: Failed to get inspections: {"detail":"Invalid token"}
E   assert 401 == 200
E    +  where 401 = &lt;Response [401]&gt;.status_code</failure></testcase><testcase classname="backend.tests.test_inspections_enhancements.TestInspectionsEnhancements" name="test_04_update_inspection_status_valid" time="0.387"><skipped type="pytest.skip" message="No scheduled inspections available">/app/backend/tests/test_inspections_enhancements.py:133: No scheduled inspections available</skipped></testcase><testcase classname="backend.tests.test_inspections_enhancements.TestInspectionsEnhancements" name="test_05_update_inspection_status_all_valid_statuses" time="0.416"><skipped type="pytest.skip" message="No scheduled inspections available">/app/backend/tests/test_inspections_enhancements.py:167: No scheduled inspections available</skipped></testcase><testcase classname="backend.tests.test_inspections_enhancements.TestInspectionsEnhancements" name="test_06_update_inspection_status_invalid" time="0.406"><skipped type="pytest.skip" message="No scheduled inspections available">/app/backend/tests/test_inspections_enhancements.py:192: No scheduled inspections available</skipped></testcase><testcase classname="backend.tests.test_inspections_enhancements.TestInspectionsEnhancements" name="test_07_update_inspection_vehicle" time="0.382"><skipped type="pytest.skip" message="No scheduled inspections available">/app/backend/tests/test_inspections_enhancements.py:210: No scheduled inspections available</skipped></testcase><testcase classname="backend.tests.test_inspections_enhancements.TestInspectionsEnhancements" name="test_08_update_inspection_vehicle_not_found" time="0.385"><failure message="AssertionError: Expected 404, got 401&#10;assert 401 == 404&#10; +  where 401 = &lt;Response [401]&gt;.status_code">backend/tests/test_inspections_enhancements.py:250: in test_08_update_inspection_vehicle_not_found
    assert response.status_code == 404, f"Expected 404, got {response.status_code}"
E   AssertionError: Expected 404, got 401
E   assert 401 == 404
E    +  where 401 = &lt;Response [401]&gt;.status_code</failure></testcase><testcase classname="backend.tests.test_inspections_enhancements.TestInspectionsEnhancements" name="test_09_get_mechanics_list" time="0.385"><failure message="AssertionError: Failed to get mechanics: {&quot;detail&quot;:&quot;Invalid token&quot;}&#10;assert 401 == 200&#10; +  where 401 = &lt;Response [401]&gt;.status_code">backend/tests/test_inspections_enhancements.py:260: in test_09_get_mechanics_list
    assert response.status_code == 200, f"Failed to get mechanics: {response.text}"
E   AssertionError: Failed to get mechanics: {"detail":"Invalid token"}
E   assert 401 == 200
E    +  where 401 = &lt;Response [401]&gt;.status_code</failure></testcase><testcase classname="backend.tests.test_inspections_enhancements.TestInspectionsEnhancements" name="test_10_assign_mechanic_to_inspection" time="0.410"><skipped type="pytest.skip" message="No scheduled inspections available">/app/backend/tests/test_inspections_enhancements.py:275: No scheduled inspections available</skipped></testcase><testcase classname="backend.tests.test_inspections_enhancements.TestInspectionsEnhancements" name="test_11_unassign_mechanic_from_inspection" time="0.366"><skipped type="pytest.skip" message="No scheduled inspections available">/app/backend/tests/test_inspections_enhancements.py:309: No scheduled inspections available</skipped></testcase><testcase classname="backend.tests.test_inspections_enhancements.TestInspectionsEnhancements" name="test_12_assign_nonexistent_mechanic" time="0.396"><skipped type="pytest.skip" message="No scheduled inspections available">/app/backend/tests/test_inspections_enhancements.py:345: No scheduled inspections available</skipped></testcase><testcase classname="backend.tests.test_inspections_enhancements.TestInspectionsEnhancements" name="test_13_update_inspection_schedule" time="0.400"><skipped type="pytest.skip" message="No scheduled inspections available">/app/backend/tests/test_inspections_enhancements.py:363: No scheduled inspections available</skipped></testcase><testcase classname="backend.tests.test_inspections_enhancements.TestInspectionsEnhancements" name="test_14_update_schedule_not_found" time="0.393"><failure message="AssertionError: Expected 404, got 401&#10;assert 401 == 404&#10; +  where 401 = &lt;Response [401]&gt;.status_code">backend/tests/test_inspections_enhancements.py:409: in test_14_update_schedule_not_found
    assert response.status_code == 404, f"Expected 404, got {response.status_code}"
E   AssertionError: Expected 404, got 401
E   assert 401 == 404
E    +  where 401 = &lt;Response [401]&gt;.status_code</failure></testcase><testcase classname="backend.tests.test_inspections_enhancements.TestInspectionsEnhancements" name="test_15_collect_balance_partial_payment" time="0.377"><skipped type="pytest.skip" message="No partial payment inspections available">/app/backend/tests/test_inspections_enhancements.py:418: No partial payment inspections available</skipped></testcase><testcase classname="backend.tests.test_inspections_enhancements.TestInspectionsEnhancements" name="test_16_collect_balance_fully_paid" time="0.413"><skipped type="pytest.skip" message="Could not fetch inspections">/app/backend/tests/test_inspections_enhancements.py:443: Could not fetch inspections</skipped></testcase><testcase classname="backend.tests.test_inspections_enhancements.TestInspectionsEnhancements" name="test_17_vaahan_api_vehicle_details" time="0.390"><failure message="AssertionError: Unexpected status: 401&#10;assert 401 in [200, 400]&#10; +  where 401 = &lt;Response [401]&gt;.status_code">backend/tests/test_inspections_enhancements.py:473: in test_17_vaahan_api_vehicle_details
    assert response.status_code in [200, 400], f"Unexpected status: {response.status_code}"
E   AssertionError: Unexpected status: 401
E   assert 401 in [200, 400]
E    +  where 401 = &lt;Response [401]&gt;.status_code</failure></testcase><testcase classname="backend.tests.test_inspections_enhancements.TestInspectionsEnhancements" name="test_18_full_inspection_workflow" time="0.381"><skipped type="pytest.skip" message="No scheduled inspections available">/app/backend/tests/test_inspections_enhancements.py:488: No scheduled inspections available</skipped></testcase></testsuite></testsuites>