<?xml version="1.0" encoding="utf-8"?><testsuites name="pytest tests"><testsuite name="pytest" errors="0" failures="0" skipped="0" tests="19" time="3.230" timestamp="2026-02-19T10:10:08.641660+00:00" hostname="agent-env-422eaf90-8697-4881-a972-c9fef5671b92"><testcase classname="backend.tests.test_partners_templates.TestPartnersAPI" name="test_get_partners_list" time="1.555" /><testcase classname="backend.tests.test_partners_templates.TestPartnersAPI" name="test_create_partner_bank" time="0.051" /><testcase classname="backend.tests.test_partners_templates.TestPartnersAPI" name="test_get_partner_by_id" time="0.045" /><testcase classname="backend.tests.test_partners_templates.TestPartnersAPI" name="test_update_partner" time="0.055" /><testcase classname="backend.tests.test_partners_templates.TestPartnersAPI" name="test_toggle_partner_status" time="0.147" /><testcase classname="backend.tests.test_partners_templates.TestPartnersAPI" name="test_filter_partners_by_type" time="0.053" /><testcase classname="backend.tests.test_partners_templates.TestPartnersAPI" name="test_create_partner_b2c" time="0.053" /><testcase classname="backend.tests.test_partners_templates.TestPartnersAPI" name="test_create_partner_insurance" time="0.050" /><testcase classname="backend.tests.test_partners_templates.TestPartnersAPI" name="test_create_partner_b2b" time="0.048" /><testcase classname="backend.tests.test_partners_templates.TestInspectionTemplatesAPI" name="test_get_templates_list" time="0.050" /><testcase classname="backend.tests.test_partners_templates.TestInspectionTemplatesAPI" name="test_get_questions_for_template" time="0.048" /><testcase classname="backend.tests.test_partners_templates.TestInspectionTemplatesAPI" name="test_get_partners_for_template" time="0.044" /><testcase classname="backend.tests.test_partners_templates.TestInspectionTemplatesAPI" name="test_create_inspection_template" time="0.051" /><testcase classname="backend.tests.test_partners_templates.TestInspectionTemplatesAPI" name="test_get_template_by_id" time="0.051" /><testcase classname="backend.tests.test_partners_templates.TestInspectionTemplatesAPI" name="test_update_template" time="0.050" /><testcase classname="backend.tests.test_partners_templates.TestInspectionTemplatesAPI" name="test_toggle_template_status" time="0.156" /><testcase classname="backend.tests.test_partners_templates.TestInspectionTemplatesAPI" name="test_set_template_as_default" time="0.096" /><testcase classname="backend.tests.test_partners_templates.TestInspectionTemplatesAPI" name="test_delete_template" time="0.046" /><testcase classname="backend.tests.test_partners_templates.TestCleanup" name="test_cleanup_test_partners" time="0.491" /></testsuite></testsuites>