<?xml version="1.0" encoding="utf-8"?><testsuites name="pytest tests"><testsuite name="pytest" errors="0" failures="0" skipped="0" tests="6" time="5.247" timestamp="2026-02-15T07:05:32.546398+00:00" hostname="agent-env-c6e1a72d-6bbe-4f69-8396-82aba63b93ab"><testcase classname="backend.tests.test_iteration26_features.TestRolesLeaveEntitlements" name="test_get_roles_returns_leave_entitlements" time="0.577" /><testcase classname="backend.tests.test_iteration26_features.TestRolesLeaveEntitlements" name="test_update_role_leave_entitlements" time="0.662" /><testcase classname="backend.tests.test_iteration26_features.TestWeeklyOffDayBugFix" name="test_update_employee_weekly_off_day" time="0.825" /><testcase classname="backend.tests.test_iteration26_features.TestWeeklyOffDayBugFix" name="test_weekly_off_day_accepts_all_valid_values" time="1.968" /><testcase classname="backend.tests.test_iteration26_features.TestPayrollPreviewWithLeaveEntitlements" name="test_payroll_preview_includes_leave_entitlements" time="0.564" /><testcase classname="backend.tests.test_iteration26_features.TestPayrollNewColumnStructure" name="test_payroll_preview_has_required_fields" time="0.597" /></testsuite></testsuites>