<?xml version="1.0" encoding="utf-8"?><testsuites name="pytest tests"><testsuite name="pytest" errors="0" failures="0" skipped="0" tests="11" time="1.345" timestamp="2026-02-20T10:08:12.873850+00:00" hostname="agent-env-ce37d9b0-e436-4ab8-abe5-402cba7fb6b7"><testcase classname="backend.tests.test_mechanic_seed_and_inspections.TestSeedTestData" name="test_seed_test_data_creates_inspections" time="0.256" /><testcase classname="backend.tests.test_mechanic_seed_and_inspections.TestDevMechanicAuth" name="test_request_otp_dev_mechanic" time="0.056" /><testcase classname="backend.tests.test_mechanic_seed_and_inspections.TestDevMechanicAuth" name="test_verify_otp_dev_mechanic" time="0.118" /><testcase classname="backend.tests.test_mechanic_seed_and_inspections.TestDevMechanicAuth" name="test_verify_otp_wrong_otp" time="0.109" /><testcase classname="backend.tests.test_mechanic_seed_and_inspections.TestMechanicInspectionsAPI" name="test_get_inspections_returns_correct_fields" time="0.239" /><testcase classname="backend.tests.test_mechanic_seed_and_inspections.TestMechanicInspectionsAPI" name="test_get_inspections_with_status_filter" time="0.158" /><testcase classname="backend.tests.test_mechanic_seed_and_inspections.TestMechanicInspectionsAPI" name="test_get_inspections_unauthorized" time="0.060" /><testcase classname="backend.tests.test_mechanic_seed_and_inspections.TestInspectionFieldMapping" name="test_inspection_has_navigation_fields" time="0.054" /><testcase classname="backend.tests.test_mechanic_seed_and_inspections.TestInspectionFieldMapping" name="test_inspection_interface_compatibility" time="0.054" /><testcase classname="backend.tests.test_mechanic_seed_and_inspections.TestTokenValidation" name="test_token_valid_for_inspections" time="0.052" /><testcase classname="backend.tests.test_mechanic_seed_and_inspections.TestTokenValidation" name="test_token_contains_mechanic_info" time="0.105" /></testsuite></testsuites>