<?xml version="1.0" encoding="utf-8"?><testsuites name="pytest tests"><testsuite name="pytest" errors="0" failures="0" skipped="0" tests="16" time="13.834" timestamp="2026-02-16T15:58:43.010429+00:00" hostname="agent-env-9a0b3529-38e1-464b-94a8-13324e492695"><testcase classname="backend.tests.test_leave_rules.TestLeaveRulesAPI" name="test_01_get_leave_rules_default" time="1.233" /><testcase classname="backend.tests.test_leave_rules.TestLeaveRulesAPI" name="test_02_update_leave_rules_to_monthly" time="0.508" /><testcase classname="backend.tests.test_leave_rules.TestLeaveRulesAPI" name="test_03_update_leave_rules_to_quarterly" time="0.630" /><testcase classname="backend.tests.test_leave_rules.TestLeaveRulesAPI" name="test_04_update_leave_rules_invalid_period" time="0.507" /><testcase classname="backend.tests.test_leave_rules.TestLeaveRulesAPI" name="test_05_carry_forward_always_disabled" time="0.539" /><testcase classname="backend.tests.test_leave_rules.TestLeaveRulesAPI" name="test_06_get_period_balance_monthly" time="0.891" /><testcase classname="backend.tests.test_leave_rules.TestLeaveRulesAPI" name="test_07_get_period_balance_quarterly" time="1.002" /><testcase classname="backend.tests.test_leave_rules.TestLeaveRulesAPI" name="test_08_period_balance_can_apply_flags" time="0.875" /><testcase classname="backend.tests.test_leave_rules.TestLeaveRulesAPI" name="test_09_apply_leave_validates_period_balance" time="1.224" /><testcase classname="backend.tests.test_leave_rules.TestLeaveRulesAPI" name="test_10_role_entitlements_override_global_rules" time="1.048" /><testcase classname="backend.tests.test_leave_rules.TestLeaveRulesAPI" name="test_11_apply_sick_leave_validates_period_balance" time="1.211" /><testcase classname="backend.tests.test_leave_rules.TestLeaveRulesAPI" name="test_12_monthly_period_dates_correct" time="0.888" /><testcase classname="backend.tests.test_leave_rules.TestLeaveRulesAPI" name="test_13_quarterly_period_dates_correct" time="0.887" /><testcase classname="backend.tests.test_leave_rules.TestLeaveRulesIntegration" name="test_14_full_leave_flow_with_period_balance" time="1.344" /><testcase classname="backend.tests.test_leave_rules.TestLeaveRulesIntegration" name="test_15_verify_lop_days_tracking" time="0.458" /><testcase classname="backend.tests.test_leave_rules.TestLeaveRulesIntegration" name="test_16_verify_total_availed_calculation" time="0.498" /></testsuite></testsuites>