<?xml version="1.0" encoding="utf-8"?><testsuites name="pytest tests"><testsuite name="pytest" errors="0" failures="0" skipped="0" tests="9" time="5.664" timestamp="2026-02-22T11:31:38.674565+00:00" hostname="agent-env-60497b11-385c-4dff-9a9c-7fc5cab7a838"><testcase classname="backend.tests.test_twilio_webhook_audit_trail.TestTwilioWebhookAuditTrail" name="test_01_webhook_endpoint_exists" time="0.480" /><testcase classname="backend.tests.test_twilio_webhook_audit_trail.TestTwilioWebhookAuditTrail" name="test_02_webhook_accepts_ctwa_parameters" time="0.432" /><testcase classname="backend.tests.test_twilio_webhook_audit_trail.TestTwilioWebhookAuditTrail" name="test_03_investigate_lead_by_phone_returns_audit_data" time="0.392" /><testcase classname="backend.tests.test_twilio_webhook_audit_trail.TestTwilioWebhookAuditTrail" name="test_04_meta_whatsapp_source_classification" time="1.013" /><testcase classname="backend.tests.test_twilio_webhook_audit_trail.TestTwilioWebhookAuditTrail" name="test_05_direct_whatsapp_source_classification" time="0.987" /><testcase classname="backend.tests.test_twilio_webhook_audit_trail.TestTwilioWebhookAuditTrail" name="test_06_audit_trail_contains_all_sections" time="1.018" /><testcase classname="backend.tests.test_twilio_webhook_audit_trail.TestTwilioWebhookAuditTrail" name="test_07_investigate_existing_test_leads" time="0.433" /><testcase classname="backend.tests.test_twilio_webhook_audit_trail.TestTwilioWebhookAuditTrail" name="test_08_webhook_handles_missing_optional_params" time="0.465" /><testcase classname="backend.tests.test_twilio_webhook_audit_trail.TestTwilioWebhookAuditTrail" name="test_09_lead_sources_endpoint" time="0.387" /></testsuite></testsuites>