<?xml version="1.0" encoding="utf-8"?><testsuites name="pytest tests"><testsuite name="pytest" errors="2" failures="0" skipped="1" tests="15" time="4.829" timestamp="2026-02-19T15:47:16.152059+00:00" hostname="agent-env-4b4c7fdb-0936-4995-b356-967e83d61fbc"><testcase classname="backend.tests.test_push_notifications.TestPushNotificationAPIs" name="test_register_push_token_success" time="0.919" /><testcase classname="backend.tests.test_push_notifications.TestPushNotificationAPIs" name="test_register_push_token_ios_platform" time="0.135" /><testcase classname="backend.tests.test_push_notifications.TestPushNotificationAPIs" name="test_register_push_token_unauthenticated" time="0.148" /><testcase classname="backend.tests.test_push_notifications.TestPushNotificationAPIs" name="test_register_push_token_missing_device_token" time="0.136" /><testcase classname="backend.tests.test_push_notifications.TestPushNotificationAPIs" name="test_unregister_push_token_success" time="0.242" /><testcase classname="backend.tests.test_push_notifications.TestPushNotificationAPIs" name="test_unregister_push_token_unauthenticated" time="0.119" /><testcase classname="backend.tests.test_push_notifications.TestPushNotificationAPIs" name="test_get_notifications_success" time="0.174" /><testcase classname="backend.tests.test_push_notifications.TestPushNotificationAPIs" name="test_get_notifications_with_limit" time="0.139" /><testcase classname="backend.tests.test_push_notifications.TestPushNotificationAPIs" name="test_get_notifications_unauthenticated" time="0.255" /><testcase classname="backend.tests.test_push_notifications.TestPushNotificationAPIs" name="test_mark_notification_read_success" time="0.109"><skipped type="pytest.skip" message="No notifications available to test mark as read">/app/backend/tests/test_push_notifications.py:248: No notifications available to test mark as read</skipped></testcase><testcase classname="backend.tests.test_push_notifications.TestPushNotificationAPIs" name="test_mark_notification_read_nonexistent" time="0.137" /><testcase classname="backend.tests.test_push_notifications.TestPushNotificationAPIs" name="test_mark_notification_read_unauthenticated" time="0.122" /><testcase classname="backend.tests.test_push_notifications.TestNotificationOnInspectionAssignment" name="test_notification_on_mechanic_assignment" time="0.617"><error message="failed on setup with &quot;KeyError: 'token'&quot;">backend/tests/test_push_notifications.py:299: in crm_admin_token
    return response.json()["token"]
           ^^^^^^^^^^^^^^^^^^^^^^^^
E   KeyError: 'token'</error></testcase><testcase classname="backend.tests.test_push_notifications.TestPushTokenDatabaseStorage" name="test_push_token_persistence" time="0.899" /><testcase classname="backend.tests.test_push_notifications.TestNotificationCreationOnNewInspection" name="test_notification_on_new_inspection_in_city" time="0.565"><error message="failed on setup with &quot;KeyError: 'token'&quot;">backend/tests/test_push_notifications.py:494: in crm_admin_token
    return response.json()["token"]
           ^^^^^^^^^^^^^^^^^^^^^^^^
E   KeyError: 'token'</error></testcase></testsuite></testsuites>