<?xml version="1.0" encoding="utf-8"?><testsuites name="pytest tests"><testsuite name="pytest" errors="0" failures="6" skipped="0" tests="14" time="5.547" timestamp="2026-02-14T11:46:32.671484+00:00" hostname="agent-env-413b16c3-756c-4bc3-9b35-1048a294ad7c"><testcase classname="tests.test_hr_enterprise_readiness.TestEmployeeFields" name="test_get_employee_has_new_fields" time="0.805" /><testcase classname="tests.test_hr_enterprise_readiness.TestEmployeeFields" name="test_create_employee_with_new_fields" time="0.542" /><testcase classname="tests.test_hr_enterprise_readiness.TestEmployeeFields" name="test_update_employee_new_fields" time="0.284" /><testcase classname="tests.test_hr_enterprise_readiness.TestBankDetailsEncryption" name="test_bank_account_not_returned_in_plain" time="0.598"><failure message="AssertionError: bank_account_number_encrypted should NOT be in response&#10;assert 'bank_account_number_encrypted' not in {'account_holder_name': 'Test Enterprise Employee', 'address': '123 Test Street', 'attendance': [], 'audit_history': [{'action': 'create', 'entity_id': '896f6893-2175-4328-a7ae-9031b08b7db9', 'entity_type': 'employee', 'id': '8ee7d935-75b5-4e37-8175-dd8d35c9a625', ...}], ...}">tests/test_hr_enterprise_readiness.py:190: in test_bank_account_not_returned_in_plain
    assert "bank_account_number_encrypted" not in emp, "bank_account_number_encrypted should NOT be in response"
E   AssertionError: bank_account_number_encrypted should NOT be in response
E   assert 'bank_account_number_encrypted' not in {'account_holder_name': 'Test Enterprise Employee', 'address': '123 Test Street', 'attendance': [], 'audit_history': [{'action': 'create', 'entity_id': '896f6893-2175-4328-a7ae-9031b08b7db9', 'entity_type': 'employee', 'id': '8ee7d935-75b5-4e37-8175-dd8d35c9a625', ...}], ...}</failure></testcase><testcase classname="tests.test_hr_enterprise_readiness.TestBankDetailsEncryption" name="test_update_bank_account_stores_encrypted" time="0.194"><failure message="AssertionError: Masked value should end with last 4 digits: XXXX XXXX XXXX 7654&#10;assert ('9654' in 'XXXX XXXX XXXX 7654' or False)&#10; +  where False = &lt;built-in method endswith of str object at 0xfb6e70846330&gt;('9654')&#10; +    where &lt;built-in method endswith of str object at 0xfb6e70846330&gt; = 'XXXX XXXX XXXX 7654'.endswith">tests/test_hr_enterprise_readiness.py:221: in test_update_bank_account_stores_encrypted
    assert "9654" in masked or masked.endswith("9654"), f"Masked value should end with last 4 digits: {masked}"
E   AssertionError: Masked value should end with last 4 digits: XXXX XXXX XXXX 7654
E   assert ('9654' in 'XXXX XXXX XXXX 7654' or False)
E    +  where False = &lt;built-in method endswith of str object at 0xfb6e70846330&gt;('9654')
E    +    where &lt;built-in method endswith of str object at 0xfb6e70846330&gt; = 'XXXX XXXX XXXX 7654'.endswith</failure></testcase><testcase classname="tests.test_hr_enterprise_readiness.TestBankDetailsEncryption" name="test_employee_list_no_encrypted_bank" time="0.144"><failure message="AssertionError: Employee Test Enterprise Employee has encrypted bank in list&#10;assert 'bank_account_number_encrypted' not in {'account_holder_name': 'Test Enterprise Employee', 'address': '123 Test Street', 'audit_count': 3, 'bank_account_number_encrypted': 'Z0FBQUFBQnBrR0NiVWFETHhpX0l6TDlKcVlUS0lnUTQ3Y28tUHUyWlI5MVVRM2xYZnJWZ0pwd2NkYk94ZTg0aUxtenN0QnFuY2c0LUl6d1UxTm5NQk5TY3lLbnZwMU5qNEIxWEQ0YTJDUzUzVk5SZDV2MTNCMk09', ...}">tests/test_hr_enterprise_readiness.py:234: in test_employee_list_no_encrypted_bank
    assert "bank_account_number_encrypted" not in emp, f"Employee {emp.get('name')} has encrypted bank in list"
E   AssertionError: Employee Test Enterprise Employee has encrypted bank in list
E   assert 'bank_account_number_encrypted' not in {'account_holder_name': 'Test Enterprise Employee', 'address': '123 Test Street', 'audit_count': 3, 'bank_account_number_encrypted': 'Z0FBQUFBQnBrR0NiVWFETHhpX0l6TDlKcVlUS0lnUTQ3Y28tUHUyWlI5MVVRM2xYZnJWZ0pwd2NkYk94ZTg0aUxtenN0QnFuY2c0LUl6d1UxTm5NQk5TY3lLbnZwMU5qNEIxWEQ0YTJDUzUzVk5SZDV2MTNCMk09', ...}</failure></testcase><testcase classname="tests.test_hr_enterprise_readiness.TestDocumentRBAC" name="test_ceo_can_access_all_documents" time="0.629" /><testcase classname="tests.test_hr_enterprise_readiness.TestDocumentRBAC" name="test_create_document_hr_only" time="0.123" /><testcase classname="tests.test_hr_enterprise_readiness.TestDocumentRBAC" name="test_sensitive_document_types_defined" time="0.248" /><testcase classname="tests.test_hr_enterprise_readiness.TestPayrollActiveFiltering" name="test_payroll_preview_excludes_inactive" time="0.653" /><testcase classname="tests.test_hr_enterprise_readiness.TestPayrollActiveFiltering" name="test_employee_payroll_active_toggle" time="0.415" /><testcase classname="tests.test_hr_enterprise_readiness.TestStorageStrategy" name="test_storage_service_exists" time="0.000"><failure message="Failed: Storage service not found: No module named 'services'">tests/test_hr_enterprise_readiness.py:358: in test_storage_service_exists
    from services.storage_service import get_storage_service
E   ModuleNotFoundError: No module named 'services'

During handling of the above exception, another exception occurred:
tests/test_hr_enterprise_readiness.py:363: in test_storage_service_exists
    pytest.fail(f"Storage service not found: {e}")
E   Failed: Storage service not found: No module named 'services'</failure></testcase><testcase classname="tests.test_hr_enterprise_readiness.TestAPISecurityChecks" name="test_employee_api_excludes_sensitive_fields" time="0.592"><failure message="AssertionError: Sensitive field 'bank_account_number_encrypted' should not be in response&#10;assert 'bank_account_number_encrypted' not in {'account_holder_name': 'Test Enterprise Employee', 'address': '123 Test Street', 'attendance': [], 'audit_history': [{'action': 'update', 'entity_id': '896f6893-2175-4328-a7ae-9031b08b7db9', 'entity_type': 'employee', 'id': '24b0e025-1280-42cc-9707-b3360e708fa8', ...}, {'action': 'update', 'entity_id': '896f6893-2175-4328-a7ae-9031b08b7db9', 'entity_type': 'employee', 'id': '88c03059-df41-47c2-8213-53e3c59ff6b4', ...}, {'action': 'update', 'entity_id': '896f6893-2175-4328-a7ae-9031b08b7db9', 'entity_type': 'employee', 'id': '5536bab1-ce82-41bd-911f-600a0546e03e', ...}, {'action': 'bank_details_update', 'entity_id': '896f6893-2175-4328-a7ae-9031b08b7db9', 'entity_type': 'employee', 'id': '8e6bb1ab-7449-413c-a83c-ed38003146aa', ...}, {'action': 'create', 'entity_id': '896f6893-2175-4328-a7ae-9031b08b7db9', 'entity_type': 'employee', 'id': '8ee7d935-75b5-4e37-8175-dd8d35c9a625', ...}], ...}">tests/test_hr_enterprise_readiness.py:380: in test_employee_api_excludes_sensitive_fields
    assert field not in emp, f"Sensitive field '{field}' should not be in response"
E   AssertionError: Sensitive field 'bank_account_number_encrypted' should not be in response
E   assert 'bank_account_number_encrypted' not in {'account_holder_name': 'Test Enterprise Employee', 'address': '123 Test Street', 'attendance': [], 'audit_history': [{'action': 'update', 'entity_id': '896f6893-2175-4328-a7ae-9031b08b7db9', 'entity_type': 'employee', 'id': '24b0e025-1280-42cc-9707-b3360e708fa8', ...}, {'action': 'update', 'entity_id': '896f6893-2175-4328-a7ae-9031b08b7db9', 'entity_type': 'employee', 'id': '88c03059-df41-47c2-8213-53e3c59ff6b4', ...}, {'action': 'update', 'entity_id': '896f6893-2175-4328-a7ae-9031b08b7db9', 'entity_type': 'employee', 'id': '5536bab1-ce82-41bd-911f-600a0546e03e', ...}, {'action': 'bank_details_update', 'entity_id': '896f6893-2175-4328-a7ae-9031b08b7db9', 'entity_type': 'employee', 'id': '8e6bb1ab-7449-413c-a83c-ed38003146aa', ...}, {'action': 'create', 'entity_id': '896f6893-2175-4328-a7ae-9031b08b7db9', 'entity_type': 'employee', 'id': '8ee7d935-75b5-4e37-8175-dd8d35c9a625', ...}], ...}</failure></testcase><testcase classname="tests.test_hr_enterprise_readiness.TestAPISecurityChecks" name="test_employee_list_excludes_sensitive_fields" time="0.195"><failure message="AssertionError: encrypted bank in employee list&#10;assert 'bank_account_number_encrypted' not in {'account_holder_name': 'Test Enterprise Employee', 'address': '123 Test Street', 'audit_count': 5, 'bank_account_number_encrypted': 'Z0FBQUFBQnBrR0NiVWFETHhpX0l6TDlKcVlUS0lnUTQ3Y28tUHUyWlI5MVVRM2xYZnJWZ0pwd2NkYk94ZTg0aUxtenN0QnFuY2c0LUl6d1UxTm5NQk5TY3lLbnZwMU5qNEIxWEQ0YTJDUzUzVk5SZDV2MTNCMk09', ...}">tests/test_hr_enterprise_readiness.py:393: in test_employee_list_excludes_sensitive_fields
    assert "bank_account_number_encrypted" not in emp, f"encrypted bank in employee list"
E   AssertionError: encrypted bank in employee list
E   assert 'bank_account_number_encrypted' not in {'account_holder_name': 'Test Enterprise Employee', 'address': '123 Test Street', 'audit_count': 5, 'bank_account_number_encrypted': 'Z0FBQUFBQnBrR0NiVWFETHhpX0l6TDlKcVlUS0lnUTQ3Y28tUHUyWlI5MVVRM2xYZnJWZ0pwd2NkYk94ZTg0aUxtenN0QnFuY2c0LUl6d1UxTm5NQk5TY3lLbnZwMU5qNEIxWEQ0YTJDUzUzVk5SZDV2MTNCMk09', ...}</failure></testcase></testsuite></testsuites>