<?xml version="1.0" encoding="utf-8"?><testsuites name="pytest tests"><testsuite name="pytest" errors="0" failures="0" skipped="0" tests="11" time="4.462" timestamp="2026-02-28T17:46:11.767003+00:00" hostname="agent-env-799b9c9c-1b1a-4ef7-9cb6-5af84e16531c"><testcase classname="backend.tests.test_credit_score.TestCreditScoreEndpoints" name="test_get_credit_score_endpoint_exists" time="0.640" /><testcase classname="backend.tests.test_credit_score.TestCreditScoreEndpoints" name="test_get_credit_score_invalid_lead_id" time="0.060" /><testcase classname="backend.tests.test_credit_score.TestCreditScoreEndpoints" name="test_request_otp_endpoint_exists" time="0.948" /><testcase classname="backend.tests.test_credit_score.TestCreditScoreEndpoints" name="test_request_otp_invalid_lead_id" time="0.050" /><testcase classname="backend.tests.test_credit_score.TestCreditScoreEndpoints" name="test_request_otp_validation_pan_format" time="0.827" /><testcase classname="backend.tests.test_credit_score.TestCreditScoreEndpoints" name="test_verify_otp_endpoint_exists" time="0.810" /><testcase classname="backend.tests.test_credit_score.TestCreditScoreEndpoints" name="test_verify_otp_invalid_lead_id" time="0.068" /><testcase classname="backend.tests.test_credit_score.TestCreditScoreDataStructure" name="test_loan_lead_has_credit_score_field" time="0.057" /><testcase classname="backend.tests.test_credit_score.TestCreditScoreDataStructure" name="test_loan_leads_list_includes_credit_score" time="0.068" /><testcase classname="backend.tests.test_credit_score.TestCreditScoreColorCoding" name="test_score_color_logic" time="0.000" /><testcase classname="backend.tests.test_credit_score.TestCreditScoreAPIConfiguration" name="test_experian_credentials_configured" time="0.879" /></testsuite></testsuites>