<?xml version="1.0" encoding="utf-8"?><testsuites name="pytest tests"><testsuite name="pytest" errors="0" failures="0" skipped="0" tests="18" time="7.404" timestamp="2026-02-19T05:17:13.010263+00:00" hostname="agent-env-e5a55ebb-50c6-4ce6-9bca-5deaf4c0dfde"><testcase classname="backend.tests.test_customers_enhanced.TestCustomersEnhancedAPI" name="test_get_customers_returns_enriched_data" time="0.582" /><testcase classname="backend.tests.test_customers_enhanced.TestCustomersEnhancedAPI" name="test_get_customers_with_search_filter" time="0.474" /><testcase classname="backend.tests.test_customers_enhanced.TestCustomersEnhancedAPI" name="test_get_customers_with_city_filter" time="0.459" /><testcase classname="backend.tests.test_customers_enhanced.TestCustomersEnhancedAPI" name="test_get_customers_with_payment_status_filter" time="0.434" /><testcase classname="backend.tests.test_customers_enhanced.TestCustomersEnhancedAPI" name="test_get_customer_by_id_success" time="0.441" /><testcase classname="backend.tests.test_customers_enhanced.TestCustomersEnhancedAPI" name="test_get_customer_by_id_not_found" time="0.487" /><testcase classname="backend.tests.test_customers_enhanced.TestCustomersEnhancedAPI" name="test_get_detailed_payments_success" time="0.507" /><testcase classname="backend.tests.test_customers_enhanced.TestCustomersEnhancedAPI" name="test_get_detailed_payments_not_found" time="0.470" /><testcase classname="backend.tests.test_customers_enhanced.TestCustomersEnhancedAPI" name="test_add_note_success" time="0.480" /><testcase classname="backend.tests.test_customers_enhanced.TestCustomersEnhancedAPI" name="test_add_note_not_found" time="0.444" /><testcase classname="backend.tests.test_customers_enhanced.TestCustomersEnhancedAPI" name="test_get_notes_success" time="0.532" /><testcase classname="backend.tests.test_customers_enhanced.TestCustomersEnhancedAPI" name="test_get_activities_success" time="0.526" /><testcase classname="backend.tests.test_customers_enhanced.TestCustomersEnhancedAPI" name="test_update_customer_success" time="0.596" /><testcase classname="backend.tests.test_customers_enhanced.TestCustomersEnhancedAPI" name="test_update_customer_not_found" time="0.440" /><testcase classname="backend.tests.test_customers_enhanced.TestCustomersUnauthorized" name="test_get_customers_unauthorized" time="0.111" /><testcase classname="backend.tests.test_customers_enhanced.TestCustomersUnauthorized" name="test_get_customer_notes_unauthorized" time="0.104" /><testcase classname="backend.tests.test_customers_enhanced.TestCustomersUnauthorized" name="test_add_customer_note_unauthorized" time="0.116" /><testcase classname="backend.tests.test_customers_enhanced.TestCustomersUnauthorized" name="test_get_detailed_payments_unauthorized" time="0.114" /></testsuite></testsuites>