<?xml version="1.0" encoding="utf-8"?><testsuites name="pytest tests"><testsuite name="pytest" errors="0" failures="0" skipped="0" tests="8" time="3.856" timestamp="2026-02-14T12:53:18.350759+00:00" hostname="agent-env-f49056ef-6576-45af-b6e7-a1859de494ab"><testcase classname="backend.tests.test_attendance_marking_bug.TestAttendanceMarkingBugFix" name="test_01_mark_attendance_present" time="0.874" /><testcase classname="backend.tests.test_attendance_marking_bug.TestAttendanceMarkingBugFix" name="test_02_mark_attendance_absent" time="0.304" /><testcase classname="backend.tests.test_attendance_marking_bug.TestAttendanceMarkingBugFix" name="test_03_mark_attendance_half_day" time="0.333" /><testcase classname="backend.tests.test_attendance_marking_bug.TestAttendanceMarkingBugFix" name="test_04_mark_attendance_late" time="0.325" /><testcase classname="backend.tests.test_attendance_marking_bug.TestAttendanceMarkingBugFix" name="test_05_mark_attendance_on_leave" time="0.273" /><testcase classname="backend.tests.test_attendance_marking_bug.TestAttendanceMarkingBugFix" name="test_06_restore_to_present" time="0.967" /><testcase classname="backend.tests.test_attendance_marking_bug.TestTodayAttendanceBadgeInEmployeeList" name="test_employee_list_includes_today_attendance_field" time="0.533" /><testcase classname="backend.tests.test_attendance_marking_bug.TestTodayAttendanceBadgeInEmployeeList" name="test_active_employees_show_attendance_badge" time="0.195" /></testsuite></testsuites>