<?xml version="1.0" encoding="utf-8"?><testsuites name="pytest tests"><testsuite name="pytest" errors="0" failures="0" skipped="0" tests="15" time="8.832" timestamp="2026-02-13T18:57:22.449880+00:00" hostname="agent-env-9bbc769a-edef-494d-9623-eba4637c6bd6"><testcase classname="backend.tests.test_v2_rbac.TestAuthentication" name="test_ceo_login_success" time="0.508" /><testcase classname="backend.tests.test_v2_rbac.TestAuthentication" name="test_sales_exec_login_success" time="0.371" /><testcase classname="backend.tests.test_v2_rbac.TestAuthentication" name="test_hr_login_success" time="0.371" /><testcase classname="backend.tests.test_v2_rbac.TestAuthentication" name="test_invalid_credentials" time="0.205" /><testcase classname="backend.tests.test_v2_rbac.TestRBACVisibleTabs" name="test_ceo_visible_tabs" time="1.404" /><testcase classname="backend.tests.test_v2_rbac.TestRBACVisibleTabs" name="test_sales_exec_visible_tabs" time="0.475" /><testcase classname="backend.tests.test_v2_rbac.TestRBACVisibleTabs" name="test_hr_visible_tabs" time="0.545" /><testcase classname="backend.tests.test_v2_rbac.TestLeadsDataFiltering" name="test_ceo_sees_all_leads" time="0.553" /><testcase classname="backend.tests.test_v2_rbac.TestLeadsDataFiltering" name="test_sales_exec_sees_own_leads" time="0.488" /><testcase classname="backend.tests.test_v2_rbac.TestLeadsDataFiltering" name="test_leads_have_assigned_to_name" time="0.535" /><testcase classname="backend.tests.test_v2_rbac.TestLeadsDataFiltering" name="test_facebook_instagram_leads_have_ad_id" time="0.521" /><testcase classname="backend.tests.test_v2_rbac.TestDashboardStats" name="test_dashboard_stats_correct" time="0.493" /><testcase classname="backend.tests.test_v2_rbac.TestLeadReassignment" name="test_reassign_requires_reason" time="1.031" /><testcase classname="backend.tests.test_v2_rbac.TestLeadReassignment" name="test_sales_exec_cannot_reassign" time="0.646" /><testcase classname="backend.tests.test_v2_rbac.TestUserInfo" name="test_user_info_complete" time="0.549" /></testsuite></testsuites>