<?xml version="1.0" encoding="utf-8"?><testsuites name="pytest tests"><testsuite name="pytest" errors="0" failures="0" skipped="0" tests="15" time="7.047" timestamp="2026-02-14T11:16:47.940049+00:00" hostname="agent-env-413b16c3-756c-4bc3-9b35-1048a294ad7c"><testcase classname="backend.tests.test_payroll_batch.TestPayrollBatchWorkflow" name="test_01_login_success" time="0.701" /><testcase classname="backend.tests.test_payroll_batch.TestPayrollBatchWorkflow" name="test_02_get_countries" time="0.403" /><testcase classname="backend.tests.test_payroll_batch.TestPayrollBatchWorkflow" name="test_03_get_payroll_batches" time="0.565" /><testcase classname="backend.tests.test_payroll_batch.TestPayrollBatchWorkflow" name="test_04_preview_payroll" time="0.395" /><testcase classname="backend.tests.test_payroll_batch.TestPayrollBatchWorkflow" name="test_05_create_batch_workflow" time="0.538" /><testcase classname="backend.tests.test_payroll_batch.TestPayrollBatchWorkflow" name="test_06_get_batch_details" time="0.373" /><testcase classname="backend.tests.test_payroll_batch.TestPayrollBatchWorkflow" name="test_07_edit_draft_record" time="0.382" /><testcase classname="backend.tests.test_payroll_batch.TestPayrollBatchWorkflow" name="test_08_confirm_batch" time="0.379" /><testcase classname="backend.tests.test_payroll_batch.TestPayrollBatchWorkflow" name="test_09_cannot_edit_confirmed_batch" time="0.441" /><testcase classname="backend.tests.test_payroll_batch.TestPayrollBatchWorkflow" name="test_10_mark_batch_paid" time="0.407" /><testcase classname="backend.tests.test_payroll_batch.TestPayrollBatchWorkflow" name="test_11_generate_payslip_for_confirmed_record" time="0.676" /><testcase classname="backend.tests.test_payroll_batch.TestPayrollBatchFilters" name="test_filter_by_country" time="0.414" /><testcase classname="backend.tests.test_payroll_batch.TestPayrollBatchFilters" name="test_filter_by_year" time="0.432" /><testcase classname="backend.tests.test_payroll_batch.TestPayrollBatchFilters" name="test_filter_by_status" time="0.492" /><testcase classname="backend.tests.test_payroll_batch.TestPayrollBatchFilters" name="test_combined_filters" time="0.393" /></testsuite></testsuites>